[I 07:58:04.053 NotebookApp] Writing notebook server cookie secret to /run/user/1000/jupyter/notebook_cookie_secret
[I 07:58:42.439 NotebookApp] Serving notebooks from local directory: /home/ubuntu/Projects/.Repositories/kgl_balmersPeak/imaterialist
[I 07:58:42.439 NotebookApp] 0 active kernels 
[I 07:58:42.439 NotebookApp] The Jupyter Notebook is running at: https://[all ip addresses on your system]:8888/
[I 07:58:42.439 NotebookApp] Use Control-C to stop this server and shut down all kernels (twice to skip confirmation).
[I 07:58:53.874 NotebookApp] 302 GET / (210.84.24.239) 0.62ms
[I 07:58:54.120 NotebookApp] 302 GET /tree? (210.84.24.239) 0.99ms
[I 07:59:03.411 NotebookApp] 302 POST /login?next=%2Ftree%3F (210.84.24.239) 1.18ms
[I 07:59:34.442 NotebookApp] Kernel started: e2427dcb-ba53-437a-b693-19a2458f0db9
[I 08:01:34.780 NotebookApp] Saving file at /python first look and load data.ipynb
[I 08:03:34.777 NotebookApp] Saving file at /python first look and load data.ipynb
[I 08:05:34.776 NotebookApp] Saving file at /python first look and load data.ipynb
[I 08:07:34.777 NotebookApp] Saving file at /python first look and load data.ipynb
[I 08:09:34.777 NotebookApp] Saving file at /python first look and load data.ipynb
[I 08:11:34.854 NotebookApp] Saving file at /python first look and load data.ipynb
[I 08:13:34.852 NotebookApp] Saving file at /python first look and load data.ipynb
[I 08:15:34.851 NotebookApp] Saving file at /python first look and load data.ipynb
[I 08:17:34.855 NotebookApp] Saving file at /python first look and load data.ipynb
[I 08:19:34.852 NotebookApp] Saving file at /python first look and load data.ipynb
[I 08:21:34.770 NotebookApp] Saving file at /python first look and load data.ipynb
[I 08:23:34.771 NotebookApp] Saving file at /python first look and load data.ipynb
[I 08:25:34.771 NotebookApp] Saving file at /python first look and load data.ipynb
[I 08:27:34.767 NotebookApp] Saving file at /python first look and load data.ipynb
[I 08:29:34.766 NotebookApp] Saving file at /python first look and load data.ipynb
[I 08:31:34.764 NotebookApp] Saving file at /python first look and load data.ipynb
[I 08:33:34.764 NotebookApp] Saving file at /python first look and load data.ipynb
[I 08:35:34.762 NotebookApp] Saving file at /python first look and load data.ipynb
[I 08:37:34.761 NotebookApp] Saving file at /python first look and load data.ipynb
[I 08:39:34.762 NotebookApp] Saving file at /python first look and load data.ipynb
[I 08:41:34.761 NotebookApp] Saving file at /python first look and load data.ipynb
[I 08:43:34.760 NotebookApp] Saving file at /python first look and load data.ipynb
[I 08:45:34.759 NotebookApp] Saving file at /python first look and load data.ipynb
[I 08:47:34.760 NotebookApp] Saving file at /python first look and load data.ipynb
[I 08:49:34.759 NotebookApp] Saving file at /python first look and load data.ipynb
[I 08:51:34.760 NotebookApp] Saving file at /python first look and load data.ipynb
[I 08:53:34.759 NotebookApp] Saving file at /python first look and load data.ipynb
[I 08:55:34.759 NotebookApp] Saving file at /python first look and load data.ipynb
[I 08:57:34.758 NotebookApp] Saving file at /python first look and load data.ipynb
[I 08:59:34.758 NotebookApp] Saving file at /python first look and load data.ipynb
[I 09:01:34.755 NotebookApp] Saving file at /python first look and load data.ipynb
[I 09:03:34.751 NotebookApp] Saving file at /python first look and load data.ipynb
[I 09:05:34.747 NotebookApp] Saving file at /python first look and load data.ipynb
[I 09:07:37.523 NotebookApp] Saving file at /python first look and load data.ipynb
[I 09:09:36.908 NotebookApp] Saving file at /python first look and load data.ipynb
[I 09:11:34.938 NotebookApp] Saving file at /python first look and load data.ipynb
[I 09:13:35.003 NotebookApp] Saving file at /python first look and load data.ipynb
[I 09:15:34.737 NotebookApp] Saving file at /python first look and load data.ipynb
[I 09:25:35.244 NotebookApp] Saving file at /python first look and load data.ipynb
[I 09:27:34.738 NotebookApp] Saving file at /python first look and load data.ipynb
[I 09:27:41.100 NotebookApp] Saving file at /python first look and load data.ipynb
[I 09:28:05.862 NotebookApp] Saving file at /python first look and load data.ipynb
[I 09:28:19.428 NotebookApp] Saving file at /python first look and load data.ipynb
[I 09:29:34.821 NotebookApp] Saving file at /python first look and load data.ipynb
[I 09:30:57.768 NotebookApp] Saving file at /python first look and load data.ipynb
[I 09:31:07.416 NotebookApp] Saving file at /python first look and load data.ipynb
[I 09:43:00.004 NotebookApp] Creating new notebook in 
[I 09:43:04.101 NotebookApp] Kernel started: dc1532f7-9b80-408e-ae83-4c18e02dd78b
[I 09:43:38.740 NotebookApp] Saving file at /python first look and load data.ipynb
[I 09:43:38.855 NotebookApp] Saving file at /python first look and load data.ipynb
[I 09:43:40.547 NotebookApp] Saving file at /python first look and load data.ipynb
[I 09:45:04.718 NotebookApp] Saving file at /python load from s3.ipynb
[I 09:46:09.444 NotebookApp] Saving file at /python first look and load data.ipynb
[I 09:49:30.892 NotebookApp] Saving file at /python first look and load data.ipynb
[I 09:49:34.739 NotebookApp] Saving file at /python first look and load data.ipynb
[I 09:51:34.746 NotebookApp] Saving file at /python first look and load data.ipynb
[I 09:53:34.751 NotebookApp] Saving file at /python first look and load data.ipynb
[I 09:55:34.751 NotebookApp] Saving file at /python first look and load data.ipynb
[I 09:56:34.195 NotebookApp] Saving file at /python first look and load data.ipynb
[I 09:56:43.766 NotebookApp] Saving file at /python first look and load data.ipynb
[I 09:56:46.973 NotebookApp] Saving file at /python first look and load data.ipynb
[I 09:57:34.745 NotebookApp] Saving file at /python first look and load data.ipynb
[I 09:57:37.168 NotebookApp] Kernel interrupted: e2427dcb-ba53-437a-b693-19a2458f0db9
[I 09:57:43.960 NotebookApp] Saving file at /python first look and load data.ipynb
[I 09:58:38.600 NotebookApp] Saving file at /python first look and load data.ipynb
[I 09:58:40.257 NotebookApp] Saving file at /python first look and load data.ipynb
[I 09:58:40.793 NotebookApp] Saving file at /python first look and load data.ipynb
[I 09:58:40.858 NotebookApp] Saving file at /python first look and load data.ipynb
[I 09:58:41.434 NotebookApp] Saving file at /python first look and load data.ipynb
[I 09:58:42.032 NotebookApp] Saving file at /python first look and load data.ipynb
[I 09:59:09.603 NotebookApp] Kernel interrupted: e2427dcb-ba53-437a-b693-19a2458f0db9
[I 09:59:15.799 NotebookApp] Saving file at /python first look and load data.ipynb
[I 09:59:24.949 NotebookApp] Saving file at /python first look and load data.ipynb
[I 10:03:34.817 NotebookApp] Saving file at /python first look and load data.ipynb
[I 10:08:05.105 NotebookApp] Saving file at /python first look and load data.ipynb
[I 10:08:06.044 NotebookApp] Saving file at /python first look and load data.ipynb
[I 10:08:06.321 NotebookApp] Saving file at /python first look and load data.ipynb
[I 10:09:34.814 NotebookApp] Saving file at /python first look and load data.ipynb
[I 10:14:21.696 NotebookApp] Saving file at /python first look and load data.ipynb
[I 10:14:41.428 NotebookApp] Saving file at /python first look and load data.ipynb
[I 10:14:43.194 NotebookApp] Saving file at /python first look and load data.ipynb
[I 10:15:14.330 NotebookApp] Saving file at /python first look and load data.ipynb
[I 10:15:59.621 NotebookApp] Saving file at /python first look and load data.ipynb
[I 10:17:34.852 NotebookApp] Saving file at /python first look and load data.ipynb
[I 10:19:34.734 NotebookApp] Saving file at /python first look and load data.ipynb
[I 10:20:12.905 NotebookApp] Saving file at /python first look and load data.ipynb
[I 10:21:34.731 NotebookApp] Saving file at /python first look and load data.ipynb
[I 10:23:34.730 NotebookApp] Saving file at /python first look and load data.ipynb
[I 10:25:34.730 NotebookApp] Saving file at /python first look and load data.ipynb
[I 10:27:34.729 NotebookApp] Saving file at /python first look and load data.ipynb
[I 10:29:35.013 NotebookApp] Saving file at /python first look and load data.ipynb
[I 10:31:34.807 NotebookApp] Saving file at /python first look and load data.ipynb
[I 10:33:34.835 NotebookApp] Saving file at /python first look and load data.ipynb
[I 10:35:34.805 NotebookApp] Saving file at /python first look and load data.ipynb
[I 10:37:34.804 NotebookApp] Saving file at /python first look and load data.ipynb
[I 10:39:34.725 NotebookApp] Saving file at /python first look and load data.ipynb
[I 10:41:34.721 NotebookApp] Saving file at /python first look and load data.ipynb
[I 10:43:36.307 NotebookApp] Saving file at /python first look and load data.ipynb
[I 10:45:34.890 NotebookApp] Saving file at /python first look and load data.ipynb
[I 10:47:34.718 NotebookApp] Saving file at /python first look and load data.ipynb
[I 10:49:34.716 NotebookApp] Saving file at /python first look and load data.ipynb
[I 10:51:34.724 NotebookApp] Saving file at /python first look and load data.ipynb
[I 10:53:34.792 NotebookApp] Saving file at /python first look and load data.ipynb
[I 10:55:34.791 NotebookApp] Saving file at /python first look and load data.ipynb
[I 10:57:34.794 NotebookApp] Saving file at /python first look and load data.ipynb
[I 10:59:34.789 NotebookApp] Saving file at /python first look and load data.ipynb
[I 11:01:34.789 NotebookApp] Saving file at /python first look and load data.ipynb
[I 11:03:34.789 NotebookApp] Saving file at /python first look and load data.ipynb
[I 11:05:34.786 NotebookApp] Saving file at /python first look and load data.ipynb
[I 11:07:34.785 NotebookApp] Saving file at /python first look and load data.ipynb
[I 11:09:34.878 NotebookApp] Saving file at /python first look and load data.ipynb
[I 11:11:34.784 NotebookApp] Saving file at /python first look and load data.ipynb
[I 11:13:34.786 NotebookApp] Saving file at /python first look and load data.ipynb
[I 11:15:34.782 NotebookApp] Saving file at /python first look and load data.ipynb
[I 11:17:34.782 NotebookApp] Saving file at /python first look and load data.ipynb
[I 11:19:34.820 NotebookApp] Saving file at /python first look and load data.ipynb
[I 11:21:34.784 NotebookApp] Saving file at /python first look and load data.ipynb
[I 11:23:34.781 NotebookApp] Saving file at /python first look and load data.ipynb
[I 11:25:34.782 NotebookApp] Saving file at /python first look and load data.ipynb
[I 11:27:34.779 NotebookApp] Saving file at /python first look and load data.ipynb
[I 11:29:34.778 NotebookApp] Saving file at /python first look and load data.ipynb
[I 11:31:34.777 NotebookApp] Saving file at /python first look and load data.ipynb
[I 11:33:34.814 NotebookApp] Saving file at /python first look and load data.ipynb
[I 11:35:34.777 NotebookApp] Saving file at /python first look and load data.ipynb
[I 11:37:34.775 NotebookApp] Saving file at /python first look and load data.ipynb
[I 11:39:34.694 NotebookApp] Saving file at /python first look and load data.ipynb
[I 11:41:34.694 NotebookApp] Saving file at /python first look and load data.ipynb
[I 11:43:34.692 NotebookApp] Saving file at /python first look and load data.ipynb
[I 11:45:35.164 NotebookApp] Saving file at /python first look and load data.ipynb
[I 11:47:34.691 NotebookApp] Saving file at /python first look and load data.ipynb
[I 11:49:34.690 NotebookApp] Saving file at /python first look and load data.ipynb
[I 11:51:34.689 NotebookApp] Saving file at /python first look and load data.ipynb
[I 11:53:34.686 NotebookApp] Saving file at /python first look and load data.ipynb
[I 11:55:34.684 NotebookApp] Saving file at /python first look and load data.ipynb
[I 11:57:34.684 NotebookApp] Saving file at /python first look and load data.ipynb
[I 11:59:34.682 NotebookApp] Saving file at /python first look and load data.ipynb
[I 12:01:34.680 NotebookApp] Saving file at /python first look and load data.ipynb
[I 12:03:34.681 NotebookApp] Saving file at /python first look and load data.ipynb
[I 12:05:34.678 NotebookApp] Saving file at /python first look and load data.ipynb
[I 12:07:34.678 NotebookApp] Saving file at /python first look and load data.ipynb
[I 12:09:34.676 NotebookApp] Saving file at /python first look and load data.ipynb
[I 12:11:34.675 NotebookApp] Saving file at /python first look and load data.ipynb
[I 12:13:34.674 NotebookApp] Saving file at /python first look and load data.ipynb
[I 12:15:34.673 NotebookApp] Saving file at /python first look and load data.ipynb
[I 12:17:34.671 NotebookApp] Saving file at /python first look and load data.ipynb
[I 12:19:34.671 NotebookApp] Saving file at /python first look and load data.ipynb
[I 12:21:34.670 NotebookApp] Saving file at /python first look and load data.ipynb
[I 12:23:34.669 NotebookApp] Saving file at /python first look and load data.ipynb
[I 12:25:34.669 NotebookApp] Saving file at /python first look and load data.ipynb
[I 12:27:34.668 NotebookApp] Saving file at /python first look and load data.ipynb
[I 12:29:34.747 NotebookApp] Saving file at /python first look and load data.ipynb
[I 12:31:34.746 NotebookApp] Saving file at /python first look and load data.ipynb
[I 12:33:34.747 NotebookApp] Saving file at /python first look and load data.ipynb
[I 12:35:34.746 NotebookApp] Saving file at /python first look and load data.ipynb
[I 12:37:34.745 NotebookApp] Saving file at /python first look and load data.ipynb
[I 12:39:34.744 NotebookApp] Saving file at /python first look and load data.ipynb
[I 12:41:34.745 NotebookApp] Saving file at /python first look and load data.ipynb
[I 12:43:36.610 NotebookApp] Saving file at /python first look and load data.ipynb
[I 12:45:37.864 NotebookApp] Saving file at /python first look and load data.ipynb
[I 12:47:36.501 NotebookApp] Saving file at /python first look and load data.ipynb
[I 12:49:35.480 NotebookApp] Saving file at /python first look and load data.ipynb
[I 12:51:35.524 NotebookApp] Saving file at /python first look and load data.ipynb
[I 12:53:34.919 NotebookApp] Saving file at /python first look and load data.ipynb
[I 12:55:34.736 NotebookApp] Saving file at /python first look and load data.ipynb
[I 12:57:34.735 NotebookApp] Saving file at /python first look and load data.ipynb
[I 12:59:34.735 NotebookApp] Saving file at /python first look and load data.ipynb
[I 13:01:34.733 NotebookApp] Saving file at /python first look and load data.ipynb
[I 13:03:34.650 NotebookApp] Saving file at /python first look and load data.ipynb
[I 13:05:34.658 NotebookApp] Saving file at /python first look and load data.ipynb
[I 13:07:34.649 NotebookApp] Saving file at /python first look and load data.ipynb
[I 13:09:34.649 NotebookApp] Saving file at /python first look and load data.ipynb
[I 13:11:34.646 NotebookApp] Saving file at /python first look and load data.ipynb
[I 13:13:34.646 NotebookApp] Saving file at /python first look and load data.ipynb
[I 13:15:34.645 NotebookApp] Saving file at /python first look and load data.ipynb
[I 13:17:34.644 NotebookApp] Saving file at /python first look and load data.ipynb
[I 13:19:34.642 NotebookApp] Saving file at /python first look and load data.ipynb
[I 13:21:34.641 NotebookApp] Saving file at /python first look and load data.ipynb
[I 13:23:34.640 NotebookApp] Saving file at /python first look and load data.ipynb
[I 13:25:34.639 NotebookApp] Saving file at /python first look and load data.ipynb
[I 13:27:34.639 NotebookApp] Saving file at /python first look and load data.ipynb
[I 13:29:34.638 NotebookApp] Saving file at /python first look and load data.ipynb
[I 13:31:34.656 NotebookApp] Saving file at /python first look and load data.ipynb
[I 13:33:34.637 NotebookApp] Saving file at /python first look and load data.ipynb
[I 13:35:34.632 NotebookApp] Saving file at /python first look and load data.ipynb
[I 13:37:34.632 NotebookApp] Saving file at /python first look and load data.ipynb
[C 13:38:58.560 NotebookApp] received signal 15, stopping
[I 13:38:58.561 NotebookApp] Shutting down kernels
[I 13:38:58.663 NotebookApp] Kernel shutdown: e2427dcb-ba53-437a-b693-19a2458f0db9
[I 13:38:58.663 NotebookApp] Kernel shutdown: dc1532f7-9b80-408e-ae83-4c18e02dd78b
[I 07:43:20.656 NotebookApp] Writing notebook server cookie secret to /run/user/1000/jupyter/notebook_cookie_secret
[I 07:43:45.204 NotebookApp] Serving notebooks from local directory: /home/ubuntu/Projects/.Repositories/kgl_balmersPeak/imaterialist
[I 07:43:45.204 NotebookApp] 0 active kernels 
[I 07:43:45.204 NotebookApp] The Jupyter Notebook is running at: https://[all ip addresses on your system]:8888/
[I 07:43:45.204 NotebookApp] Use Control-C to stop this server and shut down all kernels (twice to skip confirmation).
[I 07:43:52.480 NotebookApp] 302 GET / (210.84.24.239) 0.64ms
[I 07:43:52.725 NotebookApp] 302 GET /tree? (210.84.24.239) 0.81ms
[I 07:44:01.881 NotebookApp] 302 POST /login?next=%2Ftree%3F (210.84.24.239) 1.14ms
[I 07:44:22.440 NotebookApp] Kernel started: 7ea672f4-5a9e-42b4-8405-67b5159cc7f3
[I 07:46:22.826 NotebookApp] Saving file at /python first look and load data.ipynb
[I 07:50:22.792 NotebookApp] Saving file at /python first look and load data.ipynb
[I 07:52:23.034 NotebookApp] Saving file at /python first look and load data.ipynb
[I 07:52:53.130 NotebookApp] Saving file at /python first look and load data.ipynb
[I 07:54:23.419 NotebookApp] Saving file at /python first look and load data.ipynb
[I 07:55:29.751 NotebookApp] Saving file at /python first look and load data.ipynb
[I 07:56:22.807 NotebookApp] Saving file at /python first look and load data.ipynb
[I 07:58:22.812 NotebookApp] Saving file at /python first look and load data.ipynb
[I 08:00:22.832 NotebookApp] Saving file at /python first look and load data.ipynb
[I 08:02:16.383 NotebookApp] Saving file at /python first look and load data.ipynb
[I 08:02:22.827 NotebookApp] Saving file at /python first look and load data.ipynb
[I 08:02:23.069 NotebookApp] Saving file at /python first look and load data.ipynb
[I 08:03:14.707 NotebookApp] Saving file at /python first look and load data.ipynb
[I 08:04:22.811 NotebookApp] Saving file at /python first look and load data.ipynb
[I 08:06:22.811 NotebookApp] Saving file at /python first look and load data.ipynb
[I 08:08:22.811 NotebookApp] Saving file at /python first look and load data.ipynb
[I 08:10:22.811 NotebookApp] Saving file at /python first look and load data.ipynb
[I 08:12:22.809 NotebookApp] Saving file at /python first look and load data.ipynb
[I 08:14:22.807 NotebookApp] Saving file at /python first look and load data.ipynb
[I 08:16:22.804 NotebookApp] Saving file at /python first look and load data.ipynb
[I 08:18:23.127 NotebookApp] Saving file at /python first look and load data.ipynb
[I 08:20:23.131 NotebookApp] Saving file at /python first look and load data.ipynb
[I 08:22:23.128 NotebookApp] Saving file at /python first look and load data.ipynb
[I 08:24:23.124 NotebookApp] Saving file at /python first look and load data.ipynb
[I 08:26:23.126 NotebookApp] Saving file at /python first look and load data.ipynb
[I 08:28:23.125 NotebookApp] Saving file at /python first look and load data.ipynb
[I 08:30:23.126 NotebookApp] Saving file at /python first look and load data.ipynb
[I 08:32:23.124 NotebookApp] Saving file at /python first look and load data.ipynb
[I 08:34:23.124 NotebookApp] Saving file at /python first look and load data.ipynb
[I 08:36:23.124 NotebookApp] Saving file at /python first look and load data.ipynb
[I 08:38:23.126 NotebookApp] Saving file at /python first look and load data.ipynb
[I 08:40:23.126 NotebookApp] Saving file at /python first look and load data.ipynb
[I 08:42:23.125 NotebookApp] Saving file at /python first look and load data.ipynb
[I 08:44:23.124 NotebookApp] Saving file at /python first look and load data.ipynb
[I 08:46:23.120 NotebookApp] Saving file at /python first look and load data.ipynb
[I 08:48:23.116 NotebookApp] Saving file at /python first look and load data.ipynb
[I 08:50:23.116 NotebookApp] Saving file at /python first look and load data.ipynb
[I 08:53:02.579 NotebookApp] Saving file at /python first look and load data.ipynb
[I 08:54:24.114 NotebookApp] Creating new notebook in 
[I 08:54:28.265 NotebookApp] Kernel started: 55ffae06-6098-4ed0-8312-da8222ec6e4d
[I 08:56:28.652 NotebookApp] Saving file at /python first play.ipynb
[I 08:58:20.960 NotebookApp] Saving file at /python first play.ipynb
[I 09:06:14.919 NotebookApp] Saving file at /python first play.ipynb
[I 09:06:28.537 NotebookApp] Saving file at /python first play.ipynb
[I 09:08:28.568 NotebookApp] Saving file at /python first play.ipynb
[I 09:10:29.051 NotebookApp] Saving file at /python first play.ipynb
[I 09:11:49.139 NotebookApp] Saving file at /python first play.ipynb
[I 09:14:28.580 NotebookApp] Saving file at /python first play.ipynb
[I 09:16:28.565 NotebookApp] Saving file at /python first play.ipynb
[I 09:18:28.614 NotebookApp] Saving file at /python first play.ipynb
[I 09:20:28.613 NotebookApp] Saving file at /python first play.ipynb
[I 09:22:28.612 NotebookApp] Saving file at /python first play.ipynb
[I 09:24:28.610 NotebookApp] Saving file at /python first play.ipynb
[I 09:26:28.608 NotebookApp] Saving file at /python first play.ipynb
[I 09:28:28.608 NotebookApp] Saving file at /python first play.ipynb
[I 09:30:28.641 NotebookApp] Saving file at /python first play.ipynb
[I 09:31:06.800 NotebookApp] Saving file at /python first play.ipynb
[I 09:32:04.081 NotebookApp] Saving file at /python first play.ipynb
[I 09:32:28.742 NotebookApp] Saving file at /python first play.ipynb
[I 09:32:42.622 NotebookApp] Saving file at /python first play.ipynb
[I 09:33:04.001 NotebookApp] Saving file at /python first play.ipynb
[I 09:33:37.964 NotebookApp] Saving file at /python first play.ipynb
[I 09:33:51.177 NotebookApp] Saving file at /python first play.ipynb
[I 09:33:54.400 NotebookApp] Saving file at /python first play.ipynb
[I 09:34:03.986 NotebookApp] Saving file at /python first play.ipynb
[I 09:34:28.766 NotebookApp] Saving file at /python first play.ipynb
[I 09:34:32.989 NotebookApp] Saving file at /python first play.ipynb
[I 09:34:34.152 NotebookApp] Saving file at /python first play.ipynb
[I 09:38:28.766 NotebookApp] Saving file at /python first play.ipynb
[I 09:38:46.998 NotebookApp] Saving file at /python first play.ipynb
[I 09:38:48.090 NotebookApp] Saving file at /python first play.ipynb
[I 09:38:51.219 NotebookApp] Saving file at /python first play.ipynb
[I 09:40:28.765 NotebookApp] Saving file at /python first play.ipynb
[I 09:40:31.013 NotebookApp] Saving file at /python first play.ipynb
[I 09:40:44.144 NotebookApp] Saving file at /python first play.ipynb
[I 09:40:52.943 NotebookApp] Saving file at /python first play.ipynb
[I 09:41:03.721 NotebookApp] Saving file at /python first play.ipynb
[I 09:41:05.488 NotebookApp] Saving file at /python first play.ipynb
[I 09:41:36.272 NotebookApp] Saving file at /python first play.ipynb
[I 09:41:47.177 NotebookApp] Saving file at /python first play.ipynb
[I 09:42:19.912 NotebookApp] Saving file at /python first play.ipynb
[I 09:42:26.609 NotebookApp] Saving file at /python first play.ipynb
[E 09:43:11.279 NotebookApp] Unhandled error in API request
    Traceback (most recent call last):
      File "/home/ubuntu/anaconda3/envs/tensorflow/lib/python3.5/site-packages/notebook/base/handlers.py", line 516, in wrapper
        result = yield gen.maybe_future(method(self, *args, **kwargs))
      File "/home/ubuntu/anaconda3/envs/tensorflow/lib/python3.5/site-packages/tornado/gen.py", line 1055, in run
        value = future.result()
      File "/home/ubuntu/anaconda3/envs/tensorflow/lib/python3.5/site-packages/tornado/concurrent.py", line 238, in result
        raise_exc_info(self._exc_info)
      File "<string>", line 4, in raise_exc_info
      File "/home/ubuntu/anaconda3/envs/tensorflow/lib/python3.5/site-packages/tornado/gen.py", line 307, in wrapper
        yielded = next(result)
      File "/home/ubuntu/anaconda3/envs/tensorflow/lib/python3.5/site-packages/notebook/services/contents/handlers.py", line 142, in patch
        model = yield gen.maybe_future(cm.update(model, path))
      File "/home/ubuntu/anaconda3/envs/tensorflow/lib/python3.5/site-packages/notebook/services/contents/manager.py", line 254, in update
        self.rename(path, new_path)
      File "/home/ubuntu/anaconda3/envs/tensorflow/lib/python3.5/site-packages/notebook/services/contents/manager.py", line 242, in rename
        self.rename_file(old_path, new_path)
      File "/home/ubuntu/anaconda3/envs/tensorflow/lib/python3.5/site-packages/notebook/services/contents/filemanager.py", line 489, in rename_file
        if os.path.exists(new_os_path) and not samefile(old_os_path, new_os_path):
      File "/home/ubuntu/anaconda3/envs/tensorflow/lib/python3.5/genericpath.py", line 90, in samefile
        s1 = os.stat(f1)
    FileNotFoundError: [Errno 2] No such file or directory: '/home/ubuntu/Projects/.Repositories/kgl_balmersPeak/imaterialist/python first play.ipynb'
[E 09:43:11.289 NotebookApp] {
      "Referer": "https://ec2-34-200-217-61.compute-1.amazonaws.com:8888/notebooks/python%20first%20play.ipynb",
      "Content-Length": "48",
      "Content-Type": "application/json",
      "Connection": "keep-alive",
      "X-Xsrftoken": "2|e80a50f0|949a2bdb3fb0b556d067a975355f1ff9|1496821432",
      "Accept-Language": "en-US,en;q=0.8",
      "Host": "ec2-34-200-217-61.compute-1.amazonaws.com:8888",
      "User-Agent": "Mozilla/5.0 (Windows NT 10.0; Win64; x64) AppleWebKit/537.36 (KHTML, like Gecko) Chrome/58.0.3029.110 Safari/537.36",
      "X-Requested-With": "XMLHttpRequest",
      "Cookie": "_xsrf=2|e80a50f0|949a2bdb3fb0b556d067a975355f1ff9|1496821432; username-ec2-34-200-217-61-compute-1-amazonaws-com-8888=\"2|1:0|10:1496821441|55:username-ec2-34-200-217-61-compute-1-amazonaws-com-8888|44:ZmVhMjFjMjAwNjNiNGZjZTgyYmQ4OWI5MDkyMDhiMWM=|30bdd9211982188175d4a0987f9ac63ae8a4eba3ea003c9869a84f5d1bd09f28\"",
      "Origin": "https://ec2-34-200-217-61.compute-1.amazonaws.com:8888",
      "Accept": "application/json, text/javascript, */*; q=0.01",
      "Accept-Encoding": "gzip, deflate, sdch, br"
    }
[E 09:43:11.290 NotebookApp] 500 PATCH /api/contents/python%20first%20play.ipynb (210.84.24.239) 10.83ms referer=https://ec2-34-200-217-61.compute-1.amazonaws.com:8888/notebooks/python%20first%20play.ipynb
[I 09:43:12.754 NotebookApp] Saving file at /python get and write dataframes.ipynb
[I 09:45:48.938 NotebookApp] Saving file at /python get and write dataframes.ipynb
[I 09:45:55.033 NotebookApp] Saving file at /python get and write dataframes.ipynb
[C 09:50:07.313 NotebookApp] received signal 15, stopping
[I 09:50:07.315 NotebookApp] Shutting down kernels
[I 09:50:07.416 NotebookApp] Kernel shutdown: 7ea672f4-5a9e-42b4-8405-67b5159cc7f3
[I 09:50:07.416 NotebookApp] Kernel shutdown: 55ffae06-6098-4ed0-8312-da8222ec6e4d
[I 08:29:32.899 NotebookApp] Writing notebook server cookie secret to /run/user/1000/jupyter/notebook_cookie_secret
[I 08:30:02.400 NotebookApp] Serving notebooks from local directory: /home/ubuntu/Projects/.Repositories/kgl_balmersPeak/imaterialist
[I 08:30:02.400 NotebookApp] 0 active kernels 
[I 08:30:02.400 NotebookApp] The Jupyter Notebook is running at: https://[all ip addresses on your system]:8888/
[I 08:30:02.401 NotebookApp] Use Control-C to stop this server and shut down all kernels (twice to skip confirmation).
[I 08:30:08.507 NotebookApp] 302 GET / (210.84.24.239) 0.63ms
[I 08:30:08.753 NotebookApp] 302 GET /tree? (210.84.24.239) 0.86ms
[W 08:30:51.551 NotebookApp] 401 POST /login?next=%2Ftree%3F (210.84.24.239) 1.65ms referer=https://ec2-52-23-181-20.compute-1.amazonaws.com:8888/login?next=%2Ftree%3F
[W 08:31:24.441 NotebookApp] 401 POST /login?next=%2Ftree%3F (210.84.24.239) 1.49ms referer=https://ec2-52-23-181-20.compute-1.amazonaws.com:8888/login?next=%2Ftree%3F
[I 08:31:45.342 NotebookApp] 302 POST /login?next=%2Ftree%3F (210.84.24.239) 1.11ms
[I 08:34:54.950 NotebookApp] Creating new notebook in 
[I 08:35:05.371 NotebookApp] Kernel started: 94e538ba-3600-4539-977c-e48d50979a27
[I 08:37:05.536 NotebookApp] Saving file at /Untitled.ipynb
[I 08:37:39.329 NotebookApp] Kernel started: 30ec25ab-8b97-4862-b84c-c39238eb2e79
[I 08:39:05.547 NotebookApp] Saving file at /python first analysis.ipynb
[I 08:40:07.083 NotebookApp] Kernel started: 945d0ce4-4718-4f2c-8e65-345a6b25fb2e
[I 08:41:05.563 NotebookApp] Saving file at /python first analysis.ipynb
[I 08:41:39.232 NotebookApp] Saving file at /python first analysis.ipynb
[I 09:49:05.528 NotebookApp] Saving file at /python first analysis.ipynb
[I 09:49:15.551 NotebookApp] Saving file at /python first analysis.ipynb
[I 09:51:05.639 NotebookApp] Saving file at /python first analysis.ipynb
[I 09:53:05.527 NotebookApp] Saving file at /python first analysis.ipynb
[I 09:53:53.376 NotebookApp] Saving file at /python first analysis.ipynb
[I 09:54:13.752 NotebookApp] Saving file at /python first analysis.ipynb
[I 09:54:20.119 NotebookApp] Saving file at /python first analysis.ipynb
[I 09:54:37.172 NotebookApp] Saving file at /python first analysis.ipynb
[I 09:55:05.541 NotebookApp] Saving file at /python first analysis.ipynb
[I 09:56:13.448 NotebookApp] Saving file at /python first analysis.ipynb
[I 09:56:18.416 NotebookApp] Saving file at /python first analysis.ipynb
[I 09:57:05.528 NotebookApp] Saving file at /python first analysis.ipynb
[I 09:57:09.960 NotebookApp] Saving file at /python first analysis.ipynb
[I 09:57:26.953 NotebookApp] Saving file at /python first analysis.ipynb
[I 09:58:20.982 NotebookApp] Saving file at /python first analysis.ipynb
[I 09:58:22.072 NotebookApp] Saving file at /python first analysis.ipynb
[I 09:58:22.130 NotebookApp] Saving file at /python first analysis.ipynb
[I 09:58:22.192 NotebookApp] Saving file at /python first analysis.ipynb
[I 09:58:38.559 NotebookApp] Saving file at /python first analysis.ipynb
[I 09:59:05.531 NotebookApp] Saving file at /python first analysis.ipynb
[I 09:59:48.249 NotebookApp] Saving file at /python first analysis.ipynb
[I 09:59:55.210 NotebookApp] Saving file at /python first analysis.ipynb
[I 10:00:00.873 NotebookApp] Saving file at /python first analysis.ipynb
Premature end of JPEG file
Premature end of JPEG file
Premature end of JPEG file
Premature end of JPEG file
Premature end of JPEG file
Premature end of JPEG file
Premature end of JPEG file
Premature end of JPEG file
Premature end of JPEG file
Premature end of JPEG file
Premature end of JPEG file
Premature end of JPEG file
Premature end of JPEG file
Premature end of JPEG file
Premature end of JPEG file
Premature end of JPEG file
Premature end of JPEG file
Premature end of JPEG file
Premature end of JPEG file
Premature end of JPEG file
Premature end of JPEG file
Premature end of JPEG file
Premature end of JPEG file
Premature end of JPEG file
Premature end of JPEG file
Premature end of JPEG file
Premature end of JPEG file
[I 10:01:05.526 NotebookApp] Saving file at /python first analysis.ipynb
Premature end of JPEG file
Premature end of JPEG file
Premature end of JPEG file
Premature end of JPEG file
Premature end of JPEG file
Premature end of JPEG file
Premature end of JPEG file
Premature end of JPEG file
Premature end of JPEG file
Premature end of JPEG file
Premature end of JPEG file
Premature end of JPEG file
Premature end of JPEG file
Premature end of JPEG file
Premature end of JPEG file
Premature end of JPEG file
Premature end of JPEG file
Premature end of JPEG file
Premature end of JPEG file
Premature end of JPEG file
Premature end of JPEG file
Premature end of JPEG file
Premature end of JPEG file
Premature end of JPEG file
Premature end of JPEG file
Premature end of JPEG file
Premature end of JPEG file
Premature end of JPEG file
Premature end of JPEG file
Premature end of JPEG file
Premature end of JPEG file
Premature end of JPEG file
Premature end of JPEG file
Premature end of JPEG file
Premature end of JPEG file
Premature end of JPEG file
Premature end of JPEG file
Premature end of JPEG file
Premature end of JPEG file
Premature end of JPEG file
Premature end of JPEG file
Premature end of JPEG file
Premature end of JPEG file
Premature end of JPEG file
Premature end of JPEG file
Premature end of JPEG file
Premature end of JPEG file
Premature end of JPEG file
Premature end of JPEG file
Premature end of JPEG file
Premature end of JPEG file
Premature end of JPEG file
Premature end of JPEG file
Premature end of JPEG file
Premature end of JPEG file
Premature end of JPEG file
[I 10:03:05.527 NotebookApp] Saving file at /python first analysis.ipynb
Premature end of JPEG file
Premature end of JPEG file
Premature end of JPEG file
Premature end of JPEG file
Premature end of JPEG file
Premature end of JPEG file
Premature end of JPEG file
Premature end of JPEG file
Premature end of JPEG file
Premature end of JPEG file
Premature end of JPEG file
Premature end of JPEG file
Premature end of JPEG file
Premature end of JPEG file
Premature end of JPEG file
Premature end of JPEG file
Premature end of JPEG file
Premature end of JPEG file
Premature end of JPEG file
Premature end of JPEG file
Premature end of JPEG file
Premature end of JPEG file
Premature end of JPEG file
Premature end of JPEG file
Premature end of JPEG file
Premature end of JPEG file
Premature end of JPEG file
Premature end of JPEG file
Premature end of JPEG file
Premature end of JPEG file
Premature end of JPEG file
Premature end of JPEG file
Premature end of JPEG file
Premature end of JPEG file
Premature end of JPEG file
Premature end of JPEG file
Premature end of JPEG file
Premature end of JPEG file
Premature end of JPEG file
Premature end of JPEG file
Premature end of JPEG file
Premature end of JPEG file
Premature end of JPEG file
Premature end of JPEG file
Premature end of JPEG file
Premature end of JPEG file
Premature end of JPEG file
Premature end of JPEG file
Premature end of JPEG file
Premature end of JPEG file
Premature end of JPEG file
Premature end of JPEG file
Premature end of JPEG file
Premature end of JPEG file
Premature end of JPEG file
[I 10:05:05.525 NotebookApp] Saving file at /python first analysis.ipynb
Premature end of JPEG file
Premature end of JPEG file
Premature end of JPEG file
Premature end of JPEG file
Premature end of JPEG file
Premature end of JPEG file
[I 10:05:22.150 NotebookApp] Saving file at /python first analysis.ipynb
Premature end of JPEG file
Premature end of JPEG file
Premature end of JPEG file
Premature end of JPEG file
Premature end of JPEG file
Premature end of JPEG file
Premature end of JPEG file
Premature end of JPEG file
Premature end of JPEG file
Premature end of JPEG file
Premature end of JPEG file
Premature end of JPEG file
Premature end of JPEG file
Premature end of JPEG file
Premature end of JPEG file
Premature end of JPEG file
Premature end of JPEG file
Premature end of JPEG file
Premature end of JPEG file
Premature end of JPEG file
Premature end of JPEG file
Premature end of JPEG file
Premature end of JPEG file
Premature end of JPEG file
Premature end of JPEG file
Premature end of JPEG file
Premature end of JPEG file
Premature end of JPEG file
Premature end of JPEG file
Premature end of JPEG file
Premature end of JPEG file
Premature end of JPEG file
Premature end of JPEG file
Premature end of JPEG file
Premature end of JPEG file
Premature end of JPEG file
Premature end of JPEG file
Premature end of JPEG file
Premature end of JPEG file
Premature end of JPEG file
Premature end of JPEG file
Premature end of JPEG file
Premature end of JPEG file
Premature end of JPEG file
Premature end of JPEG file
Premature end of JPEG file
Premature end of JPEG file
Premature end of JPEG file
Premature end of JPEG file
Premature end of JPEG file
[I 10:07:05.523 NotebookApp] Saving file at /python first analysis.ipynb
Premature end of JPEG file
Premature end of JPEG file
Premature end of JPEG file
Premature end of JPEG file
Premature end of JPEG file
Premature end of JPEG file
Premature end of JPEG file
Premature end of JPEG file
Premature end of JPEG file
Premature end of JPEG file
Premature end of JPEG file
Premature end of JPEG file
Premature end of JPEG file
Premature end of JPEG file
Premature end of JPEG file
Premature end of JPEG file
Premature end of JPEG file
Premature end of JPEG file
Premature end of JPEG file
Premature end of JPEG file
Premature end of JPEG file
Premature end of JPEG file
Premature end of JPEG file
Premature end of JPEG file
Premature end of JPEG file
Premature end of JPEG file
Premature end of JPEG file
Premature end of JPEG file
Premature end of JPEG file
Premature end of JPEG file
Premature end of JPEG file
Premature end of JPEG file
Premature end of JPEG file
Premature end of JPEG file
Premature end of JPEG file
Premature end of JPEG file
Premature end of JPEG file
Premature end of JPEG file
Premature end of JPEG file
Premature end of JPEG file
Premature end of JPEG file
Premature end of JPEG file
Premature end of JPEG file
Premature end of JPEG file
Premature end of JPEG file
Premature end of JPEG file
Premature end of JPEG file
Premature end of JPEG file
Premature end of JPEG file
Premature end of JPEG file
Premature end of JPEG file
Premature end of JPEG file
[I 10:09:05.523 NotebookApp] Saving file at /python first analysis.ipynb
Premature end of JPEG file
Premature end of JPEG file
Premature end of JPEG file
[I 10:09:21.504 NotebookApp] Kernel interrupted: 94e538ba-3600-4539-977c-e48d50979a27
Premature end of JPEG file
Premature end of JPEG file
Premature end of JPEG file
Premature end of JPEG file
Premature end of JPEG file
Premature end of JPEG file
Premature end of JPEG file
Premature end of JPEG file
Premature end of JPEG file
Premature end of JPEG file
Premature end of JPEG file
Premature end of JPEG file
Premature end of JPEG file
Premature end of JPEG file
Premature end of JPEG file
Premature end of JPEG file
Premature end of JPEG file
Premature end of JPEG file
Premature end of JPEG file
Premature end of JPEG file
Premature end of JPEG file
Premature end of JPEG file
Premature end of JPEG file
Premature end of JPEG file
Premature end of JPEG file
Premature end of JPEG file
Premature end of JPEG file
Premature end of JPEG file
Premature end of JPEG file
[I 10:11:05.524 NotebookApp] Saving file at /python first analysis.ipynb
Premature end of JPEG file
Premature end of JPEG file
Premature end of JPEG file
Premature end of JPEG file
Premature end of JPEG file
Premature end of JPEG file
[I 10:11:20.681 NotebookApp] Kernel restarted: 94e538ba-3600-4539-977c-e48d50979a27
[I 10:13:02.935 NotebookApp] Saving file at /python first analysis.ipynb
[I 10:13:03.764 NotebookApp] Saving file at /python first analysis.ipynb
[I 10:13:04.101 NotebookApp] Saving file at /python first analysis.ipynb
[I 10:13:04.444 NotebookApp] Saving file at /python first analysis.ipynb
[I 10:14:05.017 NotebookApp] Saving file at /python first analysis.ipynb
[I 10:14:15.041 NotebookApp] Saving file at /python first analysis.ipynb
Premature end of JPEG file
Premature end of JPEG file
Premature end of JPEG file
Premature end of JPEG file
Premature end of JPEG file
Premature end of JPEG file
Premature end of JPEG file
Premature end of JPEG file
Premature end of JPEG file
Premature end of JPEG file
Premature end of JPEG file
Premature end of JPEG file
Premature end of JPEG file
Premature end of JPEG file
Premature end of JPEG file
Premature end of JPEG file
Premature end of JPEG file
Premature end of JPEG file
Premature end of JPEG file
Premature end of JPEG file
Premature end of JPEG file
Premature end of JPEG file
Premature end of JPEG file
Premature end of JPEG file
Premature end of JPEG file
Premature end of JPEG file
Premature end of JPEG file
Premature end of JPEG file
Premature end of JPEG file
Premature end of JPEG file
Premature end of JPEG file
Premature end of JPEG file
Premature end of JPEG file
Premature end of JPEG file
Premature end of JPEG file
Premature end of JPEG file
Premature end of JPEG file
Premature end of JPEG file
Premature end of JPEG file
Premature end of JPEG file
Premature end of JPEG file
Premature end of JPEG file
Premature end of JPEG file
Premature end of JPEG file
Premature end of JPEG file
Premature end of JPEG file
Premature end of JPEG file
Premature end of JPEG file
Premature end of JPEG file
Premature end of JPEG file
Premature end of JPEG file
Premature end of JPEG file
Premature end of JPEG file
Premature end of JPEG file
Premature end of JPEG file
Premature end of JPEG file
Premature end of JPEG file
Premature end of JPEG file
Premature end of JPEG file
Premature end of JPEG file
Premature end of JPEG file
Premature end of JPEG file
Premature end of JPEG file
Premature end of JPEG file
Premature end of JPEG file
Premature end of JPEG file
Premature end of JPEG file
Premature end of JPEG file
Premature end of JPEG file
Premature end of JPEG file
Premature end of JPEG file
Premature end of JPEG file
Premature end of JPEG file
Premature end of JPEG file
Premature end of JPEG file
Premature end of JPEG file
Premature end of JPEG file
Premature end of JPEG file
Premature end of JPEG file
Premature end of JPEG file
Premature end of JPEG file
Premature end of JPEG file
Premature end of JPEG file
Premature end of JPEG file
Premature end of JPEG file
Premature end of JPEG file
Premature end of JPEG file
Premature end of JPEG file
Premature end of JPEG file
Premature end of JPEG file
Premature end of JPEG file
Premature end of JPEG file
Premature end of JPEG file
Premature end of JPEG file
Premature end of JPEG file
Premature end of JPEG file
Premature end of JPEG file
Premature end of JPEG file
Premature end of JPEG file
Premature end of JPEG file
Premature end of JPEG file
Premature end of JPEG file
Premature end of JPEG file
Premature end of JPEG file
Premature end of JPEG file
Premature end of JPEG file
Premature end of JPEG file
Premature end of JPEG file
Premature end of JPEG file
Premature end of JPEG file
Premature end of JPEG file
Premature end of JPEG file
Premature end of JPEG file
Premature end of JPEG file
Premature end of JPEG file
Premature end of JPEG file
Premature end of JPEG file
Premature end of JPEG file
Premature end of JPEG file
Premature end of JPEG file
Premature end of JPEG file
Premature end of JPEG file
Premature end of JPEG file
Premature end of JPEG file
Premature end of JPEG file
Premature end of JPEG file
Premature end of JPEG file
Premature end of JPEG file
Premature end of JPEG file
Premature end of JPEG file
Premature end of JPEG file
Premature end of JPEG file
Premature end of JPEG file
Premature end of JPEG file
Premature end of JPEG file
Premature end of JPEG file
Premature end of JPEG file
Premature end of JPEG file
Premature end of JPEG file
Premature end of JPEG file
Premature end of JPEG file
Premature end of JPEG file
Premature end of JPEG file
Premature end of JPEG file
Premature end of JPEG file
Premature end of JPEG file
Premature end of JPEG file
Premature end of JPEG file
Premature end of JPEG file
Premature end of JPEG file
Premature end of JPEG file
Premature end of JPEG file
Premature end of JPEG file
Premature end of JPEG file
Premature end of JPEG file
Premature end of JPEG file
Premature end of JPEG file
Premature end of JPEG file
Premature end of JPEG file
Premature end of JPEG file
Premature end of JPEG file
Premature end of JPEG file
Premature end of JPEG file
Premature end of JPEG file
Premature end of JPEG file
Premature end of JPEG file
Premature end of JPEG file
Premature end of JPEG file
Premature end of JPEG file
Premature end of JPEG file
Premature end of JPEG file
Premature end of JPEG file
Premature end of JPEG file
Premature end of JPEG file
Premature end of JPEG file
Premature end of JPEG file
Premature end of JPEG file
Premature end of JPEG file
Premature end of JPEG file
Premature end of JPEG file
Premature end of JPEG file
Premature end of JPEG file
Premature end of JPEG file
Premature end of JPEG file
Premature end of JPEG file
Premature end of JPEG file
Premature end of JPEG file
Premature end of JPEG file
Premature end of JPEG file
Premature end of JPEG file
Premature end of JPEG file
Premature end of JPEG file
Premature end of JPEG file
Premature end of JPEG file
Premature end of JPEG file
Premature end of JPEG file
Premature end of JPEG file
Premature end of JPEG file
Premature end of JPEG file
Premature end of JPEG file
Premature end of JPEG file
Premature end of JPEG file
Premature end of JPEG file
Premature end of JPEG file
Premature end of JPEG file
Premature end of JPEG file
Premature end of JPEG file
Premature end of JPEG file
Premature end of JPEG file
Premature end of JPEG file
Premature end of JPEG file
Premature end of JPEG file
Premature end of JPEG file
Premature end of JPEG file
Premature end of JPEG file
Premature end of JPEG file
Premature end of JPEG file
Premature end of JPEG file
Premature end of JPEG file
Premature end of JPEG file
Premature end of JPEG file
Premature end of JPEG file
Premature end of JPEG file
Premature end of JPEG file
Premature end of JPEG file
Premature end of JPEG file
Premature end of JPEG file
Premature end of JPEG file
Premature end of JPEG file
Premature end of JPEG file
Premature end of JPEG file
Premature end of JPEG file
Premature end of JPEG file
Premature end of JPEG file
Premature end of JPEG file
Premature end of JPEG file
Premature end of JPEG file
Premature end of JPEG file
Premature end of JPEG file
Premature end of JPEG file
Premature end of JPEG file
Premature end of JPEG file
Premature end of JPEG file
Premature end of JPEG file
Premature end of JPEG file
Premature end of JPEG file
Premature end of JPEG file
Premature end of JPEG file
Premature end of JPEG file
Premature end of JPEG file
Premature end of JPEG file
Premature end of JPEG file
Premature end of JPEG file
Premature end of JPEG file
Premature end of JPEG file
Premature end of JPEG file
Premature end of JPEG file
Premature end of JPEG file
Premature end of JPEG file
Premature end of JPEG file
Premature end of JPEG file
Premature end of JPEG file
Premature end of JPEG file
Premature end of JPEG file
Premature end of JPEG file
Premature end of JPEG file
Premature end of JPEG file
Premature end of JPEG file
Premature end of JPEG file
Premature end of JPEG file
Premature end of JPEG file
Premature end of JPEG file
Premature end of JPEG file
Premature end of JPEG file
Premature end of JPEG file
Premature end of JPEG file
Premature end of JPEG file
Premature end of JPEG file
Premature end of JPEG file
Premature end of JPEG file
Premature end of JPEG file
Premature end of JPEG file
Premature end of JPEG file
Premature end of JPEG file
Premature end of JPEG file
Premature end of JPEG file
Premature end of JPEG file
Premature end of JPEG file
Premature end of JPEG file
Premature end of JPEG file
Premature end of JPEG file
Premature end of JPEG file
Premature end of JPEG file
Premature end of JPEG file
Premature end of JPEG file
Premature end of JPEG file
Premature end of JPEG file
Premature end of JPEG file
Premature end of JPEG file
Premature end of JPEG file
Premature end of JPEG file
Premature end of JPEG file
Premature end of JPEG file
Premature end of JPEG file
Premature end of JPEG file
Premature end of JPEG file
Premature end of JPEG file
Premature end of JPEG file
Premature end of JPEG file
Premature end of JPEG file
Premature end of JPEG file
Premature end of JPEG file
Premature end of JPEG file
Premature end of JPEG file
Premature end of JPEG file
Premature end of JPEG file
Premature end of JPEG file
Premature end of JPEG file
Premature end of JPEG file
Premature end of JPEG file
Premature end of JPEG file
Premature end of JPEG file
Premature end of JPEG file
Premature end of JPEG file
Premature end of JPEG file
Premature end of JPEG file
Premature end of JPEG file
Premature end of JPEG file
Premature end of JPEG file
Premature end of JPEG file
Premature end of JPEG file
Premature end of JPEG file
Premature end of JPEG file
Premature end of JPEG file
[I 10:15:05.527 NotebookApp] Saving file at /python first analysis.ipynb
Premature end of JPEG file
Premature end of JPEG file
Premature end of JPEG file
Premature end of JPEG file
Premature end of JPEG file
Premature end of JPEG file
Premature end of JPEG file
Premature end of JPEG file
Premature end of JPEG file
Premature end of JPEG file
Premature end of JPEG file
Premature end of JPEG file
Premature end of JPEG file
Premature end of JPEG file
Premature end of JPEG file
Premature end of JPEG file
Premature end of JPEG file
Premature end of JPEG file
Premature end of JPEG file
Premature end of JPEG file
Premature end of JPEG file
Premature end of JPEG file
Premature end of JPEG file
Premature end of JPEG file
Premature end of JPEG file
Premature end of JPEG file
Premature end of JPEG file
Premature end of JPEG file
Premature end of JPEG file
Premature end of JPEG file
Premature end of JPEG file
Premature end of JPEG file
Premature end of JPEG file
Premature end of JPEG file
Premature end of JPEG file
Premature end of JPEG file
Premature end of JPEG file
Premature end of JPEG file
Premature end of JPEG file
Premature end of JPEG file
Premature end of JPEG file
Premature end of JPEG file
Premature end of JPEG file
Premature end of JPEG file
Premature end of JPEG file
Premature end of JPEG file
Premature end of JPEG file
Premature end of JPEG file
Premature end of JPEG file
Premature end of JPEG file
Premature end of JPEG file
Premature end of JPEG file
Premature end of JPEG file
Premature end of JPEG file
Premature end of JPEG file
Premature end of JPEG file
Premature end of JPEG file
Premature end of JPEG file
Premature end of JPEG file
Premature end of JPEG file
Premature end of JPEG file
Premature end of JPEG file
Premature end of JPEG file
Premature end of JPEG file
Premature end of JPEG file
Premature end of JPEG file
Premature end of JPEG file
Premature end of JPEG file
Premature end of JPEG file
Premature end of JPEG file
Premature end of JPEG file
Premature end of JPEG file
Premature end of JPEG file
Premature end of JPEG file
Premature end of JPEG file
Premature end of JPEG file
Premature end of JPEG file
Premature end of JPEG file
Premature end of JPEG file
Premature end of JPEG file
Premature end of JPEG file
Premature end of JPEG file
Premature end of JPEG file
Premature end of JPEG file
Premature end of JPEG file
Premature end of JPEG file
Premature end of JPEG file
Premature end of JPEG file
Premature end of JPEG file
Premature end of JPEG file
Premature end of JPEG file
Premature end of JPEG file
Premature end of JPEG file
Premature end of JPEG file
Premature end of JPEG file
Premature end of JPEG file
Premature end of JPEG file
Premature end of JPEG file
Premature end of JPEG file
Premature end of JPEG file
Premature end of JPEG file
Premature end of JPEG file
Premature end of JPEG file
Premature end of JPEG file
Premature end of JPEG file
Premature end of JPEG file
Premature end of JPEG file
Premature end of JPEG file
Premature end of JPEG file
Premature end of JPEG file
Premature end of JPEG file
Premature end of JPEG file
Premature end of JPEG file
Premature end of JPEG file
Premature end of JPEG file
Premature end of JPEG file
Premature end of JPEG file
Premature end of JPEG file
Premature end of JPEG file
Premature end of JPEG file
Premature end of JPEG file
Premature end of JPEG file
Premature end of JPEG file
Premature end of JPEG file
Premature end of JPEG file
Premature end of JPEG file
Premature end of JPEG file
Premature end of JPEG file
Premature end of JPEG file
Premature end of JPEG file
Premature end of JPEG file
Premature end of JPEG file
Premature end of JPEG file
Premature end of JPEG file
Premature end of JPEG file
Premature end of JPEG file
Premature end of JPEG file
Premature end of JPEG file
Premature end of JPEG file
Premature end of JPEG file
Premature end of JPEG file
Premature end of JPEG file
Premature end of JPEG file
Premature end of JPEG file
Premature end of JPEG file
Premature end of JPEG file
Premature end of JPEG file
Premature end of JPEG file
Premature end of JPEG file
Premature end of JPEG file
Premature end of JPEG file
Premature end of JPEG file
Premature end of JPEG file
Premature end of JPEG file
Premature end of JPEG file
Premature end of JPEG file
Premature end of JPEG file
Premature end of JPEG file
Premature end of JPEG file
Premature end of JPEG file
Premature end of JPEG file
Premature end of JPEG file
Premature end of JPEG file
Premature end of JPEG file
Premature end of JPEG file
Premature end of JPEG file
Premature end of JPEG file
Premature end of JPEG file
Premature end of JPEG file
Premature end of JPEG file
Premature end of JPEG file
Premature end of JPEG file
Premature end of JPEG file
Premature end of JPEG file
Premature end of JPEG file
Premature end of JPEG file
Premature end of JPEG file
Premature end of JPEG file
Premature end of JPEG file
Premature end of JPEG file
Premature end of JPEG file
Premature end of JPEG file
Premature end of JPEG file
Premature end of JPEG file
Premature end of JPEG file
Premature end of JPEG file
Premature end of JPEG file
Premature end of JPEG file
Premature end of JPEG file
Premature end of JPEG file
Premature end of JPEG file
Premature end of JPEG file
Premature end of JPEG file
Premature end of JPEG file
Premature end of JPEG file
Premature end of JPEG file
Premature end of JPEG file
Premature end of JPEG file
Premature end of JPEG file
Premature end of JPEG file
Premature end of JPEG file
Premature end of JPEG file
Premature end of JPEG file
Premature end of JPEG file
Premature end of JPEG file
Premature end of JPEG file
Premature end of JPEG file
Premature end of JPEG file
Premature end of JPEG file
Premature end of JPEG file
Premature end of JPEG file
Premature end of JPEG file
Premature end of JPEG file
Premature end of JPEG file
Premature end of JPEG file
Premature end of JPEG file
Premature end of JPEG file
Premature end of JPEG file
Premature end of JPEG file
Premature end of JPEG file
Premature end of JPEG file
Premature end of JPEG file
Premature end of JPEG file
Premature end of JPEG file
Premature end of JPEG file
Premature end of JPEG file
Premature end of JPEG file
Premature end of JPEG file
Premature end of JPEG file
Premature end of JPEG file
Premature end of JPEG file
Premature end of JPEG file
Premature end of JPEG file
Premature end of JPEG file
Premature end of JPEG file
Premature end of JPEG file
Premature end of JPEG file
Premature end of JPEG file
Premature end of JPEG file
Premature end of JPEG file
Premature end of JPEG file
Premature end of JPEG file
Premature end of JPEG file
Premature end of JPEG file
Premature end of JPEG file
Premature end of JPEG file
Premature end of JPEG file
Premature end of JPEG file
Premature end of JPEG file
Premature end of JPEG file
Premature end of JPEG file
Premature end of JPEG file
Premature end of JPEG file
Premature end of JPEG file
Premature end of JPEG file
Premature end of JPEG file
Premature end of JPEG file
Premature end of JPEG file
Premature end of JPEG file
Premature end of JPEG file
Premature end of JPEG file
Premature end of JPEG file
Premature end of JPEG file
Premature end of JPEG file
Premature end of JPEG file
Premature end of JPEG file
Premature end of JPEG file
Premature end of JPEG file
Premature end of JPEG file
Premature end of JPEG file
Premature end of JPEG file
Premature end of JPEG file
Premature end of JPEG file
Premature end of JPEG file
Premature end of JPEG file
Premature end of JPEG file
Premature end of JPEG file
Premature end of JPEG file
Premature end of JPEG file
Premature end of JPEG file
Premature end of JPEG file
Premature end of JPEG file
Premature end of JPEG file
Premature end of JPEG file
Premature end of JPEG file
Premature end of JPEG file
Premature end of JPEG file
Premature end of JPEG file
Premature end of JPEG file
Premature end of JPEG file
Premature end of JPEG file
Premature end of JPEG file
Premature end of JPEG file
Premature end of JPEG file
Premature end of JPEG file
Premature end of JPEG file
Premature end of JPEG file
Premature end of JPEG file
Premature end of JPEG file
Premature end of JPEG file
Premature end of JPEG file
Premature end of JPEG file
Premature end of JPEG file
Premature end of JPEG file
Premature end of JPEG file
Premature end of JPEG file
Premature end of JPEG file
Premature end of JPEG file
Premature end of JPEG file
Premature end of JPEG file
Premature end of JPEG file
Premature end of JPEG file
Premature end of JPEG file
Premature end of JPEG file
Premature end of JPEG file
Premature end of JPEG file
Premature end of JPEG file
Premature end of JPEG file
Premature end of JPEG file
Premature end of JPEG file
Premature end of JPEG file
Premature end of JPEG file
Premature end of JPEG file
Premature end of JPEG file
Premature end of JPEG file
Premature end of JPEG file
Premature end of JPEG file
Premature end of JPEG file
Premature end of JPEG file
Premature end of JPEG file
Premature end of JPEG file
Premature end of JPEG file
Premature end of JPEG file
Premature end of JPEG file
Premature end of JPEG file
Premature end of JPEG file
Premature end of JPEG file
Premature end of JPEG file
Premature end of JPEG file
Premature end of JPEG file
Premature end of JPEG file
Premature end of JPEG file
Premature end of JPEG file
Premature end of JPEG file
Premature end of JPEG file
Premature end of JPEG file
Premature end of JPEG file
Premature end of JPEG file
Premature end of JPEG file
Premature end of JPEG file
Premature end of JPEG file
Premature end of JPEG file
Premature end of JPEG file
Premature end of JPEG file
Premature end of JPEG file
Premature end of JPEG file
Premature end of JPEG file
Premature end of JPEG file
Premature end of JPEG file
Premature end of JPEG file
Premature end of JPEG file
Premature end of JPEG file
Premature end of JPEG file
Premature end of JPEG file
Premature end of JPEG file
Premature end of JPEG file
Premature end of JPEG file
Premature end of JPEG file
Premature end of JPEG file
Premature end of JPEG file
Premature end of JPEG file
Premature end of JPEG file
Premature end of JPEG file
Premature end of JPEG file
Premature end of JPEG file
Premature end of JPEG file
Premature end of JPEG file
Premature end of JPEG file
Premature end of JPEG file
Premature end of JPEG file
Premature end of JPEG file
Premature end of JPEG file
Premature end of JPEG file
Premature end of JPEG file
Premature end of JPEG file
Premature end of JPEG file
Premature end of JPEG file
Premature end of JPEG file
Premature end of JPEG file
Premature end of JPEG file
Premature end of JPEG file
Premature end of JPEG file
Premature end of JPEG file
Premature end of JPEG file
Premature end of JPEG file
Premature end of JPEG file
Premature end of JPEG file
Premature end of JPEG file
Premature end of JPEG file
Premature end of JPEG file
Premature end of JPEG file
Premature end of JPEG file
Premature end of JPEG file
Premature end of JPEG file
Premature end of JPEG file
Premature end of JPEG file
Premature end of JPEG file
Premature end of JPEG file
Premature end of JPEG file
Premature end of JPEG file
Premature end of JPEG file
Premature end of JPEG file
Premature end of JPEG file
Premature end of JPEG file
Premature end of JPEG file
Premature end of JPEG file
Premature end of JPEG file
Premature end of JPEG file
Premature end of JPEG file
Premature end of JPEG file
Premature end of JPEG file
Premature end of JPEG file
Premature end of JPEG file
Premature end of JPEG file
Premature end of JPEG file
Premature end of JPEG file
Premature end of JPEG file
Premature end of JPEG file
Premature end of JPEG file
Premature end of JPEG file
Premature end of JPEG file
Premature end of JPEG file
Premature end of JPEG file
Premature end of JPEG file
Premature end of JPEG file
Premature end of JPEG file
Premature end of JPEG file
Premature end of JPEG file
Premature end of JPEG file
Premature end of JPEG file
Premature end of JPEG file
Premature end of JPEG file
Premature end of JPEG file
Premature end of JPEG file
Premature end of JPEG file
Premature end of JPEG file
Premature end of JPEG file
Premature end of JPEG file
Premature end of JPEG file
Premature end of JPEG file
Premature end of JPEG file
Premature end of JPEG file
Premature end of JPEG file
Premature end of JPEG file
Premature end of JPEG file
Premature end of JPEG file
Premature end of JPEG file
Premature end of JPEG file
Premature end of JPEG file
Premature end of JPEG file
Premature end of JPEG file
Premature end of JPEG file
Premature end of JPEG file
Premature end of JPEG file
Premature end of JPEG file
Premature end of JPEG file
Premature end of JPEG file
Premature end of JPEG file
Premature end of JPEG file
Premature end of JPEG file
Premature end of JPEG file
Premature end of JPEG file
Premature end of JPEG file
Premature end of JPEG file
Premature end of JPEG file
Premature end of JPEG file
Premature end of JPEG file
Premature end of JPEG file
Premature end of JPEG file
Premature end of JPEG file
Premature end of JPEG file
Premature end of JPEG file
Premature end of JPEG file
Premature end of JPEG file
Premature end of JPEG file
Premature end of JPEG file
Premature end of JPEG file
Premature end of JPEG file
Premature end of JPEG file
Premature end of JPEG file
Premature end of JPEG file
Premature end of JPEG file
Premature end of JPEG file
Premature end of JPEG file
Premature end of JPEG file
Premature end of JPEG file
Premature end of JPEG file
Premature end of JPEG file
Premature end of JPEG file
Premature end of JPEG file
Premature end of JPEG file
Premature end of JPEG file
Premature end of JPEG file
Premature end of JPEG file
Premature end of JPEG file
Premature end of JPEG file
Premature end of JPEG file
Premature end of JPEG file
Premature end of JPEG file
Premature end of JPEG file
Premature end of JPEG file
Premature end of JPEG file
Premature end of JPEG file
Premature end of JPEG file
Premature end of JPEG file
Premature end of JPEG file
Premature end of JPEG file
Premature end of JPEG file
Premature end of JPEG file
Premature end of JPEG file
Premature end of JPEG file
Premature end of JPEG file
Premature end of JPEG file
Premature end of JPEG file
Premature end of JPEG file
Premature end of JPEG file
Premature end of JPEG file
Premature end of JPEG file
Premature end of JPEG file
Premature end of JPEG file
Premature end of JPEG file
Premature end of JPEG file
Premature end of JPEG file
Premature end of JPEG file
Premature end of JPEG file
Premature end of JPEG file
Premature end of JPEG file
Premature end of JPEG file
Premature end of JPEG file
Premature end of JPEG file
Premature end of JPEG file
Premature end of JPEG file
Premature end of JPEG file
Premature end of JPEG file
Premature end of JPEG file
Premature end of JPEG file
Premature end of JPEG file
Premature end of JPEG file
Premature end of JPEG file
Premature end of JPEG file
Premature end of JPEG file
Premature end of JPEG file
Premature end of JPEG file
Premature end of JPEG file
Premature end of JPEG file
Premature end of JPEG file
Premature end of JPEG file
Premature end of JPEG file
Premature end of JPEG file
Premature end of JPEG file
Premature end of JPEG file
Premature end of JPEG file
Premature end of JPEG file
Premature end of JPEG file
Premature end of JPEG file
Premature end of JPEG file
Premature end of JPEG file
[I 10:37:07.027 NotebookApp] Saving file at /python first analysis.ipynb
[I 11:02:20.627 NotebookApp] Kernel restarted: 94e538ba-3600-4539-977c-e48d50979a27
[I 11:03:05.505 NotebookApp] Saving file at /python first analysis.ipynb
[I 11:03:13.635 NotebookApp] Saving file at /python first analysis.ipynb
[I 11:03:18.868 NotebookApp] Saving file at /python first analysis.ipynb
[I 11:05:05.504 NotebookApp] Saving file at /python first analysis.ipynb
[I 11:05:15.410 NotebookApp] Saving file at /python first analysis.ipynb
[I 11:05:28.021 NotebookApp] Saving file at /python first analysis.ipynb
Premature end of JPEG file
Premature end of JPEG file
[I 11:06:23.940 NotebookApp] Saving file at /python first analysis.ipynb
[I 11:06:26.945 NotebookApp] Saving file at /python first analysis.ipynb
[I 11:06:31.884 NotebookApp] Saving file at /python first analysis.ipynb
Premature end of JPEG file
Premature end of JPEG file
Premature end of JPEG file
Premature end of JPEG file
Premature end of JPEG file
Premature end of JPEG file
Premature end of JPEG file
Premature end of JPEG file
Premature end of JPEG file
Premature end of JPEG file
Premature end of JPEG file
Premature end of JPEG file
Premature end of JPEG file
Premature end of JPEG file
Premature end of JPEG file
Premature end of JPEG file
Premature end of JPEG file
Premature end of JPEG file
Premature end of JPEG file
Premature end of JPEG file
Premature end of JPEG file
Premature end of JPEG file
Premature end of JPEG file
Premature end of JPEG file
Premature end of JPEG file
Premature end of JPEG file
Premature end of JPEG file
Premature end of JPEG file
Premature end of JPEG file
Premature end of JPEG file
Premature end of JPEG file
Premature end of JPEG file
Premature end of JPEG file
Premature end of JPEG file
Premature end of JPEG file
Premature end of JPEG file
Premature end of JPEG file
Premature end of JPEG file
Premature end of JPEG file
Premature end of JPEG file
Premature end of JPEG file
Premature end of JPEG file
Premature end of JPEG file
Premature end of JPEG file
Premature end of JPEG file
Premature end of JPEG file
Premature end of JPEG file
Premature end of JPEG file
Premature end of JPEG file
Premature end of JPEG file
Premature end of JPEG file
Premature end of JPEG file
Premature end of JPEG file
Premature end of JPEG file
Premature end of JPEG file
Premature end of JPEG file
Premature end of JPEG file
Premature end of JPEG file
Premature end of JPEG file
Premature end of JPEG file
Premature end of JPEG file
Premature end of JPEG file
Premature end of JPEG file
Premature end of JPEG file
Premature end of JPEG file
Premature end of JPEG file
Premature end of JPEG file
Premature end of JPEG file
Premature end of JPEG file
Premature end of JPEG file
Premature end of JPEG file
Premature end of JPEG file
Premature end of JPEG file
Premature end of JPEG file
Premature end of JPEG file
Premature end of JPEG file
Premature end of JPEG file
Premature end of JPEG file
Premature end of JPEG file
Premature end of JPEG file
Premature end of JPEG file
Premature end of JPEG file
Premature end of JPEG file
Premature end of JPEG file
Premature end of JPEG file
Premature end of JPEG file
Premature end of JPEG file
Premature end of JPEG file
Premature end of JPEG file
Premature end of JPEG file
Premature end of JPEG file
Premature end of JPEG file
Premature end of JPEG file
Premature end of JPEG file
Premature end of JPEG file
Premature end of JPEG file
Premature end of JPEG file
Premature end of JPEG file
Premature end of JPEG file
Premature end of JPEG file
Premature end of JPEG file
Premature end of JPEG file
Premature end of JPEG file
Premature end of JPEG file
Premature end of JPEG file
Premature end of JPEG file
Premature end of JPEG file
Premature end of JPEG file
Premature end of JPEG file
Premature end of JPEG file
Premature end of JPEG file
Premature end of JPEG file
Premature end of JPEG file
Premature end of JPEG file
Premature end of JPEG file
Premature end of JPEG file
Premature end of JPEG file
Premature end of JPEG file
Premature end of JPEG file
Premature end of JPEG file
Premature end of JPEG file
Premature end of JPEG file
Premature end of JPEG file
Premature end of JPEG file
Premature end of JPEG file
Premature end of JPEG file
Premature end of JPEG file
Premature end of JPEG file
Premature end of JPEG file
Premature end of JPEG file
Premature end of JPEG file
Premature end of JPEG file
Premature end of JPEG file
Premature end of JPEG file
Premature end of JPEG file
Premature end of JPEG file
Premature end of JPEG file
Premature end of JPEG file
Premature end of JPEG file
Premature end of JPEG file
Premature end of JPEG file
Premature end of JPEG file
Premature end of JPEG file
Premature end of JPEG file
Premature end of JPEG file
Premature end of JPEG file
Premature end of JPEG file
Premature end of JPEG file
Premature end of JPEG file
Premature end of JPEG file
Premature end of JPEG file
Premature end of JPEG file
Premature end of JPEG file
Premature end of JPEG file
Premature end of JPEG file
Premature end of JPEG file
Premature end of JPEG file
Premature end of JPEG file
Premature end of JPEG file
Premature end of JPEG file
Premature end of JPEG file
Premature end of JPEG file
Premature end of JPEG file
Premature end of JPEG file
Premature end of JPEG file
Premature end of JPEG file
Premature end of JPEG file
Premature end of JPEG file
Premature end of JPEG file
Premature end of JPEG file
Premature end of JPEG file
Premature end of JPEG file
Premature end of JPEG file
Premature end of JPEG file
Premature end of JPEG file
Premature end of JPEG file
Premature end of JPEG file
Premature end of JPEG file
Premature end of JPEG file
Premature end of JPEG file
Premature end of JPEG file
Premature end of JPEG file
Premature end of JPEG file
Premature end of JPEG file
Premature end of JPEG file
Premature end of JPEG file
Premature end of JPEG file
Premature end of JPEG file
Premature end of JPEG file
Premature end of JPEG file
Premature end of JPEG file
Premature end of JPEG file
Premature end of JPEG file
Premature end of JPEG file
Premature end of JPEG file
Premature end of JPEG file
Premature end of JPEG file
Premature end of JPEG file
Premature end of JPEG file
Premature end of JPEG file
Premature end of JPEG file
Premature end of JPEG file
Premature end of JPEG file
Premature end of JPEG file
Premature end of JPEG file
Premature end of JPEG file
Premature end of JPEG file
Premature end of JPEG file
Premature end of JPEG file
Premature end of JPEG file
Premature end of JPEG file
Premature end of JPEG file
Premature end of JPEG file
Premature end of JPEG file
Premature end of JPEG file
Premature end of JPEG file
Premature end of JPEG file
Premature end of JPEG file
Premature end of JPEG file
Premature end of JPEG file
Premature end of JPEG file
Premature end of JPEG file
Premature end of JPEG file
Premature end of JPEG file
Premature end of JPEG file
Premature end of JPEG file
Premature end of JPEG file
Premature end of JPEG file
Premature end of JPEG file
Premature end of JPEG file
Premature end of JPEG file
Premature end of JPEG file
Premature end of JPEG file
Premature end of JPEG file
Premature end of JPEG file
Premature end of JPEG file
Premature end of JPEG file
Premature end of JPEG file
Premature end of JPEG file
Premature end of JPEG file
Premature end of JPEG file
Premature end of JPEG file
Premature end of JPEG file
Premature end of JPEG file
Premature end of JPEG file
Premature end of JPEG file
Premature end of JPEG file
Premature end of JPEG file
Premature end of JPEG file
Premature end of JPEG file
Premature end of JPEG file
Premature end of JPEG file
Premature end of JPEG file
Premature end of JPEG file
Premature end of JPEG file
Premature end of JPEG file
Premature end of JPEG file
Premature end of JPEG file
Premature end of JPEG file
Premature end of JPEG file
Premature end of JPEG file
Premature end of JPEG file
Premature end of JPEG file
Premature end of JPEG file
Premature end of JPEG file
Premature end of JPEG file
Premature end of JPEG file
Premature end of JPEG file
Premature end of JPEG file
Premature end of JPEG file
Premature end of JPEG file
Premature end of JPEG file
Premature end of JPEG file
Premature end of JPEG file
Premature end of JPEG file
Premature end of JPEG file
[I 11:07:06.666 NotebookApp] Saving file at /python first analysis.ipynb
Premature end of JPEG file
Premature end of JPEG file
Premature end of JPEG file
Premature end of JPEG file
Premature end of JPEG file
Premature end of JPEG file
Premature end of JPEG file
Premature end of JPEG file
Premature end of JPEG file
Premature end of JPEG file
Premature end of JPEG file
Premature end of JPEG file
Premature end of JPEG file
Premature end of JPEG file
Premature end of JPEG file
Premature end of JPEG file
Premature end of JPEG file
Premature end of JPEG file
Premature end of JPEG file
Premature end of JPEG file
Premature end of JPEG file
Premature end of JPEG file
Premature end of JPEG file
Premature end of JPEG file
Premature end of JPEG file
Premature end of JPEG file
Premature end of JPEG file
Premature end of JPEG file
Premature end of JPEG file
Premature end of JPEG file
Premature end of JPEG file
Premature end of JPEG file
Premature end of JPEG file
Premature end of JPEG file
Premature end of JPEG file
Premature end of JPEG file
Premature end of JPEG file
Premature end of JPEG file
Premature end of JPEG file
Premature end of JPEG file
Premature end of JPEG file
Premature end of JPEG file
Premature end of JPEG file
Premature end of JPEG file
Premature end of JPEG file
Premature end of JPEG file
Premature end of JPEG file
Premature end of JPEG file
Premature end of JPEG file
Premature end of JPEG file
Premature end of JPEG file
Premature end of JPEG file
Premature end of JPEG file
Premature end of JPEG file
Premature end of JPEG file
Premature end of JPEG file
Premature end of JPEG file
Premature end of JPEG file
Premature end of JPEG file
Premature end of JPEG file
Premature end of JPEG file
Premature end of JPEG file
Premature end of JPEG file
Premature end of JPEG file
Premature end of JPEG file
Premature end of JPEG file
Premature end of JPEG file
Premature end of JPEG file
Premature end of JPEG file
Premature end of JPEG file
Premature end of JPEG file
Premature end of JPEG file
Premature end of JPEG file
Premature end of JPEG file
Premature end of JPEG file
Premature end of JPEG file
Premature end of JPEG file
Premature end of JPEG file
Premature end of JPEG file
Premature end of JPEG file
Premature end of JPEG file
Premature end of JPEG file
Premature end of JPEG file
Premature end of JPEG file
Premature end of JPEG file
Premature end of JPEG file
Premature end of JPEG file
Premature end of JPEG file
Premature end of JPEG file
Premature end of JPEG file
Premature end of JPEG file
Premature end of JPEG file
Premature end of JPEG file
Premature end of JPEG file
Premature end of JPEG file
Premature end of JPEG file
Premature end of JPEG file
Premature end of JPEG file
Premature end of JPEG file
Premature end of JPEG file
Premature end of JPEG file
Premature end of JPEG file
Premature end of JPEG file
Premature end of JPEG file
Premature end of JPEG file
Premature end of JPEG file
Premature end of JPEG file
Premature end of JPEG file
Premature end of JPEG file
Premature end of JPEG file
Premature end of JPEG file
Premature end of JPEG file
Premature end of JPEG file
Premature end of JPEG file
Premature end of JPEG file
Premature end of JPEG file
Premature end of JPEG file
Premature end of JPEG file
Premature end of JPEG file
Premature end of JPEG file
Premature end of JPEG file
Premature end of JPEG file
Premature end of JPEG file
Premature end of JPEG file
Premature end of JPEG file
Premature end of JPEG file
Premature end of JPEG file
Premature end of JPEG file
Premature end of JPEG file
Premature end of JPEG file
Premature end of JPEG file
Premature end of JPEG file
Premature end of JPEG file
Premature end of JPEG file
Premature end of JPEG file
Premature end of JPEG file
Premature end of JPEG file
Premature end of JPEG file
Premature end of JPEG file
Premature end of JPEG file
Premature end of JPEG file
Premature end of JPEG file
Premature end of JPEG file
Premature end of JPEG file
Premature end of JPEG file
Premature end of JPEG file
Premature end of JPEG file
Premature end of JPEG file
Premature end of JPEG file
Premature end of JPEG file
Premature end of JPEG file
Premature end of JPEG file
Premature end of JPEG file
Premature end of JPEG file
Premature end of JPEG file
Premature end of JPEG file
Premature end of JPEG file
Premature end of JPEG file
Premature end of JPEG file
Premature end of JPEG file
Premature end of JPEG file
Premature end of JPEG file
Premature end of JPEG file
Premature end of JPEG file
Premature end of JPEG file
Premature end of JPEG file
Premature end of JPEG file
Premature end of JPEG file
Premature end of JPEG file
Premature end of JPEG file
Premature end of JPEG file
Premature end of JPEG file
Premature end of JPEG file
Premature end of JPEG file
Premature end of JPEG file
Premature end of JPEG file
Premature end of JPEG file
Premature end of JPEG file
Premature end of JPEG file
Premature end of JPEG file
Premature end of JPEG file
Premature end of JPEG file
Premature end of JPEG file
Premature end of JPEG file
Premature end of JPEG file
Premature end of JPEG file
Premature end of JPEG file
Premature end of JPEG file
Premature end of JPEG file
Premature end of JPEG file
Premature end of JPEG file
Premature end of JPEG file
Premature end of JPEG file
Premature end of JPEG file
Premature end of JPEG file
Premature end of JPEG file
Premature end of JPEG file
Premature end of JPEG file
Premature end of JPEG file
Premature end of JPEG file
Premature end of JPEG file
Premature end of JPEG file
Premature end of JPEG file
Premature end of JPEG file
Premature end of JPEG file
Premature end of JPEG file
Premature end of JPEG file
Premature end of JPEG file
Premature end of JPEG file
Premature end of JPEG file
Premature end of JPEG file
Premature end of JPEG file
Premature end of JPEG file
Premature end of JPEG file
Premature end of JPEG file
Premature end of JPEG file
Premature end of JPEG file
Premature end of JPEG file
Premature end of JPEG file
Premature end of JPEG file
Premature end of JPEG file
Premature end of JPEG file
Premature end of JPEG file
Premature end of JPEG file
Premature end of JPEG file
Premature end of JPEG file
Premature end of JPEG file
Premature end of JPEG file
Premature end of JPEG file
Premature end of JPEG file
Premature end of JPEG file
Premature end of JPEG file
Premature end of JPEG file
Premature end of JPEG file
Premature end of JPEG file
Premature end of JPEG file
Premature end of JPEG file
Premature end of JPEG file
Premature end of JPEG file
Premature end of JPEG file
Premature end of JPEG file
Premature end of JPEG file
Premature end of JPEG file
Premature end of JPEG file
Premature end of JPEG file
Premature end of JPEG file
Premature end of JPEG file
Premature end of JPEG file
Premature end of JPEG file
Premature end of JPEG file
Premature end of JPEG file
Premature end of JPEG file
Premature end of JPEG file
Premature end of JPEG file
Premature end of JPEG file
Premature end of JPEG file
Premature end of JPEG file
Premature end of JPEG file
Premature end of JPEG file
Premature end of JPEG file
Premature end of JPEG file
Premature end of JPEG file
Premature end of JPEG file
Premature end of JPEG file
Premature end of JPEG file
Premature end of JPEG file
Premature end of JPEG file
Premature end of JPEG file
Premature end of JPEG file
Premature end of JPEG file
Premature end of JPEG file
Premature end of JPEG file
Premature end of JPEG file
Premature end of JPEG file
Premature end of JPEG file
Premature end of JPEG file
Premature end of JPEG file
Premature end of JPEG file
Premature end of JPEG file
Premature end of JPEG file
Premature end of JPEG file
Premature end of JPEG file
Premature end of JPEG file
Premature end of JPEG file
Premature end of JPEG file
Premature end of JPEG file
Premature end of JPEG file
Premature end of JPEG file
Premature end of JPEG file
Premature end of JPEG file
Premature end of JPEG file
Premature end of JPEG file
Premature end of JPEG file
Premature end of JPEG file
Premature end of JPEG file
Premature end of JPEG file
Premature end of JPEG file
Premature end of JPEG file
Premature end of JPEG file
Premature end of JPEG file
Premature end of JPEG file
Premature end of JPEG file
Premature end of JPEG file
Premature end of JPEG file
Premature end of JPEG file
Premature end of JPEG file
Premature end of JPEG file
Premature end of JPEG file
Premature end of JPEG file
Premature end of JPEG file
Premature end of JPEG file
Premature end of JPEG file
Premature end of JPEG file
Premature end of JPEG file
Premature end of JPEG file
Premature end of JPEG file
Premature end of JPEG file
Premature end of JPEG file
Premature end of JPEG file
Premature end of JPEG file
Premature end of JPEG file
Premature end of JPEG file
Premature end of JPEG file
Premature end of JPEG file
Premature end of JPEG file
Premature end of JPEG file
Premature end of JPEG file
Premature end of JPEG file
Premature end of JPEG file
Premature end of JPEG file
Premature end of JPEG file
Premature end of JPEG file
Premature end of JPEG file
Premature end of JPEG file
[I 11:08:08.243 NotebookApp] Kernel restarted: 94e538ba-3600-4539-977c-e48d50979a27
Traceback (most recent call last):
  File "/home/ubuntu/anaconda3/envs/tensorflow/lib/python3.5/runpy.py", line 193, in _run_module_as_main
    "__main__", mod_spec)
  File "/home/ubuntu/anaconda3/envs/tensorflow/lib/python3.5/runpy.py", line 85, in _run_code
    exec(code, run_globals)
  File "/home/ubuntu/anaconda3/envs/tensorflow/lib/python3.5/site-packages/ipykernel_launcher.py", line 16, in <module>
    app.launch_new_instance()
  File "/home/ubuntu/anaconda3/envs/tensorflow/lib/python3.5/site-packages/traitlets/config/application.py", line 657, in launch_instance
    app.initialize(argv)
  File "<decorator-gen-120>", line 2, in initialize
  File "/home/ubuntu/anaconda3/envs/tensorflow/lib/python3.5/site-packages/traitlets/config/application.py", line 87, in catch_config_error
    return method(app, *args, **kwargs)
  File "/home/ubuntu/anaconda3/envs/tensorflow/lib/python3.5/site-packages/ipykernel/kernelapp.py", line 448, in initialize
    self.init_sockets()
  File "/home/ubuntu/anaconda3/envs/tensorflow/lib/python3.5/site-packages/ipykernel/kernelapp.py", line 238, in init_sockets
    self.shell_port = self._bind_socket(self.shell_socket, self.shell_port)
  File "/home/ubuntu/anaconda3/envs/tensorflow/lib/python3.5/site-packages/ipykernel/kernelapp.py", line 180, in _bind_socket
    s.bind("tcp://%s:%i" % (self.ip, port))
  File "zmq/backend/cython/socket.pyx", line 495, in zmq.backend.cython.socket.Socket.bind (zmq/backend/cython/socket.c:5653)
  File "zmq/backend/cython/checkrc.pxd", line 25, in zmq.backend.cython.checkrc._check_rc (zmq/backend/cython/socket.c:10014)
zmq.error.ZMQError: Address already in use
[I 11:08:11.244 NotebookApp] KernelRestarter: restarting kernel (1/5)
Traceback (most recent call last):
  File "/home/ubuntu/anaconda3/envs/tensorflow/lib/python3.5/runpy.py", line 193, in _run_module_as_main
    "__main__", mod_spec)
  File "/home/ubuntu/anaconda3/envs/tensorflow/lib/python3.5/runpy.py", line 85, in _run_code
    exec(code, run_globals)
  File "/home/ubuntu/anaconda3/envs/tensorflow/lib/python3.5/site-packages/ipykernel_launcher.py", line 16, in <module>
    app.launch_new_instance()
  File "/home/ubuntu/anaconda3/envs/tensorflow/lib/python3.5/site-packages/traitlets/config/application.py", line 657, in launch_instance
    app.initialize(argv)
  File "<decorator-gen-120>", line 2, in initialize
  File "/home/ubuntu/anaconda3/envs/tensorflow/lib/python3.5/site-packages/traitlets/config/application.py", line 87, in catch_config_error
    return method(app, *args, **kwargs)
  File "/home/ubuntu/anaconda3/envs/tensorflow/lib/python3.5/site-packages/ipykernel/kernelapp.py", line 448, in initialize
    self.init_sockets()
  File "/home/ubuntu/anaconda3/envs/tensorflow/lib/python3.5/site-packages/ipykernel/kernelapp.py", line 238, in init_sockets
    self.shell_port = self._bind_socket(self.shell_socket, self.shell_port)
  File "/home/ubuntu/anaconda3/envs/tensorflow/lib/python3.5/site-packages/ipykernel/kernelapp.py", line 180, in _bind_socket
    s.bind("tcp://%s:%i" % (self.ip, port))
  File "zmq/backend/cython/socket.pyx", line 495, in zmq.backend.cython.socket.Socket.bind (zmq/backend/cython/socket.c:5653)
  File "zmq/backend/cython/checkrc.pxd", line 25, in zmq.backend.cython.checkrc._check_rc (zmq/backend/cython/socket.c:10014)
zmq.error.ZMQError: Address already in use
[I 11:08:11.910 NotebookApp] Kernel restarted: 94e538ba-3600-4539-977c-e48d50979a27
Traceback (most recent call last):
  File "/home/ubuntu/anaconda3/envs/tensorflow/lib/python3.5/runpy.py", line 193, in _run_module_as_main
    "__main__", mod_spec)
  File "/home/ubuntu/anaconda3/envs/tensorflow/lib/python3.5/runpy.py", line 85, in _run_code
    exec(code, run_globals)
  File "/home/ubuntu/anaconda3/envs/tensorflow/lib/python3.5/site-packages/ipykernel_launcher.py", line 16, in <module>
    app.launch_new_instance()
  File "/home/ubuntu/anaconda3/envs/tensorflow/lib/python3.5/site-packages/traitlets/config/application.py", line 657, in launch_instance
    app.initialize(argv)
  File "<decorator-gen-120>", line 2, in initialize
  File "/home/ubuntu/anaconda3/envs/tensorflow/lib/python3.5/site-packages/traitlets/config/application.py", line 87, in catch_config_error
    return method(app, *args, **kwargs)
  File "/home/ubuntu/anaconda3/envs/tensorflow/lib/python3.5/site-packages/ipykernel/kernelapp.py", line 448, in initialize
    self.init_sockets()
  File "/home/ubuntu/anaconda3/envs/tensorflow/lib/python3.5/site-packages/ipykernel/kernelapp.py", line 238, in init_sockets
    self.shell_port = self._bind_socket(self.shell_socket, self.shell_port)
  File "/home/ubuntu/anaconda3/envs/tensorflow/lib/python3.5/site-packages/ipykernel/kernelapp.py", line 180, in _bind_socket
    s.bind("tcp://%s:%i" % (self.ip, port))
  File "zmq/backend/cython/socket.pyx", line 495, in zmq.backend.cython.socket.Socket.bind (zmq/backend/cython/socket.c:5653)
  File "zmq/backend/cython/checkrc.pxd", line 25, in zmq.backend.cython.checkrc._check_rc (zmq/backend/cython/socket.c:10014)
zmq.error.ZMQError: Address already in use
[I 11:08:14.911 NotebookApp] KernelRestarter: restarting kernel (2/5)
Traceback (most recent call last):
  File "/home/ubuntu/anaconda3/envs/tensorflow/lib/python3.5/runpy.py", line 193, in _run_module_as_main
    "__main__", mod_spec)
  File "/home/ubuntu/anaconda3/envs/tensorflow/lib/python3.5/runpy.py", line 85, in _run_code
    exec(code, run_globals)
  File "/home/ubuntu/anaconda3/envs/tensorflow/lib/python3.5/site-packages/ipykernel_launcher.py", line 16, in <module>
    app.launch_new_instance()
  File "/home/ubuntu/anaconda3/envs/tensorflow/lib/python3.5/site-packages/traitlets/config/application.py", line 657, in launch_instance
    app.initialize(argv)
  File "<decorator-gen-120>", line 2, in initialize
  File "/home/ubuntu/anaconda3/envs/tensorflow/lib/python3.5/site-packages/traitlets/config/application.py", line 87, in catch_config_error
    return method(app, *args, **kwargs)
  File "/home/ubuntu/anaconda3/envs/tensorflow/lib/python3.5/site-packages/ipykernel/kernelapp.py", line 448, in initialize
    self.init_sockets()
  File "/home/ubuntu/anaconda3/envs/tensorflow/lib/python3.5/site-packages/ipykernel/kernelapp.py", line 238, in init_sockets
    self.shell_port = self._bind_socket(self.shell_socket, self.shell_port)
  File "/home/ubuntu/anaconda3/envs/tensorflow/lib/python3.5/site-packages/ipykernel/kernelapp.py", line 180, in _bind_socket
    s.bind("tcp://%s:%i" % (self.ip, port))
  File "zmq/backend/cython/socket.pyx", line 495, in zmq.backend.cython.socket.Socket.bind (zmq/backend/cython/socket.c:5653)
  File "zmq/backend/cython/checkrc.pxd", line 25, in zmq.backend.cython.checkrc._check_rc (zmq/backend/cython/socket.c:10014)
zmq.error.ZMQError: Address already in use
[I 11:08:17.915 NotebookApp] KernelRestarter: restarting kernel (3/5)
Traceback (most recent call last):
  File "/home/ubuntu/anaconda3/envs/tensorflow/lib/python3.5/runpy.py", line 193, in _run_module_as_main
    "__main__", mod_spec)
  File "/home/ubuntu/anaconda3/envs/tensorflow/lib/python3.5/runpy.py", line 85, in _run_code
    exec(code, run_globals)
  File "/home/ubuntu/anaconda3/envs/tensorflow/lib/python3.5/site-packages/ipykernel_launcher.py", line 16, in <module>
    app.launch_new_instance()
  File "/home/ubuntu/anaconda3/envs/tensorflow/lib/python3.5/site-packages/traitlets/config/application.py", line 657, in launch_instance
    app.initialize(argv)
  File "<decorator-gen-120>", line 2, in initialize
  File "/home/ubuntu/anaconda3/envs/tensorflow/lib/python3.5/site-packages/traitlets/config/application.py", line 87, in catch_config_error
    return method(app, *args, **kwargs)
  File "/home/ubuntu/anaconda3/envs/tensorflow/lib/python3.5/site-packages/ipykernel/kernelapp.py", line 448, in initialize
    self.init_sockets()
  File "/home/ubuntu/anaconda3/envs/tensorflow/lib/python3.5/site-packages/ipykernel/kernelapp.py", line 238, in init_sockets
    self.shell_port = self._bind_socket(self.shell_socket, self.shell_port)
  File "/home/ubuntu/anaconda3/envs/tensorflow/lib/python3.5/site-packages/ipykernel/kernelapp.py", line 180, in _bind_socket
    s.bind("tcp://%s:%i" % (self.ip, port))
  File "zmq/backend/cython/socket.pyx", line 495, in zmq.backend.cython.socket.Socket.bind (zmq/backend/cython/socket.c:5653)
  File "zmq/backend/cython/checkrc.pxd", line 25, in zmq.backend.cython.checkrc._check_rc (zmq/backend/cython/socket.c:10014)
zmq.error.ZMQError: Address already in use
[I 11:08:20.919 NotebookApp] KernelRestarter: restarting kernel (4/5)
Traceback (most recent call last):
  File "/home/ubuntu/anaconda3/envs/tensorflow/lib/python3.5/runpy.py", line 193, in _run_module_as_main
    "__main__", mod_spec)
  File "/home/ubuntu/anaconda3/envs/tensorflow/lib/python3.5/runpy.py", line 85, in _run_code
    exec(code, run_globals)
  File "/home/ubuntu/anaconda3/envs/tensorflow/lib/python3.5/site-packages/ipykernel_launcher.py", line 16, in <module>
    app.launch_new_instance()
  File "/home/ubuntu/anaconda3/envs/tensorflow/lib/python3.5/site-packages/traitlets/config/application.py", line 657, in launch_instance
    app.initialize(argv)
  File "<decorator-gen-120>", line 2, in initialize
  File "/home/ubuntu/anaconda3/envs/tensorflow/lib/python3.5/site-packages/traitlets/config/application.py", line 87, in catch_config_error
    return method(app, *args, **kwargs)
  File "/home/ubuntu/anaconda3/envs/tensorflow/lib/python3.5/site-packages/ipykernel/kernelapp.py", line 448, in initialize
    self.init_sockets()
  File "/home/ubuntu/anaconda3/envs/tensorflow/lib/python3.5/site-packages/ipykernel/kernelapp.py", line 238, in init_sockets
    self.shell_port = self._bind_socket(self.shell_socket, self.shell_port)
  File "/home/ubuntu/anaconda3/envs/tensorflow/lib/python3.5/site-packages/ipykernel/kernelapp.py", line 180, in _bind_socket
    s.bind("tcp://%s:%i" % (self.ip, port))
  File "zmq/backend/cython/socket.pyx", line 495, in zmq.backend.cython.socket.Socket.bind (zmq/backend/cython/socket.c:5653)
  File "zmq/backend/cython/checkrc.pxd", line 25, in zmq.backend.cython.checkrc._check_rc (zmq/backend/cython/socket.c:10014)
zmq.error.ZMQError: Address already in use
[W 11:08:23.923 NotebookApp] KernelRestarter: restart failed
[W 11:08:23.923 NotebookApp] Kernel 94e538ba-3600-4539-977c-e48d50979a27 died, removing from map.
[W 11:08:23.923 NotebookApp] Restarting kernel failed: 94e538ba-3600-4539-977c-e48d50979a27
[E 11:08:23.924 NotebookApp] Exception restarting kernel
    Traceback (most recent call last):
      File "/home/ubuntu/anaconda3/envs/tensorflow/lib/python3.5/site-packages/notebook/services/kernels/handlers.py", line 90, in post
        yield gen.maybe_future(km.restart_kernel(kernel_id))
      File "/home/ubuntu/anaconda3/envs/tensorflow/lib/python3.5/site-packages/tornado/gen.py", line 1055, in run
        value = future.result()
      File "/home/ubuntu/anaconda3/envs/tensorflow/lib/python3.5/site-packages/tornado/concurrent.py", line 238, in result
        raise_exc_info(self._exc_info)
      File "<string>", line 4, in raise_exc_info
    RuntimeError: Restart failed
[E 11:08:23.931 NotebookApp] {
      "Cookie": "_xsrf=2|0e33bfcb|fc754facc9c2e11304f5d538c1b17eea|1496910608; username-ec2-52-23-181-20-compute-1-amazonaws-com-8888=\"2|1:0|10:1496910705|54:username-ec2-52-23-181-20-compute-1-amazonaws-com-8888|44:YmQ2N2M4MjcyNDZiNGM2Mzk0MWJjMjY2MGZmMjk1Nzc=|daa85a6efce20afdd5863a3998f543f189664499bb372b1789169ae381e273e1\"",
      "Connection": "keep-alive",
      "Accept": "application/json, text/javascript, */*; q=0.01",
      "X-Xsrftoken": "2|0e33bfcb|fc754facc9c2e11304f5d538c1b17eea|1496910608",
      "Content-Length": "0",
      "Accept-Language": "en-US,en;q=0.8",
      "Referer": "https://ec2-52-23-181-20.compute-1.amazonaws.com:8888/notebooks/python%20first%20analysis.ipynb",
      "User-Agent": "Mozilla/5.0 (Windows NT 10.0; Win64; x64) AppleWebKit/537.36 (KHTML, like Gecko) Chrome/58.0.3029.110 Safari/537.36",
      "Host": "ec2-52-23-181-20.compute-1.amazonaws.com:8888",
      "Accept-Encoding": "gzip, deflate, br",
      "Origin": "https://ec2-52-23-181-20.compute-1.amazonaws.com:8888",
      "X-Requested-With": "XMLHttpRequest"
    }
[E 11:08:23.931 NotebookApp] 500 POST /api/kernels/94e538ba-3600-4539-977c-e48d50979a27/restart (210.84.24.239) 20882.22ms referer=https://ec2-52-23-181-20.compute-1.amazonaws.com:8888/notebooks/python%20first%20analysis.ipynb
[W 11:08:24.187 NotebookApp] Kernel deleted before session
[W 11:08:24.187 NotebookApp] 410 DELETE /api/sessions/1aa26261-1623-4f2e-8194-390ea5f09b8d (210.84.24.239) 4.89ms referer=https://ec2-52-23-181-20.compute-1.amazonaws.com:8888/notebooks/python%20first%20analysis.ipynb
[I 11:08:24.454 NotebookApp] Kernel started: 01615557-f891-4a92-9d9d-ceb496f91fe7
[I 11:08:33.524 NotebookApp] Kernel restarted: 01615557-f891-4a92-9d9d-ceb496f91fe7
[W 11:08:41.911 NotebookApp] Timeout waiting for kernel_info_reply: 94e538ba-3600-4539-977c-e48d50979a27
[E 11:08:41.911 NotebookApp] Exception restarting kernel
    Traceback (most recent call last):
      File "/home/ubuntu/anaconda3/envs/tensorflow/lib/python3.5/site-packages/notebook/services/kernels/handlers.py", line 90, in post
        yield gen.maybe_future(km.restart_kernel(kernel_id))
      File "/home/ubuntu/anaconda3/envs/tensorflow/lib/python3.5/site-packages/tornado/gen.py", line 1055, in run
        value = future.result()
      File "/home/ubuntu/anaconda3/envs/tensorflow/lib/python3.5/site-packages/tornado/concurrent.py", line 238, in result
        raise_exc_info(self._exc_info)
      File "<string>", line 4, in raise_exc_info
    tornado.gen.TimeoutError: Timeout waiting for restart
[E 11:08:41.912 NotebookApp] {
      "Cookie": "_xsrf=2|0e33bfcb|fc754facc9c2e11304f5d538c1b17eea|1496910608; username-ec2-52-23-181-20-compute-1-amazonaws-com-8888=\"2|1:0|10:1496910705|54:username-ec2-52-23-181-20-compute-1-amazonaws-com-8888|44:YmQ2N2M4MjcyNDZiNGM2Mzk0MWJjMjY2MGZmMjk1Nzc=|daa85a6efce20afdd5863a3998f543f189664499bb372b1789169ae381e273e1\"",
      "Connection": "keep-alive",
      "Accept": "application/json, text/javascript, */*; q=0.01",
      "X-Xsrftoken": "2|0e33bfcb|fc754facc9c2e11304f5d538c1b17eea|1496910608",
      "Content-Length": "0",
      "Accept-Language": "en-US,en;q=0.8",
      "Referer": "https://ec2-52-23-181-20.compute-1.amazonaws.com:8888/notebooks/python%20first%20analysis.ipynb",
      "User-Agent": "Mozilla/5.0 (Windows NT 10.0; Win64; x64) AppleWebKit/537.36 (KHTML, like Gecko) Chrome/58.0.3029.110 Safari/537.36",
      "Host": "ec2-52-23-181-20.compute-1.amazonaws.com:8888",
      "Accept-Encoding": "gzip, deflate, br",
      "Origin": "https://ec2-52-23-181-20.compute-1.amazonaws.com:8888",
      "X-Requested-With": "XMLHttpRequest"
    }
[E 11:08:41.912 NotebookApp] 500 POST /api/kernels/94e538ba-3600-4539-977c-e48d50979a27/restart (210.84.24.239) 30206.21ms referer=https://ec2-52-23-181-20.compute-1.amazonaws.com:8888/notebooks/python%20first%20analysis.ipynb
[I 11:08:42.566 NotebookApp] Kernel shutdown: 01615557-f891-4a92-9d9d-ceb496f91fe7
[I 11:08:42.826 NotebookApp] Kernel started: cdec0a71-c6c7-4b98-8963-656e894ab385
[I 11:09:05.539 NotebookApp] Saving file at /python first analysis.ipynb
[C 11:11:28.966 NotebookApp] received signal 15, stopping
[I 11:11:28.967 NotebookApp] Shutting down kernels
[I 11:11:29.068 NotebookApp] Kernel shutdown: cdec0a71-c6c7-4b98-8963-656e894ab385
[I 11:11:29.069 NotebookApp] Kernel shutdown: 30ec25ab-8b97-4862-b84c-c39238eb2e79
[I 11:11:29.069 NotebookApp] Kernel shutdown: 945d0ce4-4718-4f2c-8e65-345a6b25fb2e
[I 10:32:55.518 NotebookApp] Writing notebook server cookie secret to /run/user/1000/jupyter/notebook_cookie_secret
[I 10:33:39.194 NotebookApp] Serving notebooks from local directory: /home/ubuntu/Projects/.Repositories/kgl_balmersPeak/imaterialist
[I 10:33:39.194 NotebookApp] 0 active kernels 
[I 10:33:39.194 NotebookApp] The Jupyter Notebook is running at: https://[all ip addresses on your system]:8888/
[I 10:33:39.194 NotebookApp] Use Control-C to stop this server and shut down all kernels (twice to skip confirmation).
[I 10:36:26.847 NotebookApp] 302 GET / (210.84.24.239) 0.66ms
[I 10:36:27.249 NotebookApp] 302 GET /tree? (210.84.24.239) 1.05ms
[I 10:36:37.788 NotebookApp] 302 POST /login?next=%2Ftree%3F (210.84.24.239) 1.16ms
[I 10:40:35.481 NotebookApp] Creating new notebook in 
[I 10:40:49.990 NotebookApp] Kernel started: 0eb10963-fa1e-4f11-b0d4-739755a74df4
[I 10:41:25.662 NotebookApp] Kernel started: 2f834f62-8ada-4795-a5b2-d40981725d4a
[I 10:42:50.058 NotebookApp] Saving file at /python first model.ipynb
[I 10:42:58.603 NotebookApp] Saving file at /python first model.ipynb
[I 10:43:09.108 NotebookApp] Saving file at /python first model.ipynb
[I 10:43:51.236 NotebookApp] Saving file at /python first model.ipynb
OpenCV Error: Assertion failed (ssize.width > 0 && ssize.height > 0) in resize, file /io/opencv/modules/imgproc/src/imgwarp.cpp, line 3492
OpenCV Error: Assertion failed (ssize.width > 0 && ssize.height > 0) in resize, file /io/opencv/modules/imgproc/src/imgwarp.cpp, line 3492
OpenCV Error: Assertion failed (ssize.width > 0 && ssize.height > 0) in resize, file /io/opencv/modules/imgproc/src/imgwarp.cpp, line 3492
Premature end of JPEG file
OpenCV Error: Assertion failed (ssize.width > 0 && ssize.height > 0) in resize, file /io/opencv/modules/imgproc/src/imgwarp.cpp, line 3492
OpenCV Error: Assertion failed (ssize.width > 0 && ssize.height > 0) in resize, file /io/opencv/modules/imgproc/src/imgwarp.cpp, line 3492
OpenCV Error: Assertion failed (ssize.width > 0 && ssize.height > 0) in resize, file /io/opencv/modules/imgproc/src/imgwarp.cpp, line 3492
OpenCV Error: Assertion failed (ssize.width > 0 && ssize.height > 0) in resize, file /io/opencv/modules/imgproc/src/imgwarp.cpp, line 3492
Premature end of JPEG file
OpenCV Error: Assertion failed (ssize.width > 0 && ssize.height > 0) in resize, file /io/opencv/modules/imgproc/src/imgwarp.cpp, line 3492
Premature end of JPEG file
OpenCV Error: Assertion failed (ssize.width > 0 && ssize.height > 0) in resize, file /io/opencv/modules/imgproc/src/imgwarp.cpp, line 3492
Premature end of JPEG file
OpenCV Error: Assertion failed (ssize.width > 0 && ssize.height > 0) in resize, file /io/opencv/modules/imgproc/src/imgwarp.cpp, line 3492
Premature end of JPEG file
OpenCV Error: Assertion failed (ssize.width > 0 && ssize.height > 0) in resize, file /io/opencv/modules/imgproc/src/imgwarp.cpp, line 3492
OpenCV Error: Assertion failed (ssize.width > 0 && ssize.height > 0) in resize, file /io/opencv/modules/imgproc/src/imgwarp.cpp, line 3492
OpenCV Error: Assertion failed (ssize.width > 0 && ssize.height > 0) in resize, file /io/opencv/modules/imgproc/src/imgwarp.cpp, line 3492
OpenCV Error: Assertion failed (ssize.width > 0 && ssize.height > 0) in resize, file /io/opencv/modules/imgproc/src/imgwarp.cpp, line 3492
Premature end of JPEG file
OpenCV Error: Assertion failed (ssize.width > 0 && ssize.height > 0) in resize, file /io/opencv/modules/imgproc/src/imgwarp.cpp, line 3492
OpenCV Error: Assertion failed (ssize.width > 0 && ssize.height > 0) in resize, file /io/opencv/modules/imgproc/src/imgwarp.cpp, line 3492
OpenCV Error: Assertion failed (ssize.width > 0 && ssize.height > 0) in resize, file /io/opencv/modules/imgproc/src/imgwarp.cpp, line 3492
OpenCV Error: Assertion failed (ssize.width > 0 && ssize.height > 0) in resize, file /io/opencv/modules/imgproc/src/imgwarp.cpp, line 3492
OpenCV Error: Assertion failed (ssize.width > 0 && ssize.height > 0) in resize, file /io/opencv/modules/imgproc/src/imgwarp.cpp, line 3492
OpenCV Error: Assertion failed (ssize.width > 0 && ssize.height > 0) in resize, file /io/opencv/modules/imgproc/src/imgwarp.cpp, line 3492
[I 10:44:50.056 NotebookApp] Saving file at /python first model.ipynb
OpenCV Error: Assertion failed (ssize.width > 0 && ssize.height > 0) in resize, file /io/opencv/modules/imgproc/src/imgwarp.cpp, line 3492
OpenCV Error: Assertion failed (ssize.width > 0 && ssize.height > 0) in resize, file /io/opencv/modules/imgproc/src/imgwarp.cpp, line 3492
OpenCV Error: Assertion failed (ssize.width > 0 && ssize.height > 0) in resize, file /io/opencv/modules/imgproc/src/imgwarp.cpp, line 3492
OpenCV Error: Assertion failed (ssize.width > 0 && ssize.height > 0) in resize, file /io/opencv/modules/imgproc/src/imgwarp.cpp, line 3492
Premature end of JPEG file
OpenCV Error: Assertion failed (ssize.width > 0 && ssize.height > 0) in resize, file /io/opencv/modules/imgproc/src/imgwarp.cpp, line 3492
OpenCV Error: Assertion failed (ssize.width > 0 && ssize.height > 0) in resize, file /io/opencv/modules/imgproc/src/imgwarp.cpp, line 3492
OpenCV Error: Assertion failed (ssize.width > 0 && ssize.height > 0) in resize, file /io/opencv/modules/imgproc/src/imgwarp.cpp, line 3492
OpenCV Error: Assertion failed (ssize.width > 0 && ssize.height > 0) in resize, file /io/opencv/modules/imgproc/src/imgwarp.cpp, line 3492
OpenCV Error: Assertion failed (ssize.width > 0 && ssize.height > 0) in resize, file /io/opencv/modules/imgproc/src/imgwarp.cpp, line 3492
OpenCV Error: Assertion failed (ssize.width > 0 && ssize.height > 0) in resize, file /io/opencv/modules/imgproc/src/imgwarp.cpp, line 3492
Premature end of JPEG file
OpenCV Error: Assertion failed (ssize.width > 0 && ssize.height > 0) in resize, file /io/opencv/modules/imgproc/src/imgwarp.cpp, line 3492
OpenCV Error: Assertion failed (ssize.width > 0 && ssize.height > 0) in resize, file /io/opencv/modules/imgproc/src/imgwarp.cpp, line 3492
OpenCV Error: Assertion failed (ssize.width > 0 && ssize.height > 0) in resize, file /io/opencv/modules/imgproc/src/imgwarp.cpp, line 3492
OpenCV Error: Assertion failed (ssize.width > 0 && ssize.height > 0) in resize, file /io/opencv/modules/imgproc/src/imgwarp.cpp, line 3492
OpenCV Error: Assertion failed (ssize.width > 0 && ssize.height > 0) in resize, file /io/opencv/modules/imgproc/src/imgwarp.cpp, line 3492
OpenCV Error: Assertion failed (ssize.width > 0 && ssize.height > 0) in resize, file /io/opencv/modules/imgproc/src/imgwarp.cpp, line 3492
OpenCV Error: Assertion failed (ssize.width > 0 && ssize.height > 0) in resize, file /io/opencv/modules/imgproc/src/imgwarp.cpp, line 3492
OpenCV Error: Assertion failed (ssize.width > 0 && ssize.height > 0) in resize, file /io/opencv/modules/imgproc/src/imgwarp.cpp, line 3492
OpenCV Error: Assertion failed (ssize.width > 0 && ssize.height > 0) in resize, file /io/opencv/modules/imgproc/src/imgwarp.cpp, line 3492
Premature end of JPEG file
OpenCV Error: Assertion failed (ssize.width > 0 && ssize.height > 0) in resize, file /io/opencv/modules/imgproc/src/imgwarp.cpp, line 3492
OpenCV Error: Assertion failed (ssize.width > 0 && ssize.height > 0) in resize, file /io/opencv/modules/imgproc/src/imgwarp.cpp, line 3492
Premature end of JPEG file
Premature end of JPEG file
Premature end of JPEG file
OpenCV Error: Assertion failed (ssize.width > 0 && ssize.height > 0) in resize, file /io/opencv/modules/imgproc/src/imgwarp.cpp, line 3492
OpenCV Error: Assertion failed (ssize.width > 0 && ssize.height > 0) in resize, file /io/opencv/modules/imgproc/src/imgwarp.cpp, line 3492
Premature end of JPEG file
OpenCV Error: Assertion failed (ssize.width > 0 && ssize.height > 0) in resize, file /io/opencv/modules/imgproc/src/imgwarp.cpp, line 3492
OpenCV Error: Assertion failed (ssize.width > 0 && ssize.height > 0) in resize, file /io/opencv/modules/imgproc/src/imgwarp.cpp, line 3492
OpenCV Error: Assertion failed (ssize.width > 0 && ssize.height > 0) in resize, file /io/opencv/modules/imgproc/src/imgwarp.cpp, line 3492
Premature end of JPEG file
Premature end of JPEG file
OpenCV Error: Assertion failed (ssize.width > 0 && ssize.height > 0) in resize, file /io/opencv/modules/imgproc/src/imgwarp.cpp, line 3492
Premature end of JPEG file
OpenCV Error: Assertion failed (ssize.width > 0 && ssize.height > 0) in resize, file /io/opencv/modules/imgproc/src/imgwarp.cpp, line 3492
OpenCV Error: Assertion failed (ssize.width > 0 && ssize.height > 0) in resize, file /io/opencv/modules/imgproc/src/imgwarp.cpp, line 3492
OpenCV Error: Assertion failed (ssize.width > 0 && ssize.height > 0) in resize, file /io/opencv/modules/imgproc/src/imgwarp.cpp, line 3492
OpenCV Error: Assertion failed (ssize.width > 0 && ssize.height > 0) in resize, file /io/opencv/modules/imgproc/src/imgwarp.cpp, line 3492
OpenCV Error: Assertion failed (ssize.width > 0 && ssize.height > 0) in resize, file /io/opencv/modules/imgproc/src/imgwarp.cpp, line 3492
Premature end of JPEG file
OpenCV Error: Assertion failed (ssize.width > 0 && ssize.height > 0) in resize, file /io/opencv/modules/imgproc/src/imgwarp.cpp, line 3492
Premature end of JPEG file
OpenCV Error: Assertion failed (ssize.width > 0 && ssize.height > 0) in resize, file /io/opencv/modules/imgproc/src/imgwarp.cpp, line 3492
Premature end of JPEG file
OpenCV Error: Assertion failed (ssize.width > 0 && ssize.height > 0) in resize, file /io/opencv/modules/imgproc/src/imgwarp.cpp, line 3492
OpenCV Error: Assertion failed (ssize.width > 0 && ssize.height > 0) in resize, file /io/opencv/modules/imgproc/src/imgwarp.cpp, line 3492
OpenCV Error: Assertion failed (ssize.width > 0 && ssize.height > 0) in resize, file /io/opencv/modules/imgproc/src/imgwarp.cpp, line 3492
OpenCV Error: Assertion failed (ssize.width > 0 && ssize.height > 0) in resize, file /io/opencv/modules/imgproc/src/imgwarp.cpp, line 3492
OpenCV Error: Assertion failed (ssize.width > 0 && ssize.height > 0) in resize, file /io/opencv/modules/imgproc/src/imgwarp.cpp, line 3492
OpenCV Error: Assertion failed (ssize.width > 0 && ssize.height > 0) in resize, file /io/opencv/modules/imgproc/src/imgwarp.cpp, line 3492
OpenCV Error: Assertion failed (ssize.width > 0 && ssize.height > 0) in resize, file /io/opencv/modules/imgproc/src/imgwarp.cpp, line 3492
OpenCV Error: Assertion failed (ssize.width > 0 && ssize.height > 0) in resize, file /io/opencv/modules/imgproc/src/imgwarp.cpp, line 3492
OpenCV Error: Assertion failed (ssize.width > 0 && ssize.height > 0) in resize, file /io/opencv/modules/imgproc/src/imgwarp.cpp, line 3492
Premature end of JPEG file
OpenCV Error: Assertion failed (ssize.width > 0 && ssize.height > 0) in resize, file /io/opencv/modules/imgproc/src/imgwarp.cpp, line 3492
OpenCV Error: Assertion failed (ssize.width > 0 && ssize.height > 0) in resize, file /io/opencv/modules/imgproc/src/imgwarp.cpp, line 3492
OpenCV Error: Assertion failed (ssize.width > 0 && ssize.height > 0) in resize, file /io/opencv/modules/imgproc/src/imgwarp.cpp, line 3492
OpenCV Error: Assertion failed (ssize.width > 0 && ssize.height > 0) in resize, file /io/opencv/modules/imgproc/src/imgwarp.cpp, line 3492
OpenCV Error: Assertion failed (ssize.width > 0 && ssize.height > 0) in resize, file /io/opencv/modules/imgproc/src/imgwarp.cpp, line 3492
OpenCV Error: Assertion failed (ssize.width > 0 && ssize.height > 0) in resize, file /io/opencv/modules/imgproc/src/imgwarp.cpp, line 3492
OpenCV Error: Assertion failed (ssize.width > 0 && ssize.height > 0) in resize, file /io/opencv/modules/imgproc/src/imgwarp.cpp, line 3492
OpenCV Error: Assertion failed (ssize.width > 0 && ssize.height > 0) in resize, file /io/opencv/modules/imgproc/src/imgwarp.cpp, line 3492
OpenCV Error: Assertion failed (ssize.width > 0 && ssize.height > 0) in resize, file /io/opencv/modules/imgproc/src/imgwarp.cpp, line 3492
Premature end of JPEG file
OpenCV Error: Assertion failed (ssize.width > 0 && ssize.height > 0) in resize, file /io/opencv/modules/imgproc/src/imgwarp.cpp, line 3492
OpenCV Error: Assertion failed (ssize.width > 0 && ssize.height > 0) in resize, file /io/opencv/modules/imgproc/src/imgwarp.cpp, line 3492
Premature end of JPEG file
OpenCV Error: Assertion failed (ssize.width > 0 && ssize.height > 0) in resize, file /io/opencv/modules/imgproc/src/imgwarp.cpp, line 3492
OpenCV Error: Assertion failed (ssize.width > 0 && ssize.height > 0) in resize, file /io/opencv/modules/imgproc/src/imgwarp.cpp, line 3492
OpenCV Error: Assertion failed (ssize.width > 0 && ssize.height > 0) in resize, file /io/opencv/modules/imgproc/src/imgwarp.cpp, line 3492
OpenCV Error: Assertion failed (ssize.width > 0 && ssize.height > 0) in resize, file /io/opencv/modules/imgproc/src/imgwarp.cpp, line 3492
OpenCV Error: Assertion failed (ssize.width > 0 && ssize.height > 0) in resize, file /io/opencv/modules/imgproc/src/imgwarp.cpp, line 3492
OpenCV Error: Assertion failed (ssize.width > 0 && ssize.height > 0) in resize, file /io/opencv/modules/imgproc/src/imgwarp.cpp, line 3492
OpenCV Error: Assertion failed (ssize.width > 0 && ssize.height > 0) in resize, file /io/opencv/modules/imgproc/src/imgwarp.cpp, line 3492
OpenCV Error: Assertion failed (ssize.width > 0 && ssize.height > 0) in resize, file /io/opencv/modules/imgproc/src/imgwarp.cpp, line 3492
Premature end of JPEG file
OpenCV Error: Assertion failed (ssize.width > 0 && ssize.height > 0) in resize, file /io/opencv/modules/imgproc/src/imgwarp.cpp, line 3492
OpenCV Error: Assertion failed (ssize.width > 0 && ssize.height > 0) in resize, file /io/opencv/modules/imgproc/src/imgwarp.cpp, line 3492
OpenCV Error: Assertion failed (ssize.width > 0 && ssize.height > 0) in resize, file /io/opencv/modules/imgproc/src/imgwarp.cpp, line 3492
OpenCV Error: Assertion failed (ssize.width > 0 && ssize.height > 0) in resize, file /io/opencv/modules/imgproc/src/imgwarp.cpp, line 3492
OpenCV Error: Assertion failed (ssize.width > 0 && ssize.height > 0) in resize, file /io/opencv/modules/imgproc/src/imgwarp.cpp, line 3492
OpenCV Error: Assertion failed (ssize.width > 0 && ssize.height > 0) in resize, file /io/opencv/modules/imgproc/src/imgwarp.cpp, line 3492
OpenCV Error: Assertion failed (ssize.width > 0 && ssize.height > 0) in resize, file /io/opencv/modules/imgproc/src/imgwarp.cpp, line 3492
OpenCV Error: Assertion failed (ssize.width > 0 && ssize.height > 0) in resize, file /io/opencv/modules/imgproc/src/imgwarp.cpp, line 3492
Premature end of JPEG file
OpenCV Error: Assertion failed (ssize.width > 0 && ssize.height > 0) in resize, file /io/opencv/modules/imgproc/src/imgwarp.cpp, line 3492
OpenCV Error: Assertion failed (ssize.width > 0 && ssize.height > 0) in resize, file /io/opencv/modules/imgproc/src/imgwarp.cpp, line 3492
OpenCV Error: Assertion failed (ssize.width > 0 && ssize.height > 0) in resize, file /io/opencv/modules/imgproc/src/imgwarp.cpp, line 3492
OpenCV Error: Assertion failed (ssize.width > 0 && ssize.height > 0) in resize, file /io/opencv/modules/imgproc/src/imgwarp.cpp, line 3492
OpenCV Error: Assertion failed (ssize.width > 0 && ssize.height > 0) in resize, file /io/opencv/modules/imgproc/src/imgwarp.cpp, line 3492
OpenCV Error: Assertion failed (ssize.width > 0 && ssize.height > 0) in resize, file /io/opencv/modules/imgproc/src/imgwarp.cpp, line 3492
Premature end of JPEG file
OpenCV Error: Assertion failed (ssize.width > 0 && ssize.height > 0) in resize, file /io/opencv/modules/imgproc/src/imgwarp.cpp, line 3492
OpenCV Error: Assertion failed (ssize.width > 0 && ssize.height > 0) in resize, file /io/opencv/modules/imgproc/src/imgwarp.cpp, line 3492
Premature end of JPEG file
OpenCV Error: Assertion failed (ssize.width > 0 && ssize.height > 0) in resize, file /io/opencv/modules/imgproc/src/imgwarp.cpp, line 3492
OpenCV Error: Assertion failed (ssize.width > 0 && ssize.height > 0) in resize, file /io/opencv/modules/imgproc/src/imgwarp.cpp, line 3492
Premature end of JPEG file
OpenCV Error: Assertion failed (ssize.width > 0 && ssize.height > 0) in resize, file /io/opencv/modules/imgproc/src/imgwarp.cpp, line 3492
OpenCV Error: Assertion failed (ssize.width > 0 && ssize.height > 0) in resize, file /io/opencv/modules/imgproc/src/imgwarp.cpp, line 3492
OpenCV Error: Assertion failed (ssize.width > 0 && ssize.height > 0) in resize, file /io/opencv/modules/imgproc/src/imgwarp.cpp, line 3492
OpenCV Error: Assertion failed (ssize.width > 0 && ssize.height > 0) in resize, file /io/opencv/modules/imgproc/src/imgwarp.cpp, line 3492
OpenCV Error: Assertion failed (ssize.width > 0 && ssize.height > 0) in resize, file /io/opencv/modules/imgproc/src/imgwarp.cpp, line 3492
OpenCV Error: Assertion failed (ssize.width > 0 && ssize.height > 0) in resize, file /io/opencv/modules/imgproc/src/imgwarp.cpp, line 3492
Premature end of JPEG file
OpenCV Error: Assertion failed (ssize.width > 0 && ssize.height > 0) in resize, file /io/opencv/modules/imgproc/src/imgwarp.cpp, line 3492
OpenCV Error: Assertion failed (ssize.width > 0 && ssize.height > 0) in resize, file /io/opencv/modules/imgproc/src/imgwarp.cpp, line 3492
OpenCV Error: Assertion failed (ssize.width > 0 && ssize.height > 0) in resize, file /io/opencv/modules/imgproc/src/imgwarp.cpp, line 3492
Premature end of JPEG file
OpenCV Error: Assertion failed (ssize.width > 0 && ssize.height > 0) in resize, file /io/opencv/modules/imgproc/src/imgwarp.cpp, line 3492
OpenCV Error: Assertion failed (ssize.width > 0 && ssize.height > 0) in resize, file /io/opencv/modules/imgproc/src/imgwarp.cpp, line 3492
OpenCV Error: Assertion failed (ssize.width > 0 && ssize.height > 0) in resize, file /io/opencv/modules/imgproc/src/imgwarp.cpp, line 3492
Premature end of JPEG file
OpenCV Error: Assertion failed (ssize.width > 0 && ssize.height > 0) in resize, file /io/opencv/modules/imgproc/src/imgwarp.cpp, line 3492
OpenCV Error: Assertion failed (ssize.width > 0 && ssize.height > 0) in resize, file /io/opencv/modules/imgproc/src/imgwarp.cpp, line 3492
OpenCV Error: Assertion failed (ssize.width > 0 && ssize.height > 0) in resize, file /io/opencv/modules/imgproc/src/imgwarp.cpp, line 3492
OpenCV Error: Assertion failed (ssize.width > 0 && ssize.height > 0) in resize, file /io/opencv/modules/imgproc/src/imgwarp.cpp, line 3492
OpenCV Error: Assertion failed (ssize.width > 0 && ssize.height > 0) in resize, file /io/opencv/modules/imgproc/src/imgwarp.cpp, line 3492
Premature end of JPEG file
OpenCV Error: Assertion failed (ssize.width > 0 && ssize.height > 0) in resize, file /io/opencv/modules/imgproc/src/imgwarp.cpp, line 3492
Premature end of JPEG file
OpenCV Error: Assertion failed (ssize.width > 0 && ssize.height > 0) in resize, file /io/opencv/modules/imgproc/src/imgwarp.cpp, line 3492
OpenCV Error: Assertion failed (ssize.width > 0 && ssize.height > 0) in resize, file /io/opencv/modules/imgproc/src/imgwarp.cpp, line 3492
OpenCV Error: Assertion failed (ssize.width > 0 && ssize.height > 0) in resize, file /io/opencv/modules/imgproc/src/imgwarp.cpp, line 3492
OpenCV Error: Assertion failed (ssize.width > 0 && ssize.height > 0) in resize, file /io/opencv/modules/imgproc/src/imgwarp.cpp, line 3492
OpenCV Error: Assertion failed (ssize.width > 0 && ssize.height > 0) in resize, file /io/opencv/modules/imgproc/src/imgwarp.cpp, line 3492
OpenCV Error: Assertion failed (ssize.width > 0 && ssize.height > 0) in resize, file /io/opencv/modules/imgproc/src/imgwarp.cpp, line 3492
OpenCV Error: Assertion failed (ssize.width > 0 && ssize.height > 0) in resize, file /io/opencv/modules/imgproc/src/imgwarp.cpp, line 3492
OpenCV Error: Assertion failed (ssize.width > 0 && ssize.height > 0) in resize, file /io/opencv/modules/imgproc/src/imgwarp.cpp, line 3492
Premature end of JPEG file
Premature end of JPEG file
OpenCV Error: Assertion failed (ssize.width > 0 && ssize.height > 0) in resize, file /io/opencv/modules/imgproc/src/imgwarp.cpp, line 3492
OpenCV Error: Assertion failed (ssize.width > 0 && ssize.height > 0) in resize, file /io/opencv/modules/imgproc/src/imgwarp.cpp, line 3492
OpenCV Error: Assertion failed (ssize.width > 0 && ssize.height > 0) in resize, file /io/opencv/modules/imgproc/src/imgwarp.cpp, line 3492
OpenCV Error: Assertion failed (ssize.width > 0 && ssize.height > 0) in resize, file /io/opencv/modules/imgproc/src/imgwarp.cpp, line 3492
OpenCV Error: Assertion failed (ssize.width > 0 && ssize.height > 0) in resize, file /io/opencv/modules/imgproc/src/imgwarp.cpp, line 3492
OpenCV Error: Assertion failed (ssize.width > 0 && ssize.height > 0) in resize, file /io/opencv/modules/imgproc/src/imgwarp.cpp, line 3492
OpenCV Error: Assertion failed (ssize.width > 0 && ssize.height > 0) in resize, file /io/opencv/modules/imgproc/src/imgwarp.cpp, line 3492
OpenCV Error: Assertion failed (ssize.width > 0 && ssize.height > 0) in resize, file /io/opencv/modules/imgproc/src/imgwarp.cpp, line 3492
OpenCV Error: Assertion failed (ssize.width > 0 && ssize.height > 0) in resize, file /io/opencv/modules/imgproc/src/imgwarp.cpp, line 3492
OpenCV Error: Assertion failed (ssize.width > 0 && ssize.height > 0) in resize, file /io/opencv/modules/imgproc/src/imgwarp.cpp, line 3492
OpenCV Error: Assertion failed (ssize.width > 0 && ssize.height > 0) in resize, file /io/opencv/modules/imgproc/src/imgwarp.cpp, line 3492
OpenCV Error: Assertion failed (ssize.width > 0 && ssize.height > 0) in resize, file /io/opencv/modules/imgproc/src/imgwarp.cpp, line 3492
OpenCV Error: Assertion failed (ssize.width > 0 && ssize.height > 0) in resize, file /io/opencv/modules/imgproc/src/imgwarp.cpp, line 3492
OpenCV Error: Assertion failed (ssize.width > 0 && ssize.height > 0) in resize, file /io/opencv/modules/imgproc/src/imgwarp.cpp, line 3492
OpenCV Error: Assertion failed (ssize.width > 0 && ssize.height > 0) in resize, file /io/opencv/modules/imgproc/src/imgwarp.cpp, line 3492
OpenCV Error: Assertion failed (ssize.width > 0 && ssize.height > 0) in resize, file /io/opencv/modules/imgproc/src/imgwarp.cpp, line 3492
OpenCV Error: Assertion failed (ssize.width > 0 && ssize.height > 0) in resize, file /io/opencv/modules/imgproc/src/imgwarp.cpp, line 3492
OpenCV Error: Assertion failed (ssize.width > 0 && ssize.height > 0) in resize, file /io/opencv/modules/imgproc/src/imgwarp.cpp, line 3492
OpenCV Error: Assertion failed (ssize.width > 0 && ssize.height > 0) in resize, file /io/opencv/modules/imgproc/src/imgwarp.cpp, line 3492
OpenCV Error: Assertion failed (ssize.width > 0 && ssize.height > 0) in resize, file /io/opencv/modules/imgproc/src/imgwarp.cpp, line 3492
OpenCV Error: Assertion failed (ssize.width > 0 && ssize.height > 0) in resize, file /io/opencv/modules/imgproc/src/imgwarp.cpp, line 3492
OpenCV Error: Assertion failed (ssize.width > 0 && ssize.height > 0) in resize, file /io/opencv/modules/imgproc/src/imgwarp.cpp, line 3492
OpenCV Error: Assertion failed (ssize.width > 0 && ssize.height > 0) in resize, file /io/opencv/modules/imgproc/src/imgwarp.cpp, line 3492
OpenCV Error: Assertion failed (ssize.width > 0 && ssize.height > 0) in resize, file /io/opencv/modules/imgproc/src/imgwarp.cpp, line 3492
OpenCV Error: Assertion failed (ssize.width > 0 && ssize.height > 0) in resize, file /io/opencv/modules/imgproc/src/imgwarp.cpp, line 3492
Premature end of JPEG file
OpenCV Error: Assertion failed (ssize.width > 0 && ssize.height > 0) in resize, file /io/opencv/modules/imgproc/src/imgwarp.cpp, line 3492
OpenCV Error: Assertion failed (ssize.width > 0 && ssize.height > 0) in resize, file /io/opencv/modules/imgproc/src/imgwarp.cpp, line 3492
OpenCV Error: Assertion failed (ssize.width > 0 && ssize.height > 0) in resize, file /io/opencv/modules/imgproc/src/imgwarp.cpp, line 3492
OpenCV Error: Assertion failed (ssize.width > 0 && ssize.height > 0) in resize, file /io/opencv/modules/imgproc/src/imgwarp.cpp, line 3492
OpenCV Error: Assertion failed (ssize.width > 0 && ssize.height > 0) in resize, file /io/opencv/modules/imgproc/src/imgwarp.cpp, line 3492
Premature end of JPEG file
OpenCV Error: Assertion failed (ssize.width > 0 && ssize.height > 0) in resize, file /io/opencv/modules/imgproc/src/imgwarp.cpp, line 3492
OpenCV Error: Assertion failed (ssize.width > 0 && ssize.height > 0) in resize, file /io/opencv/modules/imgproc/src/imgwarp.cpp, line 3492
OpenCV Error: Assertion failed (ssize.width > 0 && ssize.height > 0) in resize, file /io/opencv/modules/imgproc/src/imgwarp.cpp, line 3492
OpenCV Error: Assertion failed (ssize.width > 0 && ssize.height > 0) in resize, file /io/opencv/modules/imgproc/src/imgwarp.cpp, line 3492
OpenCV Error: Assertion failed (ssize.width > 0 && ssize.height > 0) in resize, file /io/opencv/modules/imgproc/src/imgwarp.cpp, line 3492
OpenCV Error: Assertion failed (ssize.width > 0 && ssize.height > 0) in resize, file /io/opencv/modules/imgproc/src/imgwarp.cpp, line 3492
OpenCV Error: Assertion failed (ssize.width > 0 && ssize.height > 0) in resize, file /io/opencv/modules/imgproc/src/imgwarp.cpp, line 3492
OpenCV Error: Assertion failed (ssize.width > 0 && ssize.height > 0) in resize, file /io/opencv/modules/imgproc/src/imgwarp.cpp, line 3492
OpenCV Error: Assertion failed (ssize.width > 0 && ssize.height > 0) in resize, file /io/opencv/modules/imgproc/src/imgwarp.cpp, line 3492
OpenCV Error: Assertion failed (ssize.width > 0 && ssize.height > 0) in resize, file /io/opencv/modules/imgproc/src/imgwarp.cpp, line 3492
Premature end of JPEG file
Premature end of JPEG file
OpenCV Error: Assertion failed (ssize.width > 0 && ssize.height > 0) in resize, file /io/opencv/modules/imgproc/src/imgwarp.cpp, line 3492
Premature end of JPEG file
OpenCV Error: Assertion failed (ssize.width > 0 && ssize.height > 0) in resize, file /io/opencv/modules/imgproc/src/imgwarp.cpp, line 3492
OpenCV Error: Assertion failed (ssize.width > 0 && ssize.height > 0) in resize, file /io/opencv/modules/imgproc/src/imgwarp.cpp, line 3492
OpenCV Error: Assertion failed (ssize.width > 0 && ssize.height > 0) in resize, file /io/opencv/modules/imgproc/src/imgwarp.cpp, line 3492
OpenCV Error: Assertion failed (ssize.width > 0 && ssize.height > 0) in resize, file /io/opencv/modules/imgproc/src/imgwarp.cpp, line 3492
OpenCV Error: Assertion failed (ssize.width > 0 && ssize.height > 0) in resize, file /io/opencv/modules/imgproc/src/imgwarp.cpp, line 3492
Premature end of JPEG file
OpenCV Error: Assertion failed (ssize.width > 0 && ssize.height > 0) in resize, file /io/opencv/modules/imgproc/src/imgwarp.cpp, line 3492
Premature end of JPEG file
OpenCV Error: Assertion failed (ssize.width > 0 && ssize.height > 0) in resize, file /io/opencv/modules/imgproc/src/imgwarp.cpp, line 3492
OpenCV Error: Assertion failed (ssize.width > 0 && ssize.height > 0) in resize, file /io/opencv/modules/imgproc/src/imgwarp.cpp, line 3492
OpenCV Error: Assertion failed (ssize.width > 0 && ssize.height > 0) in resize, file /io/opencv/modules/imgproc/src/imgwarp.cpp, line 3492
Premature end of JPEG file
OpenCV Error: Assertion failed (ssize.width > 0 && ssize.height > 0) in resize, file /io/opencv/modules/imgproc/src/imgwarp.cpp, line 3492
Premature end of JPEG file
OpenCV Error: Assertion failed (ssize.width > 0 && ssize.height > 0) in resize, file /io/opencv/modules/imgproc/src/imgwarp.cpp, line 3492
OpenCV Error: Assertion failed (ssize.width > 0 && ssize.height > 0) in resize, file /io/opencv/modules/imgproc/src/imgwarp.cpp, line 3492
Premature end of JPEG file
Premature end of JPEG file
OpenCV Error: Assertion failed (ssize.width > 0 && ssize.height > 0) in resize, file /io/opencv/modules/imgproc/src/imgwarp.cpp, line 3492
OpenCV Error: Assertion failed (ssize.width > 0 && ssize.height > 0) in resize, file /io/opencv/modules/imgproc/src/imgwarp.cpp, line 3492
OpenCV Error: Assertion failed (ssize.width > 0 && ssize.height > 0) in resize, file /io/opencv/modules/imgproc/src/imgwarp.cpp, line 3492
OpenCV Error: Assertion failed (ssize.width > 0 && ssize.height > 0) in resize, file /io/opencv/modules/imgproc/src/imgwarp.cpp, line 3492
OpenCV Error: Assertion failed (ssize.width > 0 && ssize.height > 0) in resize, file /io/opencv/modules/imgproc/src/imgwarp.cpp, line 3492
Premature end of JPEG file
OpenCV Error: Assertion failed (ssize.width > 0 && ssize.height > 0) in resize, file /io/opencv/modules/imgproc/src/imgwarp.cpp, line 3492
OpenCV Error: Assertion failed (ssize.width > 0 && ssize.height > 0) in resize, file /io/opencv/modules/imgproc/src/imgwarp.cpp, line 3492
OpenCV Error: Assertion failed (ssize.width > 0 && ssize.height > 0) in resize, file /io/opencv/modules/imgproc/src/imgwarp.cpp, line 3492
OpenCV Error: Assertion failed (ssize.width > 0 && ssize.height > 0) in resize, file /io/opencv/modules/imgproc/src/imgwarp.cpp, line 3492
OpenCV Error: Assertion failed (ssize.width > 0 && ssize.height > 0) in resize, file /io/opencv/modules/imgproc/src/imgwarp.cpp, line 3492
OpenCV Error: Assertion failed (ssize.width > 0 && ssize.height > 0) in resize, file /io/opencv/modules/imgproc/src/imgwarp.cpp, line 3492
OpenCV Error: Assertion failed (ssize.width > 0 && ssize.height > 0) in resize, file /io/opencv/modules/imgproc/src/imgwarp.cpp, line 3492
OpenCV Error: Assertion failed (ssize.width > 0 && ssize.height > 0) in resize, file /io/opencv/modules/imgproc/src/imgwarp.cpp, line 3492
OpenCV Error: Assertion failed (ssize.width > 0 && ssize.height > 0) in resize, file /io/opencv/modules/imgproc/src/imgwarp.cpp, line 3492
OpenCV Error: Assertion failed (ssize.width > 0 && ssize.height > 0) in resize, file /io/opencv/modules/imgproc/src/imgwarp.cpp, line 3492
OpenCV Error: Assertion failed (ssize.width > 0 && ssize.height > 0) in resize, file /io/opencv/modules/imgproc/src/imgwarp.cpp, line 3492
OpenCV Error: Assertion failed (ssize.width > 0 && ssize.height > 0) in resize, file /io/opencv/modules/imgproc/src/imgwarp.cpp, line 3492
Premature end of JPEG file
OpenCV Error: Assertion failed (ssize.width > 0 && ssize.height > 0) in resize, file /io/opencv/modules/imgproc/src/imgwarp.cpp, line 3492
Premature end of JPEG file
OpenCV Error: Assertion failed (ssize.width > 0 && ssize.height > 0) in resize, file /io/opencv/modules/imgproc/src/imgwarp.cpp, line 3492
Premature end of JPEG file
OpenCV Error: Assertion failed (ssize.width > 0 && ssize.height > 0) in resize, file /io/opencv/modules/imgproc/src/imgwarp.cpp, line 3492
OpenCV Error: Assertion failed (ssize.width > 0 && ssize.height > 0) in resize, file /io/opencv/modules/imgproc/src/imgwarp.cpp, line 3492
OpenCV Error: Assertion failed (ssize.width > 0 && ssize.height > 0) in resize, file /io/opencv/modules/imgproc/src/imgwarp.cpp, line 3492
OpenCV Error: Assertion failed (ssize.width > 0 && ssize.height > 0) in resize, file /io/opencv/modules/imgproc/src/imgwarp.cpp, line 3492
Premature end of JPEG file
OpenCV Error: Assertion failed (ssize.width > 0 && ssize.height > 0) in resize, file /io/opencv/modules/imgproc/src/imgwarp.cpp, line 3492
OpenCV Error: Assertion failed (ssize.width > 0 && ssize.height > 0) in resize, file /io/opencv/modules/imgproc/src/imgwarp.cpp, line 3492
Premature end of JPEG file
Premature end of JPEG file
OpenCV Error: Assertion failed (ssize.width > 0 && ssize.height > 0) in resize, file /io/opencv/modules/imgproc/src/imgwarp.cpp, line 3492
Premature end of JPEG file
OpenCV Error: Assertion failed (ssize.width > 0 && ssize.height > 0) in resize, file /io/opencv/modules/imgproc/src/imgwarp.cpp, line 3492
OpenCV Error: Assertion failed (ssize.width > 0 && ssize.height > 0) in resize, file /io/opencv/modules/imgproc/src/imgwarp.cpp, line 3492
OpenCV Error: Assertion failed (ssize.width > 0 && ssize.height > 0) in resize, file /io/opencv/modules/imgproc/src/imgwarp.cpp, line 3492
OpenCV Error: Assertion failed (ssize.width > 0 && ssize.height > 0) in resize, file /io/opencv/modules/imgproc/src/imgwarp.cpp, line 3492
Premature end of JPEG file
OpenCV Error: Assertion failed (ssize.width > 0 && ssize.height > 0) in resize, file /io/opencv/modules/imgproc/src/imgwarp.cpp, line 3492
Premature end of JPEG file
OpenCV Error: Assertion failed (ssize.width > 0 && ssize.height > 0) in resize, file /io/opencv/modules/imgproc/src/imgwarp.cpp, line 3492
OpenCV Error: Assertion failed (ssize.width > 0 && ssize.height > 0) in resize, file /io/opencv/modules/imgproc/src/imgwarp.cpp, line 3492
OpenCV Error: Assertion failed (ssize.width > 0 && ssize.height > 0) in resize, file /io/opencv/modules/imgproc/src/imgwarp.cpp, line 3492
Premature end of JPEG file
OpenCV Error: Assertion failed (ssize.width > 0 && ssize.height > 0) in resize, file /io/opencv/modules/imgproc/src/imgwarp.cpp, line 3492
OpenCV Error: Assertion failed (ssize.width > 0 && ssize.height > 0) in resize, file /io/opencv/modules/imgproc/src/imgwarp.cpp, line 3492
OpenCV Error: Assertion failed (ssize.width > 0 && ssize.height > 0) in resize, file /io/opencv/modules/imgproc/src/imgwarp.cpp, line 3492
Premature end of JPEG file
OpenCV Error: Assertion failed (ssize.width > 0 && ssize.height > 0) in resize, file /io/opencv/modules/imgproc/src/imgwarp.cpp, line 3492
OpenCV Error: Assertion failed (ssize.width > 0 && ssize.height > 0) in resize, file /io/opencv/modules/imgproc/src/imgwarp.cpp, line 3492
Premature end of JPEG file
OpenCV Error: Assertion failed (ssize.width > 0 && ssize.height > 0) in resize, file /io/opencv/modules/imgproc/src/imgwarp.cpp, line 3492
OpenCV Error: Assertion failed (ssize.width > 0 && ssize.height > 0) in resize, file /io/opencv/modules/imgproc/src/imgwarp.cpp, line 3492
Premature end of JPEG file
Premature end of JPEG file
OpenCV Error: Assertion failed (ssize.width > 0 && ssize.height > 0) in resize, file /io/opencv/modules/imgproc/src/imgwarp.cpp, line 3492
OpenCV Error: Assertion failed (ssize.width > 0 && ssize.height > 0) in resize, file /io/opencv/modules/imgproc/src/imgwarp.cpp, line 3492
Premature end of JPEG file
OpenCV Error: Assertion failed (ssize.width > 0 && ssize.height > 0) in resize, file /io/opencv/modules/imgproc/src/imgwarp.cpp, line 3492
OpenCV Error: Assertion failed (ssize.width > 0 && ssize.height > 0) in resize, file /io/opencv/modules/imgproc/src/imgwarp.cpp, line 3492
OpenCV Error: Assertion failed (ssize.width > 0 && ssize.height > 0) in resize, file /io/opencv/modules/imgproc/src/imgwarp.cpp, line 3492
Premature end of JPEG file
OpenCV Error: Assertion failed (ssize.width > 0 && ssize.height > 0) in resize, file /io/opencv/modules/imgproc/src/imgwarp.cpp, line 3492
OpenCV Error: Assertion failed (ssize.width > 0 && ssize.height > 0) in resize, file /io/opencv/modules/imgproc/src/imgwarp.cpp, line 3492
OpenCV Error: Assertion failed (ssize.width > 0 && ssize.height > 0) in resize, file /io/opencv/modules/imgproc/src/imgwarp.cpp, line 3492
Premature end of JPEG file
Premature end of JPEG file
OpenCV Error: Assertion failed (ssize.width > 0 && ssize.height > 0) in resize, file /io/opencv/modules/imgproc/src/imgwarp.cpp, line 3492
OpenCV Error: Assertion failed (ssize.width > 0 && ssize.height > 0) in resize, file /io/opencv/modules/imgproc/src/imgwarp.cpp, line 3492
Premature end of JPEG file
OpenCV Error: Assertion failed (ssize.width > 0 && ssize.height > 0) in resize, file /io/opencv/modules/imgproc/src/imgwarp.cpp, line 3492
OpenCV Error: Assertion failed (ssize.width > 0 && ssize.height > 0) in resize, file /io/opencv/modules/imgproc/src/imgwarp.cpp, line 3492
OpenCV Error: Assertion failed (ssize.width > 0 && ssize.height > 0) in resize, file /io/opencv/modules/imgproc/src/imgwarp.cpp, line 3492
OpenCV Error: Assertion failed (ssize.width > 0 && ssize.height > 0) in resize, file /io/opencv/modules/imgproc/src/imgwarp.cpp, line 3492
OpenCV Error: Assertion failed (ssize.width > 0 && ssize.height > 0) in resize, file /io/opencv/modules/imgproc/src/imgwarp.cpp, line 3492
Premature end of JPEG file
OpenCV Error: Assertion failed (ssize.width > 0 && ssize.height > 0) in resize, file /io/opencv/modules/imgproc/src/imgwarp.cpp, line 3492
OpenCV Error: Assertion failed (ssize.width > 0 && ssize.height > 0) in resize, file /io/opencv/modules/imgproc/src/imgwarp.cpp, line 3492
OpenCV Error: Assertion failed (ssize.width > 0 && ssize.height > 0) in resize, file /io/opencv/modules/imgproc/src/imgwarp.cpp, line 3492
OpenCV Error: Assertion failed (ssize.width > 0 && ssize.height > 0) in resize, file /io/opencv/modules/imgproc/src/imgwarp.cpp, line 3492
OpenCV Error: Assertion failed (ssize.width > 0 && ssize.height > 0) in resize, file /io/opencv/modules/imgproc/src/imgwarp.cpp, line 3492
OpenCV Error: Assertion failed (ssize.width > 0 && ssize.height > 0) in resize, file /io/opencv/modules/imgproc/src/imgwarp.cpp, line 3492
OpenCV Error: Assertion failed (ssize.width > 0 && ssize.height > 0) in resize, file /io/opencv/modules/imgproc/src/imgwarp.cpp, line 3492
OpenCV Error: Assertion failed (ssize.width > 0 && ssize.height > 0) in resize, file /io/opencv/modules/imgproc/src/imgwarp.cpp, line 3492
OpenCV Error: Assertion failed (ssize.width > 0 && ssize.height > 0) in resize, file /io/opencv/modules/imgproc/src/imgwarp.cpp, line 3492
OpenCV Error: Assertion failed (ssize.width > 0 && ssize.height > 0) in resize, file /io/opencv/modules/imgproc/src/imgwarp.cpp, line 3492
OpenCV Error: Assertion failed (ssize.width > 0 && ssize.height > 0) in resize, file /io/opencv/modules/imgproc/src/imgwarp.cpp, line 3492
OpenCV Error: Assertion failed (ssize.width > 0 && ssize.height > 0) in resize, file /io/opencv/modules/imgproc/src/imgwarp.cpp, line 3492
OpenCV Error: Assertion failed (ssize.width > 0 && ssize.height > 0) in resize, file /io/opencv/modules/imgproc/src/imgwarp.cpp, line 3492
OpenCV Error: Assertion failed (ssize.width > 0 && ssize.height > 0) in resize, file /io/opencv/modules/imgproc/src/imgwarp.cpp, line 3492
OpenCV Error: Assertion failed (ssize.width > 0 && ssize.height > 0) in resize, file /io/opencv/modules/imgproc/src/imgwarp.cpp, line 3492
OpenCV Error: Assertion failed (ssize.width > 0 && ssize.height > 0) in resize, file /io/opencv/modules/imgproc/src/imgwarp.cpp, line 3492
OpenCV Error: Assertion failed (ssize.width > 0 && ssize.height > 0) in resize, file /io/opencv/modules/imgproc/src/imgwarp.cpp, line 3492
OpenCV Error: Assertion failed (ssize.width > 0 && ssize.height > 0) in resize, file /io/opencv/modules/imgproc/src/imgwarp.cpp, line 3492
OpenCV Error: Assertion failed (ssize.width > 0 && ssize.height > 0) in resize, file /io/opencv/modules/imgproc/src/imgwarp.cpp, line 3492
OpenCV Error: Assertion failed (ssize.width > 0 && ssize.height > 0) in resize, file /io/opencv/modules/imgproc/src/imgwarp.cpp, line 3492
Premature end of JPEG file
Premature end of JPEG file
OpenCV Error: Assertion failed (ssize.width > 0 && ssize.height > 0) in resize, file /io/opencv/modules/imgproc/src/imgwarp.cpp, line 3492
OpenCV Error: Assertion failed (ssize.width > 0 && ssize.height > 0) in resize, file /io/opencv/modules/imgproc/src/imgwarp.cpp, line 3492
OpenCV Error: Assertion failed (ssize.width > 0 && ssize.height > 0) in resize, file /io/opencv/modules/imgproc/src/imgwarp.cpp, line 3492
Premature end of JPEG file
OpenCV Error: Assertion failed (ssize.width > 0 && ssize.height > 0) in resize, file /io/opencv/modules/imgproc/src/imgwarp.cpp, line 3492
OpenCV Error: Assertion failed (ssize.width > 0 && ssize.height > 0) in resize, file /io/opencv/modules/imgproc/src/imgwarp.cpp, line 3492
OpenCV Error: Assertion failed (ssize.width > 0 && ssize.height > 0) in resize, file /io/opencv/modules/imgproc/src/imgwarp.cpp, line 3492
OpenCV Error: Assertion failed (ssize.width > 0 && ssize.height > 0) in resize, file /io/opencv/modules/imgproc/src/imgwarp.cpp, line 3492
OpenCV Error: Assertion failed (ssize.width > 0 && ssize.height > 0) in resize, file /io/opencv/modules/imgproc/src/imgwarp.cpp, line 3492
OpenCV Error: Assertion failed (ssize.width > 0 && ssize.height > 0) in resize, file /io/opencv/modules/imgproc/src/imgwarp.cpp, line 3492
Premature end of JPEG file
OpenCV Error: Assertion failed (ssize.width > 0 && ssize.height > 0) in resize, file /io/opencv/modules/imgproc/src/imgwarp.cpp, line 3492
OpenCV Error: Assertion failed (ssize.width > 0 && ssize.height > 0) in resize, file /io/opencv/modules/imgproc/src/imgwarp.cpp, line 3492
OpenCV Error: Assertion failed (ssize.width > 0 && ssize.height > 0) in resize, file /io/opencv/modules/imgproc/src/imgwarp.cpp, line 3492
Premature end of JPEG file
OpenCV Error: Assertion failed (ssize.width > 0 && ssize.height > 0) in resize, file /io/opencv/modules/imgproc/src/imgwarp.cpp, line 3492
OpenCV Error: Assertion failed (ssize.width > 0 && ssize.height > 0) in resize, file /io/opencv/modules/imgproc/src/imgwarp.cpp, line 3492
OpenCV Error: Assertion failed (ssize.width > 0 && ssize.height > 0) in resize, file /io/opencv/modules/imgproc/src/imgwarp.cpp, line 3492
Premature end of JPEG file
OpenCV Error: Assertion failed (ssize.width > 0 && ssize.height > 0) in resize, file /io/opencv/modules/imgproc/src/imgwarp.cpp, line 3492
OpenCV Error: Assertion failed (ssize.width > 0 && ssize.height > 0) in resize, file /io/opencv/modules/imgproc/src/imgwarp.cpp, line 3492
OpenCV Error: Assertion failed (ssize.width > 0 && ssize.height > 0) in resize, file /io/opencv/modules/imgproc/src/imgwarp.cpp, line 3492
OpenCV Error: Assertion failed (ssize.width > 0 && ssize.height > 0) in resize, file /io/opencv/modules/imgproc/src/imgwarp.cpp, line 3492
OpenCV Error: Assertion failed (ssize.width > 0 && ssize.height > 0) in resize, file /io/opencv/modules/imgproc/src/imgwarp.cpp, line 3492
OpenCV Error: Assertion failed (ssize.width > 0 && ssize.height > 0) in resize, file /io/opencv/modules/imgproc/src/imgwarp.cpp, line 3492
Premature end of JPEG file
OpenCV Error: Assertion failed (ssize.width > 0 && ssize.height > 0) in resize, file /io/opencv/modules/imgproc/src/imgwarp.cpp, line 3492
OpenCV Error: Assertion failed (ssize.width > 0 && ssize.height > 0) in resize, file /io/opencv/modules/imgproc/src/imgwarp.cpp, line 3492
OpenCV Error: Assertion failed (ssize.width > 0 && ssize.height > 0) in resize, file /io/opencv/modules/imgproc/src/imgwarp.cpp, line 3492
OpenCV Error: Assertion failed (ssize.width > 0 && ssize.height > 0) in resize, file /io/opencv/modules/imgproc/src/imgwarp.cpp, line 3492
OpenCV Error: Assertion failed (ssize.width > 0 && ssize.height > 0) in resize, file /io/opencv/modules/imgproc/src/imgwarp.cpp, line 3492
OpenCV Error: Assertion failed (ssize.width > 0 && ssize.height > 0) in resize, file /io/opencv/modules/imgproc/src/imgwarp.cpp, line 3492
OpenCV Error: Assertion failed (ssize.width > 0 && ssize.height > 0) in resize, file /io/opencv/modules/imgproc/src/imgwarp.cpp, line 3492
OpenCV Error: Assertion failed (ssize.width > 0 && ssize.height > 0) in resize, file /io/opencv/modules/imgproc/src/imgwarp.cpp, line 3492
OpenCV Error: Assertion failed (ssize.width > 0 && ssize.height > 0) in resize, file /io/opencv/modules/imgproc/src/imgwarp.cpp, line 3492
OpenCV Error: Assertion failed (ssize.width > 0 && ssize.height > 0) in resize, file /io/opencv/modules/imgproc/src/imgwarp.cpp, line 3492
OpenCV Error: Assertion failed (ssize.width > 0 && ssize.height > 0) in resize, file /io/opencv/modules/imgproc/src/imgwarp.cpp, line 3492
OpenCV Error: Assertion failed (ssize.width > 0 && ssize.height > 0) in resize, file /io/opencv/modules/imgproc/src/imgwarp.cpp, line 3492
Premature end of JPEG file
OpenCV Error: Assertion failed (ssize.width > 0 && ssize.height > 0) in resize, file /io/opencv/modules/imgproc/src/imgwarp.cpp, line 3492
Premature end of JPEG file
OpenCV Error: Assertion failed (ssize.width > 0 && ssize.height > 0) in resize, file /io/opencv/modules/imgproc/src/imgwarp.cpp, line 3492
OpenCV Error: Assertion failed (ssize.width > 0 && ssize.height > 0) in resize, file /io/opencv/modules/imgproc/src/imgwarp.cpp, line 3492
OpenCV Error: Assertion failed (ssize.width > 0 && ssize.height > 0) in resize, file /io/opencv/modules/imgproc/src/imgwarp.cpp, line 3492
OpenCV Error: Assertion failed (ssize.width > 0 && ssize.height > 0) in resize, file /io/opencv/modules/imgproc/src/imgwarp.cpp, line 3492
OpenCV Error: Assertion failed (ssize.width > 0 && ssize.height > 0) in resize, file /io/opencv/modules/imgproc/src/imgwarp.cpp, line 3492
Premature end of JPEG file
OpenCV Error: Assertion failed (ssize.width > 0 && ssize.height > 0) in resize, file /io/opencv/modules/imgproc/src/imgwarp.cpp, line 3492
OpenCV Error: Assertion failed (ssize.width > 0 && ssize.height > 0) in resize, file /io/opencv/modules/imgproc/src/imgwarp.cpp, line 3492
OpenCV Error: Assertion failed (ssize.width > 0 && ssize.height > 0) in resize, file /io/opencv/modules/imgproc/src/imgwarp.cpp, line 3492
OpenCV Error: Assertion failed (ssize.width > 0 && ssize.height > 0) in resize, file /io/opencv/modules/imgproc/src/imgwarp.cpp, line 3492
Premature end of JPEG file
OpenCV Error: Assertion failed (ssize.width > 0 && ssize.height > 0) in resize, file /io/opencv/modules/imgproc/src/imgwarp.cpp, line 3492
Premature end of JPEG file
OpenCV Error: Assertion failed (ssize.width > 0 && ssize.height > 0) in resize, file /io/opencv/modules/imgproc/src/imgwarp.cpp, line 3492
OpenCV Error: Assertion failed (ssize.width > 0 && ssize.height > 0) in resize, file /io/opencv/modules/imgproc/src/imgwarp.cpp, line 3492
OpenCV Error: Assertion failed (ssize.width > 0 && ssize.height > 0) in resize, file /io/opencv/modules/imgproc/src/imgwarp.cpp, line 3492
OpenCV Error: Assertion failed (ssize.width > 0 && ssize.height > 0) in resize, file /io/opencv/modules/imgproc/src/imgwarp.cpp, line 3492
OpenCV Error: Assertion failed (ssize.width > 0 && ssize.height > 0) in resize, file /io/opencv/modules/imgproc/src/imgwarp.cpp, line 3492
OpenCV Error: Assertion failed (ssize.width > 0 && ssize.height > 0) in resize, file /io/opencv/modules/imgproc/src/imgwarp.cpp, line 3492
OpenCV Error: Assertion failed (ssize.width > 0 && ssize.height > 0) in resize, file /io/opencv/modules/imgproc/src/imgwarp.cpp, line 3492
OpenCV Error: Assertion failed (ssize.width > 0 && ssize.height > 0) in resize, file /io/opencv/modules/imgproc/src/imgwarp.cpp, line 3492
Premature end of JPEG file
OpenCV Error: Assertion failed (ssize.width > 0 && ssize.height > 0) in resize, file /io/opencv/modules/imgproc/src/imgwarp.cpp, line 3492
Premature end of JPEG file
OpenCV Error: Assertion failed (ssize.width > 0 && ssize.height > 0) in resize, file /io/opencv/modules/imgproc/src/imgwarp.cpp, line 3492
Premature end of JPEG file
OpenCV Error: Assertion failed (ssize.width > 0 && ssize.height > 0) in resize, file /io/opencv/modules/imgproc/src/imgwarp.cpp, line 3492
OpenCV Error: Assertion failed (ssize.width > 0 && ssize.height > 0) in resize, file /io/opencv/modules/imgproc/src/imgwarp.cpp, line 3492
OpenCV Error: Assertion failed (ssize.width > 0 && ssize.height > 0) in resize, file /io/opencv/modules/imgproc/src/imgwarp.cpp, line 3492
Premature end of JPEG file
OpenCV Error: Assertion failed (ssize.width > 0 && ssize.height > 0) in resize, file /io/opencv/modules/imgproc/src/imgwarp.cpp, line 3492
OpenCV Error: Assertion failed (ssize.width > 0 && ssize.height > 0) in resize, file /io/opencv/modules/imgproc/src/imgwarp.cpp, line 3492
OpenCV Error: Assertion failed (ssize.width > 0 && ssize.height > 0) in resize, file /io/opencv/modules/imgproc/src/imgwarp.cpp, line 3492
OpenCV Error: Assertion failed (ssize.width > 0 && ssize.height > 0) in resize, file /io/opencv/modules/imgproc/src/imgwarp.cpp, line 3492
OpenCV Error: Assertion failed (ssize.width > 0 && ssize.height > 0) in resize, file /io/opencv/modules/imgproc/src/imgwarp.cpp, line 3492
OpenCV Error: Assertion failed (ssize.width > 0 && ssize.height > 0) in resize, file /io/opencv/modules/imgproc/src/imgwarp.cpp, line 3492
Premature end of JPEG file
OpenCV Error: Assertion failed (ssize.width > 0 && ssize.height > 0) in resize, file /io/opencv/modules/imgproc/src/imgwarp.cpp, line 3492
OpenCV Error: Assertion failed (ssize.width > 0 && ssize.height > 0) in resize, file /io/opencv/modules/imgproc/src/imgwarp.cpp, line 3492
Premature end of JPEG file
Premature end of JPEG file
OpenCV Error: Assertion failed (ssize.width > 0 && ssize.height > 0) in resize, file /io/opencv/modules/imgproc/src/imgwarp.cpp, line 3492
OpenCV Error: Assertion failed (ssize.width > 0 && ssize.height > 0) in resize, file /io/opencv/modules/imgproc/src/imgwarp.cpp, line 3492
OpenCV Error: Assertion failed (ssize.width > 0 && ssize.height > 0) in resize, file /io/opencv/modules/imgproc/src/imgwarp.cpp, line 3492
OpenCV Error: Assertion failed (ssize.width > 0 && ssize.height > 0) in resize, file /io/opencv/modules/imgproc/src/imgwarp.cpp, line 3492
OpenCV Error: Assertion failed (ssize.width > 0 && ssize.height > 0) in resize, file /io/opencv/modules/imgproc/src/imgwarp.cpp, line 3492
OpenCV Error: Assertion failed (ssize.width > 0 && ssize.height > 0) in resize, file /io/opencv/modules/imgproc/src/imgwarp.cpp, line 3492
OpenCV Error: Assertion failed (ssize.width > 0 && ssize.height > 0) in resize, file /io/opencv/modules/imgproc/src/imgwarp.cpp, line 3492
OpenCV Error: Assertion failed (ssize.width > 0 && ssize.height > 0) in resize, file /io/opencv/modules/imgproc/src/imgwarp.cpp, line 3492
OpenCV Error: Assertion failed (ssize.width > 0 && ssize.height > 0) in resize, file /io/opencv/modules/imgproc/src/imgwarp.cpp, line 3492
OpenCV Error: Assertion failed (ssize.width > 0 && ssize.height > 0) in resize, file /io/opencv/modules/imgproc/src/imgwarp.cpp, line 3492
OpenCV Error: Assertion failed (ssize.width > 0 && ssize.height > 0) in resize, file /io/opencv/modules/imgproc/src/imgwarp.cpp, line 3492
OpenCV Error: Assertion failed (ssize.width > 0 && ssize.height > 0) in resize, file /io/opencv/modules/imgproc/src/imgwarp.cpp, line 3492
OpenCV Error: Assertion failed (ssize.width > 0 && ssize.height > 0) in resize, file /io/opencv/modules/imgproc/src/imgwarp.cpp, line 3492
OpenCV Error: Assertion failed (ssize.width > 0 && ssize.height > 0) in resize, file /io/opencv/modules/imgproc/src/imgwarp.cpp, line 3492
OpenCV Error: Assertion failed (ssize.width > 0 && ssize.height > 0) in resize, file /io/opencv/modules/imgproc/src/imgwarp.cpp, line 3492
Premature end of JPEG file
Premature end of JPEG file
OpenCV Error: Assertion failed (ssize.width > 0 && ssize.height > 0) in resize, file /io/opencv/modules/imgproc/src/imgwarp.cpp, line 3492
OpenCV Error: Assertion failed (ssize.width > 0 && ssize.height > 0) in resize, file /io/opencv/modules/imgproc/src/imgwarp.cpp, line 3492
OpenCV Error: Assertion failed (ssize.width > 0 && ssize.height > 0) in resize, file /io/opencv/modules/imgproc/src/imgwarp.cpp, line 3492
Premature end of JPEG file
OpenCV Error: Assertion failed (ssize.width > 0 && ssize.height > 0) in resize, file /io/opencv/modules/imgproc/src/imgwarp.cpp, line 3492
Premature end of JPEG file
OpenCV Error: Assertion failed (ssize.width > 0 && ssize.height > 0) in resize, file /io/opencv/modules/imgproc/src/imgwarp.cpp, line 3492
OpenCV Error: Assertion failed (ssize.width > 0 && ssize.height > 0) in resize, file /io/opencv/modules/imgproc/src/imgwarp.cpp, line 3492
OpenCV Error: Assertion failed (ssize.width > 0 && ssize.height > 0) in resize, file /io/opencv/modules/imgproc/src/imgwarp.cpp, line 3492
OpenCV Error: Assertion failed (ssize.width > 0 && ssize.height > 0) in resize, file /io/opencv/modules/imgproc/src/imgwarp.cpp, line 3492
OpenCV Error: Assertion failed (ssize.width > 0 && ssize.height > 0) in resize, file /io/opencv/modules/imgproc/src/imgwarp.cpp, line 3492
OpenCV Error: Assertion failed (ssize.width > 0 && ssize.height > 0) in resize, file /io/opencv/modules/imgproc/src/imgwarp.cpp, line 3492
OpenCV Error: Assertion failed (ssize.width > 0 && ssize.height > 0) in resize, file /io/opencv/modules/imgproc/src/imgwarp.cpp, line 3492
OpenCV Error: Assertion failed (ssize.width > 0 && ssize.height > 0) in resize, file /io/opencv/modules/imgproc/src/imgwarp.cpp, line 3492
OpenCV Error: Assertion failed (ssize.width > 0 && ssize.height > 0) in resize, file /io/opencv/modules/imgproc/src/imgwarp.cpp, line 3492
OpenCV Error: Assertion failed (ssize.width > 0 && ssize.height > 0) in resize, file /io/opencv/modules/imgproc/src/imgwarp.cpp, line 3492
OpenCV Error: Assertion failed (ssize.width > 0 && ssize.height > 0) in resize, file /io/opencv/modules/imgproc/src/imgwarp.cpp, line 3492
OpenCV Error: Assertion failed (ssize.width > 0 && ssize.height > 0) in resize, file /io/opencv/modules/imgproc/src/imgwarp.cpp, line 3492
OpenCV Error: Assertion failed (ssize.width > 0 && ssize.height > 0) in resize, file /io/opencv/modules/imgproc/src/imgwarp.cpp, line 3492
OpenCV Error: Assertion failed (ssize.width > 0 && ssize.height > 0) in resize, file /io/opencv/modules/imgproc/src/imgwarp.cpp, line 3492
Premature end of JPEG file
OpenCV Error: Assertion failed (ssize.width > 0 && ssize.height > 0) in resize, file /io/opencv/modules/imgproc/src/imgwarp.cpp, line 3492
OpenCV Error: Assertion failed (ssize.width > 0 && ssize.height > 0) in resize, file /io/opencv/modules/imgproc/src/imgwarp.cpp, line 3492
OpenCV Error: Assertion failed (ssize.width > 0 && ssize.height > 0) in resize, file /io/opencv/modules/imgproc/src/imgwarp.cpp, line 3492
Premature end of JPEG file
Premature end of JPEG file
OpenCV Error: Assertion failed (ssize.width > 0 && ssize.height > 0) in resize, file /io/opencv/modules/imgproc/src/imgwarp.cpp, line 3492
OpenCV Error: Assertion failed (ssize.width > 0 && ssize.height > 0) in resize, file /io/opencv/modules/imgproc/src/imgwarp.cpp, line 3492
OpenCV Error: Assertion failed (ssize.width > 0 && ssize.height > 0) in resize, file /io/opencv/modules/imgproc/src/imgwarp.cpp, line 3492
OpenCV Error: Assertion failed (ssize.width > 0 && ssize.height > 0) in resize, file /io/opencv/modules/imgproc/src/imgwarp.cpp, line 3492
OpenCV Error: Assertion failed (ssize.width > 0 && ssize.height > 0) in resize, file /io/opencv/modules/imgproc/src/imgwarp.cpp, line 3492
Premature end of JPEG file
OpenCV Error: Assertion failed (ssize.width > 0 && ssize.height > 0) in resize, file /io/opencv/modules/imgproc/src/imgwarp.cpp, line 3492
Premature end of JPEG file
OpenCV Error: Assertion failed (ssize.width > 0 && ssize.height > 0) in resize, file /io/opencv/modules/imgproc/src/imgwarp.cpp, line 3492
OpenCV Error: Assertion failed (ssize.width > 0 && ssize.height > 0) in resize, file /io/opencv/modules/imgproc/src/imgwarp.cpp, line 3492
Premature end of JPEG file
Premature end of JPEG file
OpenCV Error: Assertion failed (ssize.width > 0 && ssize.height > 0) in resize, file /io/opencv/modules/imgproc/src/imgwarp.cpp, line 3492
Premature end of JPEG file
OpenCV Error: Assertion failed (ssize.width > 0 && ssize.height > 0) in resize, file /io/opencv/modules/imgproc/src/imgwarp.cpp, line 3492
OpenCV Error: Assertion failed (ssize.width > 0 && ssize.height > 0) in resize, file /io/opencv/modules/imgproc/src/imgwarp.cpp, line 3492
OpenCV Error: Assertion failed (ssize.width > 0 && ssize.height > 0) in resize, file /io/opencv/modules/imgproc/src/imgwarp.cpp, line 3492
OpenCV Error: Assertion failed (ssize.width > 0 && ssize.height > 0) in resize, file /io/opencv/modules/imgproc/src/imgwarp.cpp, line 3492
OpenCV Error: Assertion failed (ssize.width > 0 && ssize.height > 0) in resize, file /io/opencv/modules/imgproc/src/imgwarp.cpp, line 3492
OpenCV Error: Assertion failed (ssize.width > 0 && ssize.height > 0) in resize, file /io/opencv/modules/imgproc/src/imgwarp.cpp, line 3492
OpenCV Error: Assertion failed (ssize.width > 0 && ssize.height > 0) in resize, file /io/opencv/modules/imgproc/src/imgwarp.cpp, line 3492
OpenCV Error: Assertion failed (ssize.width > 0 && ssize.height > 0) in resize, file /io/opencv/modules/imgproc/src/imgwarp.cpp, line 3492
OpenCV Error: Assertion failed (ssize.width > 0 && ssize.height > 0) in resize, file /io/opencv/modules/imgproc/src/imgwarp.cpp, line 3492
OpenCV Error: Assertion failed (ssize.width > 0 && ssize.height > 0) in resize, file /io/opencv/modules/imgproc/src/imgwarp.cpp, line 3492
Premature end of JPEG file
OpenCV Error: Assertion failed (ssize.width > 0 && ssize.height > 0) in resize, file /io/opencv/modules/imgproc/src/imgwarp.cpp, line 3492
Premature end of JPEG file
Premature end of JPEG file
Premature end of JPEG file
OpenCV Error: Assertion failed (ssize.width > 0 && ssize.height > 0) in resize, file /io/opencv/modules/imgproc/src/imgwarp.cpp, line 3492
OpenCV Error: Assertion failed (ssize.width > 0 && ssize.height > 0) in resize, file /io/opencv/modules/imgproc/src/imgwarp.cpp, line 3492
OpenCV Error: Assertion failed (ssize.width > 0 && ssize.height > 0) in resize, file /io/opencv/modules/imgproc/src/imgwarp.cpp, line 3492
OpenCV Error: Assertion failed (ssize.width > 0 && ssize.height > 0) in resize, file /io/opencv/modules/imgproc/src/imgwarp.cpp, line 3492
Premature end of JPEG file
OpenCV Error: Assertion failed (ssize.width > 0 && ssize.height > 0) in resize, file /io/opencv/modules/imgproc/src/imgwarp.cpp, line 3492
Premature end of JPEG file
OpenCV Error: Assertion failed (ssize.width > 0 && ssize.height > 0) in resize, file /io/opencv/modules/imgproc/src/imgwarp.cpp, line 3492
OpenCV Error: Assertion failed (ssize.width > 0 && ssize.height > 0) in resize, file /io/opencv/modules/imgproc/src/imgwarp.cpp, line 3492
OpenCV Error: Assertion failed (ssize.width > 0 && ssize.height > 0) in resize, file /io/opencv/modules/imgproc/src/imgwarp.cpp, line 3492
OpenCV Error: Assertion failed (ssize.width > 0 && ssize.height > 0) in resize, file /io/opencv/modules/imgproc/src/imgwarp.cpp, line 3492
OpenCV Error: Assertion failed (ssize.width > 0 && ssize.height > 0) in resize, file /io/opencv/modules/imgproc/src/imgwarp.cpp, line 3492
Premature end of JPEG file
OpenCV Error: Assertion failed (ssize.width > 0 && ssize.height > 0) in resize, file /io/opencv/modules/imgproc/src/imgwarp.cpp, line 3492
Premature end of JPEG file
OpenCV Error: Assertion failed (ssize.width > 0 && ssize.height > 0) in resize, file /io/opencv/modules/imgproc/src/imgwarp.cpp, line 3492
OpenCV Error: Assertion failed (ssize.width > 0 && ssize.height > 0) in resize, file /io/opencv/modules/imgproc/src/imgwarp.cpp, line 3492
OpenCV Error: Assertion failed (ssize.width > 0 && ssize.height > 0) in resize, file /io/opencv/modules/imgproc/src/imgwarp.cpp, line 3492
OpenCV Error: Assertion failed (ssize.width > 0 && ssize.height > 0) in resize, file /io/opencv/modules/imgproc/src/imgwarp.cpp, line 3492
Premature end of JPEG file
OpenCV Error: Assertion failed (ssize.width > 0 && ssize.height > 0) in resize, file /io/opencv/modules/imgproc/src/imgwarp.cpp, line 3492
OpenCV Error: Assertion failed (ssize.width > 0 && ssize.height > 0) in resize, file /io/opencv/modules/imgproc/src/imgwarp.cpp, line 3492
Premature end of JPEG file
OpenCV Error: Assertion failed (ssize.width > 0 && ssize.height > 0) in resize, file /io/opencv/modules/imgproc/src/imgwarp.cpp, line 3492
Premature end of JPEG file
Premature end of JPEG file
OpenCV Error: Assertion failed (ssize.width > 0 && ssize.height > 0) in resize, file /io/opencv/modules/imgproc/src/imgwarp.cpp, line 3492
OpenCV Error: Assertion failed (ssize.width > 0 && ssize.height > 0) in resize, file /io/opencv/modules/imgproc/src/imgwarp.cpp, line 3492
OpenCV Error: Assertion failed (ssize.width > 0 && ssize.height > 0) in resize, file /io/opencv/modules/imgproc/src/imgwarp.cpp, line 3492
OpenCV Error: Assertion failed (ssize.width > 0 && ssize.height > 0) in resize, file /io/opencv/modules/imgproc/src/imgwarp.cpp, line 3492
OpenCV Error: Assertion failed (ssize.width > 0 && ssize.height > 0) in resize, file /io/opencv/modules/imgproc/src/imgwarp.cpp, line 3492
OpenCV Error: Assertion failed (ssize.width > 0 && ssize.height > 0) in resize, file /io/opencv/modules/imgproc/src/imgwarp.cpp, line 3492
OpenCV Error: Assertion failed (ssize.width > 0 && ssize.height > 0) in resize, file /io/opencv/modules/imgproc/src/imgwarp.cpp, line 3492
OpenCV Error: Assertion failed (ssize.width > 0 && ssize.height > 0) in resize, file /io/opencv/modules/imgproc/src/imgwarp.cpp, line 3492
OpenCV Error: Assertion failed (ssize.width > 0 && ssize.height > 0) in resize, file /io/opencv/modules/imgproc/src/imgwarp.cpp, line 3492
OpenCV Error: Assertion failed (ssize.width > 0 && ssize.height > 0) in resize, file /io/opencv/modules/imgproc/src/imgwarp.cpp, line 3492
Premature end of JPEG file
OpenCV Error: Assertion failed (ssize.width > 0 && ssize.height > 0) in resize, file /io/opencv/modules/imgproc/src/imgwarp.cpp, line 3492
Premature end of JPEG file
Premature end of JPEG file
OpenCV Error: Assertion failed (ssize.width > 0 && ssize.height > 0) in resize, file /io/opencv/modules/imgproc/src/imgwarp.cpp, line 3492
OpenCV Error: Assertion failed (ssize.width > 0 && ssize.height > 0) in resize, file /io/opencv/modules/imgproc/src/imgwarp.cpp, line 3492
OpenCV Error: Assertion failed (ssize.width > 0 && ssize.height > 0) in resize, file /io/opencv/modules/imgproc/src/imgwarp.cpp, line 3492
Premature end of JPEG file
OpenCV Error: Assertion failed (ssize.width > 0 && ssize.height > 0) in resize, file /io/opencv/modules/imgproc/src/imgwarp.cpp, line 3492
OpenCV Error: Assertion failed (ssize.width > 0 && ssize.height > 0) in resize, file /io/opencv/modules/imgproc/src/imgwarp.cpp, line 3492
OpenCV Error: Assertion failed (ssize.width > 0 && ssize.height > 0) in resize, file /io/opencv/modules/imgproc/src/imgwarp.cpp, line 3492
Premature end of JPEG file
Premature end of JPEG file
OpenCV Error: Assertion failed (ssize.width > 0 && ssize.height > 0) in resize, file /io/opencv/modules/imgproc/src/imgwarp.cpp, line 3492
OpenCV Error: Assertion failed (ssize.width > 0 && ssize.height > 0) in resize, file /io/opencv/modules/imgproc/src/imgwarp.cpp, line 3492
Premature end of JPEG file
OpenCV Error: Assertion failed (ssize.width > 0 && ssize.height > 0) in resize, file /io/opencv/modules/imgproc/src/imgwarp.cpp, line 3492
OpenCV Error: Assertion failed (ssize.width > 0 && ssize.height > 0) in resize, file /io/opencv/modules/imgproc/src/imgwarp.cpp, line 3492
OpenCV Error: Assertion failed (ssize.width > 0 && ssize.height > 0) in resize, file /io/opencv/modules/imgproc/src/imgwarp.cpp, line 3492
OpenCV Error: Assertion failed (ssize.width > 0 && ssize.height > 0) in resize, file /io/opencv/modules/imgproc/src/imgwarp.cpp, line 3492
OpenCV Error: Assertion failed (ssize.width > 0 && ssize.height > 0) in resize, file /io/opencv/modules/imgproc/src/imgwarp.cpp, line 3492
OpenCV Error: Assertion failed (ssize.width > 0 && ssize.height > 0) in resize, file /io/opencv/modules/imgproc/src/imgwarp.cpp, line 3492
Premature end of JPEG file
OpenCV Error: Assertion failed (ssize.width > 0 && ssize.height > 0) in resize, file /io/opencv/modules/imgproc/src/imgwarp.cpp, line 3492
Premature end of JPEG file
OpenCV Error: Assertion failed (ssize.width > 0 && ssize.height > 0) in resize, file /io/opencv/modules/imgproc/src/imgwarp.cpp, line 3492
OpenCV Error: Assertion failed (ssize.width > 0 && ssize.height > 0) in resize, file /io/opencv/modules/imgproc/src/imgwarp.cpp, line 3492
OpenCV Error: Assertion failed (ssize.width > 0 && ssize.height > 0) in resize, file /io/opencv/modules/imgproc/src/imgwarp.cpp, line 3492
OpenCV Error: Assertion failed (ssize.width > 0 && ssize.height > 0) in resize, file /io/opencv/modules/imgproc/src/imgwarp.cpp, line 3492
Premature end of JPEG file
Premature end of JPEG file
OpenCV Error: Assertion failed (ssize.width > 0 && ssize.height > 0) in resize, file /io/opencv/modules/imgproc/src/imgwarp.cpp, line 3492
OpenCV Error: Assertion failed (ssize.width > 0 && ssize.height > 0) in resize, file /io/opencv/modules/imgproc/src/imgwarp.cpp, line 3492
OpenCV Error: Assertion failed (ssize.width > 0 && ssize.height > 0) in resize, file /io/opencv/modules/imgproc/src/imgwarp.cpp, line 3492
OpenCV Error: Assertion failed (ssize.width > 0 && ssize.height > 0) in resize, file /io/opencv/modules/imgproc/src/imgwarp.cpp, line 3492
OpenCV Error: Assertion failed (ssize.width > 0 && ssize.height > 0) in resize, file /io/opencv/modules/imgproc/src/imgwarp.cpp, line 3492
OpenCV Error: Assertion failed (ssize.width > 0 && ssize.height > 0) in resize, file /io/opencv/modules/imgproc/src/imgwarp.cpp, line 3492
OpenCV Error: Assertion failed (ssize.width > 0 && ssize.height > 0) in resize, file /io/opencv/modules/imgproc/src/imgwarp.cpp, line 3492
OpenCV Error: Assertion failed (ssize.width > 0 && ssize.height > 0) in resize, file /io/opencv/modules/imgproc/src/imgwarp.cpp, line 3492
OpenCV Error: Assertion failed (ssize.width > 0 && ssize.height > 0) in resize, file /io/opencv/modules/imgproc/src/imgwarp.cpp, line 3492
OpenCV Error: Assertion failed (ssize.width > 0 && ssize.height > 0) in resize, file /io/opencv/modules/imgproc/src/imgwarp.cpp, line 3492
Premature end of JPEG file
OpenCV Error: Assertion failed (ssize.width > 0 && ssize.height > 0) in resize, file /io/opencv/modules/imgproc/src/imgwarp.cpp, line 3492
OpenCV Error: Assertion failed (ssize.width > 0 && ssize.height > 0) in resize, file /io/opencv/modules/imgproc/src/imgwarp.cpp, line 3492
OpenCV Error: Assertion failed (ssize.width > 0 && ssize.height > 0) in resize, file /io/opencv/modules/imgproc/src/imgwarp.cpp, line 3492
OpenCV Error: Assertion failed (ssize.width > 0 && ssize.height > 0) in resize, file /io/opencv/modules/imgproc/src/imgwarp.cpp, line 3492
OpenCV Error: Assertion failed (ssize.width > 0 && ssize.height > 0) in resize, file /io/opencv/modules/imgproc/src/imgwarp.cpp, line 3492
Premature end of JPEG file
OpenCV Error: Assertion failed (ssize.width > 0 && ssize.height > 0) in resize, file /io/opencv/modules/imgproc/src/imgwarp.cpp, line 3492
OpenCV Error: Assertion failed (ssize.width > 0 && ssize.height > 0) in resize, file /io/opencv/modules/imgproc/src/imgwarp.cpp, line 3492
OpenCV Error: Assertion failed (ssize.width > 0 && ssize.height > 0) in resize, file /io/opencv/modules/imgproc/src/imgwarp.cpp, line 3492
OpenCV Error: Assertion failed (ssize.width > 0 && ssize.height > 0) in resize, file /io/opencv/modules/imgproc/src/imgwarp.cpp, line 3492
Premature end of JPEG file
OpenCV Error: Assertion failed (ssize.width > 0 && ssize.height > 0) in resize, file /io/opencv/modules/imgproc/src/imgwarp.cpp, line 3492
OpenCV Error: Assertion failed (ssize.width > 0 && ssize.height > 0) in resize, file /io/opencv/modules/imgproc/src/imgwarp.cpp, line 3492
OpenCV Error: Assertion failed (ssize.width > 0 && ssize.height > 0) in resize, file /io/opencv/modules/imgproc/src/imgwarp.cpp, line 3492
OpenCV Error: Assertion failed (ssize.width > 0 && ssize.height > 0) in resize, file /io/opencv/modules/imgproc/src/imgwarp.cpp, line 3492
OpenCV Error: Assertion failed (ssize.width > 0 && ssize.height > 0) in resize, file /io/opencv/modules/imgproc/src/imgwarp.cpp, line 3492
Premature end of JPEG file
OpenCV Error: Assertion failed (ssize.width > 0 && ssize.height > 0) in resize, file /io/opencv/modules/imgproc/src/imgwarp.cpp, line 3492
OpenCV Error: Assertion failed (ssize.width > 0 && ssize.height > 0) in resize, file /io/opencv/modules/imgproc/src/imgwarp.cpp, line 3492
OpenCV Error: Assertion failed (ssize.width > 0 && ssize.height > 0) in resize, file /io/opencv/modules/imgproc/src/imgwarp.cpp, line 3492
OpenCV Error: Assertion failed (ssize.width > 0 && ssize.height > 0) in resize, file /io/opencv/modules/imgproc/src/imgwarp.cpp, line 3492
OpenCV Error: Assertion failed (ssize.width > 0 && ssize.height > 0) in resize, file /io/opencv/modules/imgproc/src/imgwarp.cpp, line 3492
Premature end of JPEG file
OpenCV Error: Assertion failed (ssize.width > 0 && ssize.height > 0) in resize, file /io/opencv/modules/imgproc/src/imgwarp.cpp, line 3492
Premature end of JPEG file
OpenCV Error: Assertion failed (ssize.width > 0 && ssize.height > 0) in resize, file /io/opencv/modules/imgproc/src/imgwarp.cpp, line 3492
Premature end of JPEG file
OpenCV Error: Assertion failed (ssize.width > 0 && ssize.height > 0) in resize, file /io/opencv/modules/imgproc/src/imgwarp.cpp, line 3492
Premature end of JPEG file
OpenCV Error: Assertion failed (ssize.width > 0 && ssize.height > 0) in resize, file /io/opencv/modules/imgproc/src/imgwarp.cpp, line 3492
OpenCV Error: Assertion failed (ssize.width > 0 && ssize.height > 0) in resize, file /io/opencv/modules/imgproc/src/imgwarp.cpp, line 3492
OpenCV Error: Assertion failed (ssize.width > 0 && ssize.height > 0) in resize, file /io/opencv/modules/imgproc/src/imgwarp.cpp, line 3492
OpenCV Error: Assertion failed (ssize.width > 0 && ssize.height > 0) in resize, file /io/opencv/modules/imgproc/src/imgwarp.cpp, line 3492
Premature end of JPEG file
OpenCV Error: Assertion failed (ssize.width > 0 && ssize.height > 0) in resize, file /io/opencv/modules/imgproc/src/imgwarp.cpp, line 3492
OpenCV Error: Assertion failed (ssize.width > 0 && ssize.height > 0) in resize, file /io/opencv/modules/imgproc/src/imgwarp.cpp, line 3492
OpenCV Error: Assertion failed (ssize.width > 0 && ssize.height > 0) in resize, file /io/opencv/modules/imgproc/src/imgwarp.cpp, line 3492
OpenCV Error: Assertion failed (ssize.width > 0 && ssize.height > 0) in resize, file /io/opencv/modules/imgproc/src/imgwarp.cpp, line 3492
OpenCV Error: Assertion failed (ssize.width > 0 && ssize.height > 0) in resize, file /io/opencv/modules/imgproc/src/imgwarp.cpp, line 3492
OpenCV Error: Assertion failed (ssize.width > 0 && ssize.height > 0) in resize, file /io/opencv/modules/imgproc/src/imgwarp.cpp, line 3492
OpenCV Error: Assertion failed (ssize.width > 0 && ssize.height > 0) in resize, file /io/opencv/modules/imgproc/src/imgwarp.cpp, line 3492
Premature end of JPEG file
OpenCV Error: Assertion failed (ssize.width > 0 && ssize.height > 0) in resize, file /io/opencv/modules/imgproc/src/imgwarp.cpp, line 3492
OpenCV Error: Assertion failed (ssize.width > 0 && ssize.height > 0) in resize, file /io/opencv/modules/imgproc/src/imgwarp.cpp, line 3492
Premature end of JPEG file
OpenCV Error: Assertion failed (ssize.width > 0 && ssize.height > 0) in resize, file /io/opencv/modules/imgproc/src/imgwarp.cpp, line 3492
OpenCV Error: Assertion failed (ssize.width > 0 && ssize.height > 0) in resize, file /io/opencv/modules/imgproc/src/imgwarp.cpp, line 3492
OpenCV Error: Assertion failed (ssize.width > 0 && ssize.height > 0) in resize, file /io/opencv/modules/imgproc/src/imgwarp.cpp, line 3492
OpenCV Error: Assertion failed (ssize.width > 0 && ssize.height > 0) in resize, file /io/opencv/modules/imgproc/src/imgwarp.cpp, line 3492
OpenCV Error: Assertion failed (ssize.width > 0 && ssize.height > 0) in resize, file /io/opencv/modules/imgproc/src/imgwarp.cpp, line 3492
OpenCV Error: Assertion failed (ssize.width > 0 && ssize.height > 0) in resize, file /io/opencv/modules/imgproc/src/imgwarp.cpp, line 3492
OpenCV Error: Assertion failed (ssize.width > 0 && ssize.height > 0) in resize, file /io/opencv/modules/imgproc/src/imgwarp.cpp, line 3492
OpenCV Error: Assertion failed (ssize.width > 0 && ssize.height > 0) in resize, file /io/opencv/modules/imgproc/src/imgwarp.cpp, line 3492
Premature end of JPEG file
Premature end of JPEG file
Premature end of JPEG file
Premature end of JPEG file
Premature end of JPEG file
Premature end of JPEG file
Premature end of JPEG file
OpenCV Error: Assertion failed (ssize.width > 0 && ssize.height > 0) in resize, file /io/opencv/modules/imgproc/src/imgwarp.cpp, line 3492
OpenCV Error: Assertion failed (ssize.width > 0 && ssize.height > 0) in resize, file /io/opencv/modules/imgproc/src/imgwarp.cpp, line 3492
OpenCV Error: Assertion failed (ssize.width > 0 && ssize.height > 0) in resize, file /io/opencv/modules/imgproc/src/imgwarp.cpp, line 3492
OpenCV Error: Assertion failed (ssize.width > 0 && ssize.height > 0) in resize, file /io/opencv/modules/imgproc/src/imgwarp.cpp, line 3492
OpenCV Error: Assertion failed (ssize.width > 0 && ssize.height > 0) in resize, file /io/opencv/modules/imgproc/src/imgwarp.cpp, line 3492
Premature end of JPEG file
OpenCV Error: Assertion failed (ssize.width > 0 && ssize.height > 0) in resize, file /io/opencv/modules/imgproc/src/imgwarp.cpp, line 3492
OpenCV Error: Assertion failed (ssize.width > 0 && ssize.height > 0) in resize, file /io/opencv/modules/imgproc/src/imgwarp.cpp, line 3492
Premature end of JPEG file
OpenCV Error: Assertion failed (ssize.width > 0 && ssize.height > 0) in resize, file /io/opencv/modules/imgproc/src/imgwarp.cpp, line 3492
OpenCV Error: Assertion failed (ssize.width > 0 && ssize.height > 0) in resize, file /io/opencv/modules/imgproc/src/imgwarp.cpp, line 3492
OpenCV Error: Assertion failed (ssize.width > 0 && ssize.height > 0) in resize, file /io/opencv/modules/imgproc/src/imgwarp.cpp, line 3492
OpenCV Error: Assertion failed (ssize.width > 0 && ssize.height > 0) in resize, file /io/opencv/modules/imgproc/src/imgwarp.cpp, line 3492
OpenCV Error: Assertion failed (ssize.width > 0 && ssize.height > 0) in resize, file /io/opencv/modules/imgproc/src/imgwarp.cpp, line 3492
OpenCV Error: Assertion failed (ssize.width > 0 && ssize.height > 0) in resize, file /io/opencv/modules/imgproc/src/imgwarp.cpp, line 3492
Premature end of JPEG file
Premature end of JPEG file
OpenCV Error: Assertion failed (ssize.width > 0 && ssize.height > 0) in resize, file /io/opencv/modules/imgproc/src/imgwarp.cpp, line 3492
Premature end of JPEG file
OpenCV Error: Assertion failed (ssize.width > 0 && ssize.height > 0) in resize, file /io/opencv/modules/imgproc/src/imgwarp.cpp, line 3492
OpenCV Error: Assertion failed (ssize.width > 0 && ssize.height > 0) in resize, file /io/opencv/modules/imgproc/src/imgwarp.cpp, line 3492
Premature end of JPEG file
OpenCV Error: Assertion failed (ssize.width > 0 && ssize.height > 0) in resize, file /io/opencv/modules/imgproc/src/imgwarp.cpp, line 3492
OpenCV Error: Assertion failed (ssize.width > 0 && ssize.height > 0) in resize, file /io/opencv/modules/imgproc/src/imgwarp.cpp, line 3492
OpenCV Error: Assertion failed (ssize.width > 0 && ssize.height > 0) in resize, file /io/opencv/modules/imgproc/src/imgwarp.cpp, line 3492
OpenCV Error: Assertion failed (ssize.width > 0 && ssize.height > 0) in resize, file /io/opencv/modules/imgproc/src/imgwarp.cpp, line 3492
Premature end of JPEG file
Premature end of JPEG file
OpenCV Error: Assertion failed (ssize.width > 0 && ssize.height > 0) in resize, file /io/opencv/modules/imgproc/src/imgwarp.cpp, line 3492
OpenCV Error: Assertion failed (ssize.width > 0 && ssize.height > 0) in resize, file /io/opencv/modules/imgproc/src/imgwarp.cpp, line 3492
OpenCV Error: Assertion failed (ssize.width > 0 && ssize.height > 0) in resize, file /io/opencv/modules/imgproc/src/imgwarp.cpp, line 3492
OpenCV Error: Assertion failed (ssize.width > 0 && ssize.height > 0) in resize, file /io/opencv/modules/imgproc/src/imgwarp.cpp, line 3492
Premature end of JPEG file
OpenCV Error: Assertion failed (ssize.width > 0 && ssize.height > 0) in resize, file /io/opencv/modules/imgproc/src/imgwarp.cpp, line 3492
OpenCV Error: Assertion failed (ssize.width > 0 && ssize.height > 0) in resize, file /io/opencv/modules/imgproc/src/imgwarp.cpp, line 3492
OpenCV Error: Assertion failed (ssize.width > 0 && ssize.height > 0) in resize, file /io/opencv/modules/imgproc/src/imgwarp.cpp, line 3492
OpenCV Error: Assertion failed (ssize.width > 0 && ssize.height > 0) in resize, file /io/opencv/modules/imgproc/src/imgwarp.cpp, line 3492
OpenCV Error: Assertion failed (ssize.width > 0 && ssize.height > 0) in resize, file /io/opencv/modules/imgproc/src/imgwarp.cpp, line 3492
Premature end of JPEG file
OpenCV Error: Assertion failed (ssize.width > 0 && ssize.height > 0) in resize, file /io/opencv/modules/imgproc/src/imgwarp.cpp, line 3492
Premature end of JPEG file
Premature end of JPEG file
OpenCV Error: Assertion failed (ssize.width > 0 && ssize.height > 0) in resize, file /io/opencv/modules/imgproc/src/imgwarp.cpp, line 3492
OpenCV Error: Assertion failed (ssize.width > 0 && ssize.height > 0) in resize, file /io/opencv/modules/imgproc/src/imgwarp.cpp, line 3492
Premature end of JPEG file
OpenCV Error: Assertion failed (ssize.width > 0 && ssize.height > 0) in resize, file /io/opencv/modules/imgproc/src/imgwarp.cpp, line 3492
OpenCV Error: Assertion failed (ssize.width > 0 && ssize.height > 0) in resize, file /io/opencv/modules/imgproc/src/imgwarp.cpp, line 3492
Premature end of JPEG file
OpenCV Error: Assertion failed (ssize.width > 0 && ssize.height > 0) in resize, file /io/opencv/modules/imgproc/src/imgwarp.cpp, line 3492
OpenCV Error: Assertion failed (ssize.width > 0 && ssize.height > 0) in resize, file /io/opencv/modules/imgproc/src/imgwarp.cpp, line 3492
OpenCV Error: Assertion failed (ssize.width > 0 && ssize.height > 0) in resize, file /io/opencv/modules/imgproc/src/imgwarp.cpp, line 3492
OpenCV Error: Assertion failed (ssize.width > 0 && ssize.height > 0) in resize, file /io/opencv/modules/imgproc/src/imgwarp.cpp, line 3492
Premature end of JPEG file
OpenCV Error: Assertion failed (ssize.width > 0 && ssize.height > 0) in resize, file /io/opencv/modules/imgproc/src/imgwarp.cpp, line 3492
OpenCV Error: Assertion failed (ssize.width > 0 && ssize.height > 0) in resize, file /io/opencv/modules/imgproc/src/imgwarp.cpp, line 3492
OpenCV Error: Assertion failed (ssize.width > 0 && ssize.height > 0) in resize, file /io/opencv/modules/imgproc/src/imgwarp.cpp, line 3492
OpenCV Error: Assertion failed (ssize.width > 0 && ssize.height > 0) in resize, file /io/opencv/modules/imgproc/src/imgwarp.cpp, line 3492
OpenCV Error: Assertion failed (ssize.width > 0 && ssize.height > 0) in resize, file /io/opencv/modules/imgproc/src/imgwarp.cpp, line 3492
OpenCV Error: Assertion failed (ssize.width > 0 && ssize.height > 0) in resize, file /io/opencv/modules/imgproc/src/imgwarp.cpp, line 3492
Premature end of JPEG file
Premature end of JPEG file
OpenCV Error: Assertion failed (ssize.width > 0 && ssize.height > 0) in resize, file /io/opencv/modules/imgproc/src/imgwarp.cpp, line 3492
OpenCV Error: Assertion failed (ssize.width > 0 && ssize.height > 0) in resize, file /io/opencv/modules/imgproc/src/imgwarp.cpp, line 3492
OpenCV Error: Assertion failed (ssize.width > 0 && ssize.height > 0) in resize, file /io/opencv/modules/imgproc/src/imgwarp.cpp, line 3492
OpenCV Error: Assertion failed (ssize.width > 0 && ssize.height > 0) in resize, file /io/opencv/modules/imgproc/src/imgwarp.cpp, line 3492
Premature end of JPEG file
OpenCV Error: Assertion failed (ssize.width > 0 && ssize.height > 0) in resize, file /io/opencv/modules/imgproc/src/imgwarp.cpp, line 3492
OpenCV Error: Assertion failed (ssize.width > 0 && ssize.height > 0) in resize, file /io/opencv/modules/imgproc/src/imgwarp.cpp, line 3492
OpenCV Error: Assertion failed (ssize.width > 0 && ssize.height > 0) in resize, file /io/opencv/modules/imgproc/src/imgwarp.cpp, line 3492
OpenCV Error: Assertion failed (ssize.width > 0 && ssize.height > 0) in resize, file /io/opencv/modules/imgproc/src/imgwarp.cpp, line 3492
OpenCV Error: Assertion failed (ssize.width > 0 && ssize.height > 0) in resize, file /io/opencv/modules/imgproc/src/imgwarp.cpp, line 3492
OpenCV Error: Assertion failed (ssize.width > 0 && ssize.height > 0) in resize, file /io/opencv/modules/imgproc/src/imgwarp.cpp, line 3492
Premature end of JPEG file
OpenCV Error: Assertion failed (ssize.width > 0 && ssize.height > 0) in resize, file /io/opencv/modules/imgproc/src/imgwarp.cpp, line 3492
Premature end of JPEG file
Premature end of JPEG file
OpenCV Error: Assertion failed (ssize.width > 0 && ssize.height > 0) in resize, file /io/opencv/modules/imgproc/src/imgwarp.cpp, line 3492
OpenCV Error: Assertion failed (ssize.width > 0 && ssize.height > 0) in resize, file /io/opencv/modules/imgproc/src/imgwarp.cpp, line 3492
OpenCV Error: Assertion failed (ssize.width > 0 && ssize.height > 0) in resize, file /io/opencv/modules/imgproc/src/imgwarp.cpp, line 3492
OpenCV Error: Assertion failed (ssize.width > 0 && ssize.height > 0) in resize, file /io/opencv/modules/imgproc/src/imgwarp.cpp, line 3492
OpenCV Error: Assertion failed (ssize.width > 0 && ssize.height > 0) in resize, file /io/opencv/modules/imgproc/src/imgwarp.cpp, line 3492
OpenCV Error: Assertion failed (ssize.width > 0 && ssize.height > 0) in resize, file /io/opencv/modules/imgproc/src/imgwarp.cpp, line 3492
OpenCV Error: Assertion failed (ssize.width > 0 && ssize.height > 0) in resize, file /io/opencv/modules/imgproc/src/imgwarp.cpp, line 3492
Premature end of JPEG file
OpenCV Error: Assertion failed (ssize.width > 0 && ssize.height > 0) in resize, file /io/opencv/modules/imgproc/src/imgwarp.cpp, line 3492
Premature end of JPEG file
OpenCV Error: Assertion failed (ssize.width > 0 && ssize.height > 0) in resize, file /io/opencv/modules/imgproc/src/imgwarp.cpp, line 3492
OpenCV Error: Assertion failed (ssize.width > 0 && ssize.height > 0) in resize, file /io/opencv/modules/imgproc/src/imgwarp.cpp, line 3492
OpenCV Error: Assertion failed (ssize.width > 0 && ssize.height > 0) in resize, file /io/opencv/modules/imgproc/src/imgwarp.cpp, line 3492
Premature end of JPEG file
OpenCV Error: Assertion failed (ssize.width > 0 && ssize.height > 0) in resize, file /io/opencv/modules/imgproc/src/imgwarp.cpp, line 3492
Premature end of JPEG file
OpenCV Error: Assertion failed (ssize.width > 0 && ssize.height > 0) in resize, file /io/opencv/modules/imgproc/src/imgwarp.cpp, line 3492
OpenCV Error: Assertion failed (ssize.width > 0 && ssize.height > 0) in resize, file /io/opencv/modules/imgproc/src/imgwarp.cpp, line 3492
OpenCV Error: Assertion failed (ssize.width > 0 && ssize.height > 0) in resize, file /io/opencv/modules/imgproc/src/imgwarp.cpp, line 3492
OpenCV Error: Assertion failed (ssize.width > 0 && ssize.height > 0) in resize, file /io/opencv/modules/imgproc/src/imgwarp.cpp, line 3492
Premature end of JPEG file
Premature end of JPEG file
OpenCV Error: Assertion failed (ssize.width > 0 && ssize.height > 0) in resize, file /io/opencv/modules/imgproc/src/imgwarp.cpp, line 3492
OpenCV Error: Assertion failed (ssize.width > 0 && ssize.height > 0) in resize, file /io/opencv/modules/imgproc/src/imgwarp.cpp, line 3492
OpenCV Error: Assertion failed (ssize.width > 0 && ssize.height > 0) in resize, file /io/opencv/modules/imgproc/src/imgwarp.cpp, line 3492
Premature end of JPEG file
OpenCV Error: Assertion failed (ssize.width > 0 && ssize.height > 0) in resize, file /io/opencv/modules/imgproc/src/imgwarp.cpp, line 3492
OpenCV Error: Assertion failed (ssize.width > 0 && ssize.height > 0) in resize, file /io/opencv/modules/imgproc/src/imgwarp.cpp, line 3492
Premature end of JPEG file
OpenCV Error: Assertion failed (ssize.width > 0 && ssize.height > 0) in resize, file /io/opencv/modules/imgproc/src/imgwarp.cpp, line 3492
OpenCV Error: Assertion failed (ssize.width > 0 && ssize.height > 0) in resize, file /io/opencv/modules/imgproc/src/imgwarp.cpp, line 3492
OpenCV Error: Assertion failed (ssize.width > 0 && ssize.height > 0) in resize, file /io/opencv/modules/imgproc/src/imgwarp.cpp, line 3492
OpenCV Error: Assertion failed (ssize.width > 0 && ssize.height > 0) in resize, file /io/opencv/modules/imgproc/src/imgwarp.cpp, line 3492
OpenCV Error: Assertion failed (ssize.width > 0 && ssize.height > 0) in resize, file /io/opencv/modules/imgproc/src/imgwarp.cpp, line 3492
OpenCV Error: Assertion failed (ssize.width > 0 && ssize.height > 0) in resize, file /io/opencv/modules/imgproc/src/imgwarp.cpp, line 3492
OpenCV Error: Assertion failed (ssize.width > 0 && ssize.height > 0) in resize, file /io/opencv/modules/imgproc/src/imgwarp.cpp, line 3492
OpenCV Error: Assertion failed (ssize.width > 0 && ssize.height > 0) in resize, file /io/opencv/modules/imgproc/src/imgwarp.cpp, line 3492
Premature end of JPEG file
OpenCV Error: Assertion failed (ssize.width > 0 && ssize.height > 0) in resize, file /io/opencv/modules/imgproc/src/imgwarp.cpp, line 3492
OpenCV Error: Assertion failed (ssize.width > 0 && ssize.height > 0) in resize, file /io/opencv/modules/imgproc/src/imgwarp.cpp, line 3492
OpenCV Error: Assertion failed (ssize.width > 0 && ssize.height > 0) in resize, file /io/opencv/modules/imgproc/src/imgwarp.cpp, line 3492
OpenCV Error: Assertion failed (ssize.width > 0 && ssize.height > 0) in resize, file /io/opencv/modules/imgproc/src/imgwarp.cpp, line 3492
OpenCV Error: Assertion failed (ssize.width > 0 && ssize.height > 0) in resize, file /io/opencv/modules/imgproc/src/imgwarp.cpp, line 3492
OpenCV Error: Assertion failed (ssize.width > 0 && ssize.height > 0) in resize, file /io/opencv/modules/imgproc/src/imgwarp.cpp, line 3492
OpenCV Error: Assertion failed (ssize.width > 0 && ssize.height > 0) in resize, file /io/opencv/modules/imgproc/src/imgwarp.cpp, line 3492
OpenCV Error: Assertion failed (ssize.width > 0 && ssize.height > 0) in resize, file /io/opencv/modules/imgproc/src/imgwarp.cpp, line 3492
OpenCV Error: Assertion failed (ssize.width > 0 && ssize.height > 0) in resize, file /io/opencv/modules/imgproc/src/imgwarp.cpp, line 3492
OpenCV Error: Assertion failed (ssize.width > 0 && ssize.height > 0) in resize, file /io/opencv/modules/imgproc/src/imgwarp.cpp, line 3492
OpenCV Error: Assertion failed (ssize.width > 0 && ssize.height > 0) in resize, file /io/opencv/modules/imgproc/src/imgwarp.cpp, line 3492
OpenCV Error: Assertion failed (ssize.width > 0 && ssize.height > 0) in resize, file /io/opencv/modules/imgproc/src/imgwarp.cpp, line 3492
OpenCV Error: Assertion failed (ssize.width > 0 && ssize.height > 0) in resize, file /io/opencv/modules/imgproc/src/imgwarp.cpp, line 3492
OpenCV Error: Assertion failed (ssize.width > 0 && ssize.height > 0) in resize, file /io/opencv/modules/imgproc/src/imgwarp.cpp, line 3492
OpenCV Error: Assertion failed (ssize.width > 0 && ssize.height > 0) in resize, file /io/opencv/modules/imgproc/src/imgwarp.cpp, line 3492
OpenCV Error: Assertion failed (ssize.width > 0 && ssize.height > 0) in resize, file /io/opencv/modules/imgproc/src/imgwarp.cpp, line 3492
OpenCV Error: Assertion failed (ssize.width > 0 && ssize.height > 0) in resize, file /io/opencv/modules/imgproc/src/imgwarp.cpp, line 3492
OpenCV Error: Assertion failed (ssize.width > 0 && ssize.height > 0) in resize, file /io/opencv/modules/imgproc/src/imgwarp.cpp, line 3492
OpenCV Error: Assertion failed (ssize.width > 0 && ssize.height > 0) in resize, file /io/opencv/modules/imgproc/src/imgwarp.cpp, line 3492
OpenCV Error: Assertion failed (ssize.width > 0 && ssize.height > 0) in resize, file /io/opencv/modules/imgproc/src/imgwarp.cpp, line 3492
Premature end of JPEG file
OpenCV Error: Assertion failed (ssize.width > 0 && ssize.height > 0) in resize, file /io/opencv/modules/imgproc/src/imgwarp.cpp, line 3492
OpenCV Error: Assertion failed (ssize.width > 0 && ssize.height > 0) in resize, file /io/opencv/modules/imgproc/src/imgwarp.cpp, line 3492
OpenCV Error: Assertion failed (ssize.width > 0 && ssize.height > 0) in resize, file /io/opencv/modules/imgproc/src/imgwarp.cpp, line 3492
OpenCV Error: Assertion failed (ssize.width > 0 && ssize.height > 0) in resize, file /io/opencv/modules/imgproc/src/imgwarp.cpp, line 3492
OpenCV Error: Assertion failed (ssize.width > 0 && ssize.height > 0) in resize, file /io/opencv/modules/imgproc/src/imgwarp.cpp, line 3492
OpenCV Error: Assertion failed (ssize.width > 0 && ssize.height > 0) in resize, file /io/opencv/modules/imgproc/src/imgwarp.cpp, line 3492
OpenCV Error: Assertion failed (ssize.width > 0 && ssize.height > 0) in resize, file /io/opencv/modules/imgproc/src/imgwarp.cpp, line 3492
Premature end of JPEG file
OpenCV Error: Assertion failed (ssize.width > 0 && ssize.height > 0) in resize, file /io/opencv/modules/imgproc/src/imgwarp.cpp, line 3492
OpenCV Error: Assertion failed (ssize.width > 0 && ssize.height > 0) in resize, file /io/opencv/modules/imgproc/src/imgwarp.cpp, line 3492
OpenCV Error: Assertion failed (ssize.width > 0 && ssize.height > 0) in resize, file /io/opencv/modules/imgproc/src/imgwarp.cpp, line 3492
OpenCV Error: Assertion failed (ssize.width > 0 && ssize.height > 0) in resize, file /io/opencv/modules/imgproc/src/imgwarp.cpp, line 3492
OpenCV Error: Assertion failed (ssize.width > 0 && ssize.height > 0) in resize, file /io/opencv/modules/imgproc/src/imgwarp.cpp, line 3492
OpenCV Error: Assertion failed (ssize.width > 0 && ssize.height > 0) in resize, file /io/opencv/modules/imgproc/src/imgwarp.cpp, line 3492
OpenCV Error: Assertion failed (ssize.width > 0 && ssize.height > 0) in resize, file /io/opencv/modules/imgproc/src/imgwarp.cpp, line 3492
Premature end of JPEG file
OpenCV Error: Assertion failed (ssize.width > 0 && ssize.height > 0) in resize, file /io/opencv/modules/imgproc/src/imgwarp.cpp, line 3492
Premature end of JPEG file
OpenCV Error: Assertion failed (ssize.width > 0 && ssize.height > 0) in resize, file /io/opencv/modules/imgproc/src/imgwarp.cpp, line 3492
Premature end of JPEG file
OpenCV Error: Assertion failed (ssize.width > 0 && ssize.height > 0) in resize, file /io/opencv/modules/imgproc/src/imgwarp.cpp, line 3492
Premature end of JPEG file
OpenCV Error: Assertion failed (ssize.width > 0 && ssize.height > 0) in resize, file /io/opencv/modules/imgproc/src/imgwarp.cpp, line 3492
OpenCV Error: Assertion failed (ssize.width > 0 && ssize.height > 0) in resize, file /io/opencv/modules/imgproc/src/imgwarp.cpp, line 3492
OpenCV Error: Assertion failed (ssize.width > 0 && ssize.height > 0) in resize, file /io/opencv/modules/imgproc/src/imgwarp.cpp, line 3492
Premature end of JPEG file
Premature end of JPEG file
OpenCV Error: Assertion failed (ssize.width > 0 && ssize.height > 0) in resize, file /io/opencv/modules/imgproc/src/imgwarp.cpp, line 3492
OpenCV Error: Assertion failed (ssize.width > 0 && ssize.height > 0) in resize, file /io/opencv/modules/imgproc/src/imgwarp.cpp, line 3492
OpenCV Error: Assertion failed (ssize.width > 0 && ssize.height > 0) in resize, file /io/opencv/modules/imgproc/src/imgwarp.cpp, line 3492
Premature end of JPEG file
OpenCV Error: Assertion failed (ssize.width > 0 && ssize.height > 0) in resize, file /io/opencv/modules/imgproc/src/imgwarp.cpp, line 3492
Premature end of JPEG file
Premature end of JPEG file
OpenCV Error: Assertion failed (ssize.width > 0 && ssize.height > 0) in resize, file /io/opencv/modules/imgproc/src/imgwarp.cpp, line 3492
Premature end of JPEG file
Premature end of JPEG file
Premature end of JPEG file
Premature end of JPEG file
OpenCV Error: Assertion failed (ssize.width > 0 && ssize.height > 0) in resize, file /io/opencv/modules/imgproc/src/imgwarp.cpp, line 3492
Premature end of JPEG file
OpenCV Error: Assertion failed (ssize.width > 0 && ssize.height > 0) in resize, file /io/opencv/modules/imgproc/src/imgwarp.cpp, line 3492
OpenCV Error: Assertion failed (ssize.width > 0 && ssize.height > 0) in resize, file /io/opencv/modules/imgproc/src/imgwarp.cpp, line 3492
OpenCV Error: Assertion failed (ssize.width > 0 && ssize.height > 0) in resize, file /io/opencv/modules/imgproc/src/imgwarp.cpp, line 3492
OpenCV Error: Assertion failed (ssize.width > 0 && ssize.height > 0) in resize, file /io/opencv/modules/imgproc/src/imgwarp.cpp, line 3492
OpenCV Error: Assertion failed (ssize.width > 0 && ssize.height > 0) in resize, file /io/opencv/modules/imgproc/src/imgwarp.cpp, line 3492
OpenCV Error: Assertion failed (ssize.width > 0 && ssize.height > 0) in resize, file /io/opencv/modules/imgproc/src/imgwarp.cpp, line 3492
Premature end of JPEG file
OpenCV Error: Assertion failed (ssize.width > 0 && ssize.height > 0) in resize, file /io/opencv/modules/imgproc/src/imgwarp.cpp, line 3492
OpenCV Error: Assertion failed (ssize.width > 0 && ssize.height > 0) in resize, file /io/opencv/modules/imgproc/src/imgwarp.cpp, line 3492
Premature end of JPEG file
OpenCV Error: Assertion failed (ssize.width > 0 && ssize.height > 0) in resize, file /io/opencv/modules/imgproc/src/imgwarp.cpp, line 3492
OpenCV Error: Assertion failed (ssize.width > 0 && ssize.height > 0) in resize, file /io/opencv/modules/imgproc/src/imgwarp.cpp, line 3492
OpenCV Error: Assertion failed (ssize.width > 0 && ssize.height > 0) in resize, file /io/opencv/modules/imgproc/src/imgwarp.cpp, line 3492
OpenCV Error: Assertion failed (ssize.width > 0 && ssize.height > 0) in resize, file /io/opencv/modules/imgproc/src/imgwarp.cpp, line 3492
OpenCV Error: Assertion failed (ssize.width > 0 && ssize.height > 0) in resize, file /io/opencv/modules/imgproc/src/imgwarp.cpp, line 3492
OpenCV Error: Assertion failed (ssize.width > 0 && ssize.height > 0) in resize, file /io/opencv/modules/imgproc/src/imgwarp.cpp, line 3492
OpenCV Error: Assertion failed (ssize.width > 0 && ssize.height > 0) in resize, file /io/opencv/modules/imgproc/src/imgwarp.cpp, line 3492
OpenCV Error: Assertion failed (ssize.width > 0 && ssize.height > 0) in resize, file /io/opencv/modules/imgproc/src/imgwarp.cpp, line 3492
OpenCV Error: Assertion failed (ssize.width > 0 && ssize.height > 0) in resize, file /io/opencv/modules/imgproc/src/imgwarp.cpp, line 3492
Premature end of JPEG file
OpenCV Error: Assertion failed (ssize.width > 0 && ssize.height > 0) in resize, file /io/opencv/modules/imgproc/src/imgwarp.cpp, line 3492
Premature end of JPEG file
OpenCV Error: Assertion failed (ssize.width > 0 && ssize.height > 0) in resize, file /io/opencv/modules/imgproc/src/imgwarp.cpp, line 3492
OpenCV Error: Assertion failed (ssize.width > 0 && ssize.height > 0) in resize, file /io/opencv/modules/imgproc/src/imgwarp.cpp, line 3492
OpenCV Error: Assertion failed (ssize.width > 0 && ssize.height > 0) in resize, file /io/opencv/modules/imgproc/src/imgwarp.cpp, line 3492
OpenCV Error: Assertion failed (ssize.width > 0 && ssize.height > 0) in resize, file /io/opencv/modules/imgproc/src/imgwarp.cpp, line 3492
OpenCV Error: Assertion failed (ssize.width > 0 && ssize.height > 0) in resize, file /io/opencv/modules/imgproc/src/imgwarp.cpp, line 3492
OpenCV Error: Assertion failed (ssize.width > 0 && ssize.height > 0) in resize, file /io/opencv/modules/imgproc/src/imgwarp.cpp, line 3492
OpenCV Error: Assertion failed (ssize.width > 0 && ssize.height > 0) in resize, file /io/opencv/modules/imgproc/src/imgwarp.cpp, line 3492
OpenCV Error: Assertion failed (ssize.width > 0 && ssize.height > 0) in resize, file /io/opencv/modules/imgproc/src/imgwarp.cpp, line 3492
OpenCV Error: Assertion failed (ssize.width > 0 && ssize.height > 0) in resize, file /io/opencv/modules/imgproc/src/imgwarp.cpp, line 3492
Premature end of JPEG file
OpenCV Error: Assertion failed (ssize.width > 0 && ssize.height > 0) in resize, file /io/opencv/modules/imgproc/src/imgwarp.cpp, line 3492
OpenCV Error: Assertion failed (ssize.width > 0 && ssize.height > 0) in resize, file /io/opencv/modules/imgproc/src/imgwarp.cpp, line 3492
OpenCV Error: Assertion failed (ssize.width > 0 && ssize.height > 0) in resize, file /io/opencv/modules/imgproc/src/imgwarp.cpp, line 3492
OpenCV Error: Assertion failed (ssize.width > 0 && ssize.height > 0) in resize, file /io/opencv/modules/imgproc/src/imgwarp.cpp, line 3492
OpenCV Error: Assertion failed (ssize.width > 0 && ssize.height > 0) in resize, file /io/opencv/modules/imgproc/src/imgwarp.cpp, line 3492
OpenCV Error: Assertion failed (ssize.width > 0 && ssize.height > 0) in resize, file /io/opencv/modules/imgproc/src/imgwarp.cpp, line 3492
OpenCV Error: Assertion failed (ssize.width > 0 && ssize.height > 0) in resize, file /io/opencv/modules/imgproc/src/imgwarp.cpp, line 3492
Premature end of JPEG file
OpenCV Error: Assertion failed (ssize.width > 0 && ssize.height > 0) in resize, file /io/opencv/modules/imgproc/src/imgwarp.cpp, line 3492
OpenCV Error: Assertion failed (ssize.width > 0 && ssize.height > 0) in resize, file /io/opencv/modules/imgproc/src/imgwarp.cpp, line 3492
OpenCV Error: Assertion failed (ssize.width > 0 && ssize.height > 0) in resize, file /io/opencv/modules/imgproc/src/imgwarp.cpp, line 3492
OpenCV Error: Assertion failed (ssize.width > 0 && ssize.height > 0) in resize, file /io/opencv/modules/imgproc/src/imgwarp.cpp, line 3492
OpenCV Error: Assertion failed (ssize.width > 0 && ssize.height > 0) in resize, file /io/opencv/modules/imgproc/src/imgwarp.cpp, line 3492
OpenCV Error: Assertion failed (ssize.width > 0 && ssize.height > 0) in resize, file /io/opencv/modules/imgproc/src/imgwarp.cpp, line 3492
OpenCV Error: Assertion failed (ssize.width > 0 && ssize.height > 0) in resize, file /io/opencv/modules/imgproc/src/imgwarp.cpp, line 3492
OpenCV Error: Assertion failed (ssize.width > 0 && ssize.height > 0) in resize, file /io/opencv/modules/imgproc/src/imgwarp.cpp, line 3492
Premature end of JPEG file
OpenCV Error: Assertion failed (ssize.width > 0 && ssize.height > 0) in resize, file /io/opencv/modules/imgproc/src/imgwarp.cpp, line 3492
OpenCV Error: Assertion failed (ssize.width > 0 && ssize.height > 0) in resize, file /io/opencv/modules/imgproc/src/imgwarp.cpp, line 3492
Premature end of JPEG file
OpenCV Error: Assertion failed (ssize.width > 0 && ssize.height > 0) in resize, file /io/opencv/modules/imgproc/src/imgwarp.cpp, line 3492
OpenCV Error: Assertion failed (ssize.width > 0 && ssize.height > 0) in resize, file /io/opencv/modules/imgproc/src/imgwarp.cpp, line 3492
OpenCV Error: Assertion failed (ssize.width > 0 && ssize.height > 0) in resize, file /io/opencv/modules/imgproc/src/imgwarp.cpp, line 3492
OpenCV Error: Assertion failed (ssize.width > 0 && ssize.height > 0) in resize, file /io/opencv/modules/imgproc/src/imgwarp.cpp, line 3492
OpenCV Error: Assertion failed (ssize.width > 0 && ssize.height > 0) in resize, file /io/opencv/modules/imgproc/src/imgwarp.cpp, line 3492
Premature end of JPEG file
OpenCV Error: Assertion failed (ssize.width > 0 && ssize.height > 0) in resize, file /io/opencv/modules/imgproc/src/imgwarp.cpp, line 3492
OpenCV Error: Assertion failed (ssize.width > 0 && ssize.height > 0) in resize, file /io/opencv/modules/imgproc/src/imgwarp.cpp, line 3492
OpenCV Error: Assertion failed (ssize.width > 0 && ssize.height > 0) in resize, file /io/opencv/modules/imgproc/src/imgwarp.cpp, line 3492
OpenCV Error: Assertion failed (ssize.width > 0 && ssize.height > 0) in resize, file /io/opencv/modules/imgproc/src/imgwarp.cpp, line 3492
Premature end of JPEG file
OpenCV Error: Assertion failed (ssize.width > 0 && ssize.height > 0) in resize, file /io/opencv/modules/imgproc/src/imgwarp.cpp, line 3492
OpenCV Error: Assertion failed (ssize.width > 0 && ssize.height > 0) in resize, file /io/opencv/modules/imgproc/src/imgwarp.cpp, line 3492
OpenCV Error: Assertion failed (ssize.width > 0 && ssize.height > 0) in resize, file /io/opencv/modules/imgproc/src/imgwarp.cpp, line 3492
OpenCV Error: Assertion failed (ssize.width > 0 && ssize.height > 0) in resize, file /io/opencv/modules/imgproc/src/imgwarp.cpp, line 3492
OpenCV Error: Assertion failed (ssize.width > 0 && ssize.height > 0) in resize, file /io/opencv/modules/imgproc/src/imgwarp.cpp, line 3492
OpenCV Error: Assertion failed (ssize.width > 0 && ssize.height > 0) in resize, file /io/opencv/modules/imgproc/src/imgwarp.cpp, line 3492
OpenCV Error: Assertion failed (ssize.width > 0 && ssize.height > 0) in resize, file /io/opencv/modules/imgproc/src/imgwarp.cpp, line 3492
OpenCV Error: Assertion failed (ssize.width > 0 && ssize.height > 0) in resize, file /io/opencv/modules/imgproc/src/imgwarp.cpp, line 3492
OpenCV Error: Assertion failed (ssize.width > 0 && ssize.height > 0) in resize, file /io/opencv/modules/imgproc/src/imgwarp.cpp, line 3492
OpenCV Error: Assertion failed (ssize.width > 0 && ssize.height > 0) in resize, file /io/opencv/modules/imgproc/src/imgwarp.cpp, line 3492
Premature end of JPEG file
OpenCV Error: Assertion failed (ssize.width > 0 && ssize.height > 0) in resize, file /io/opencv/modules/imgproc/src/imgwarp.cpp, line 3492
OpenCV Error: Assertion failed (ssize.width > 0 && ssize.height > 0) in resize, file /io/opencv/modules/imgproc/src/imgwarp.cpp, line 3492
OpenCV Error: Assertion failed (ssize.width > 0 && ssize.height > 0) in resize, file /io/opencv/modules/imgproc/src/imgwarp.cpp, line 3492
OpenCV Error: Assertion failed (ssize.width > 0 && ssize.height > 0) in resize, file /io/opencv/modules/imgproc/src/imgwarp.cpp, line 3492
OpenCV Error: Assertion failed (ssize.width > 0 && ssize.height > 0) in resize, file /io/opencv/modules/imgproc/src/imgwarp.cpp, line 3492
OpenCV Error: Assertion failed (ssize.width > 0 && ssize.height > 0) in resize, file /io/opencv/modules/imgproc/src/imgwarp.cpp, line 3492
Premature end of JPEG file
OpenCV Error: Assertion failed (ssize.width > 0 && ssize.height > 0) in resize, file /io/opencv/modules/imgproc/src/imgwarp.cpp, line 3492
OpenCV Error: Assertion failed (ssize.width > 0 && ssize.height > 0) in resize, file /io/opencv/modules/imgproc/src/imgwarp.cpp, line 3492
OpenCV Error: Assertion failed (ssize.width > 0 && ssize.height > 0) in resize, file /io/opencv/modules/imgproc/src/imgwarp.cpp, line 3492
OpenCV Error: Assertion failed (ssize.width > 0 && ssize.height > 0) in resize, file /io/opencv/modules/imgproc/src/imgwarp.cpp, line 3492
OpenCV Error: Assertion failed (ssize.width > 0 && ssize.height > 0) in resize, file /io/opencv/modules/imgproc/src/imgwarp.cpp, line 3492
Premature end of JPEG file
OpenCV Error: Assertion failed (ssize.width > 0 && ssize.height > 0) in resize, file /io/opencv/modules/imgproc/src/imgwarp.cpp, line 3492
OpenCV Error: Assertion failed (ssize.width > 0 && ssize.height > 0) in resize, file /io/opencv/modules/imgproc/src/imgwarp.cpp, line 3492
OpenCV Error: Assertion failed (ssize.width > 0 && ssize.height > 0) in resize, file /io/opencv/modules/imgproc/src/imgwarp.cpp, line 3492
Premature end of JPEG file
OpenCV Error: Assertion failed (ssize.width > 0 && ssize.height > 0) in resize, file /io/opencv/modules/imgproc/src/imgwarp.cpp, line 3492
OpenCV Error: Assertion failed (ssize.width > 0 && ssize.height > 0) in resize, file /io/opencv/modules/imgproc/src/imgwarp.cpp, line 3492
OpenCV Error: Assertion failed (ssize.width > 0 && ssize.height > 0) in resize, file /io/opencv/modules/imgproc/src/imgwarp.cpp, line 3492
OpenCV Error: Assertion failed (ssize.width > 0 && ssize.height > 0) in resize, file /io/opencv/modules/imgproc/src/imgwarp.cpp, line 3492
OpenCV Error: Assertion failed (ssize.width > 0 && ssize.height > 0) in resize, file /io/opencv/modules/imgproc/src/imgwarp.cpp, line 3492
Premature end of JPEG file
OpenCV Error: Assertion failed (ssize.width > 0 && ssize.height > 0) in resize, file /io/opencv/modules/imgproc/src/imgwarp.cpp, line 3492
Premature end of JPEG file
OpenCV Error: Assertion failed (ssize.width > 0 && ssize.height > 0) in resize, file /io/opencv/modules/imgproc/src/imgwarp.cpp, line 3492
OpenCV Error: Assertion failed (ssize.width > 0 && ssize.height > 0) in resize, file /io/opencv/modules/imgproc/src/imgwarp.cpp, line 3492
OpenCV Error: Assertion failed (ssize.width > 0 && ssize.height > 0) in resize, file /io/opencv/modules/imgproc/src/imgwarp.cpp, line 3492
OpenCV Error: Assertion failed (ssize.width > 0 && ssize.height > 0) in resize, file /io/opencv/modules/imgproc/src/imgwarp.cpp, line 3492
OpenCV Error: Assertion failed (ssize.width > 0 && ssize.height > 0) in resize, file /io/opencv/modules/imgproc/src/imgwarp.cpp, line 3492
OpenCV Error: Assertion failed (ssize.width > 0 && ssize.height > 0) in resize, file /io/opencv/modules/imgproc/src/imgwarp.cpp, line 3492
OpenCV Error: Assertion failed (ssize.width > 0 && ssize.height > 0) in resize, file /io/opencv/modules/imgproc/src/imgwarp.cpp, line 3492
OpenCV Error: Assertion failed (ssize.width > 0 && ssize.height > 0) in resize, file /io/opencv/modules/imgproc/src/imgwarp.cpp, line 3492
OpenCV Error: Assertion failed (ssize.width > 0 && ssize.height > 0) in resize, file /io/opencv/modules/imgproc/src/imgwarp.cpp, line 3492
OpenCV Error: Assertion failed (ssize.width > 0 && ssize.height > 0) in resize, file /io/opencv/modules/imgproc/src/imgwarp.cpp, line 3492
OpenCV Error: Assertion failed (ssize.width > 0 && ssize.height > 0) in resize, file /io/opencv/modules/imgproc/src/imgwarp.cpp, line 3492
OpenCV Error: Assertion failed (ssize.width > 0 && ssize.height > 0) in resize, file /io/opencv/modules/imgproc/src/imgwarp.cpp, line 3492
OpenCV Error: Assertion failed (ssize.width > 0 && ssize.height > 0) in resize, file /io/opencv/modules/imgproc/src/imgwarp.cpp, line 3492
OpenCV Error: Assertion failed (ssize.width > 0 && ssize.height > 0) in resize, file /io/opencv/modules/imgproc/src/imgwarp.cpp, line 3492
OpenCV Error: Assertion failed (ssize.width > 0 && ssize.height > 0) in resize, file /io/opencv/modules/imgproc/src/imgwarp.cpp, line 3492
OpenCV Error: Assertion failed (ssize.width > 0 && ssize.height > 0) in resize, file /io/opencv/modules/imgproc/src/imgwarp.cpp, line 3492
OpenCV Error: Assertion failed (ssize.width > 0 && ssize.height > 0) in resize, file /io/opencv/modules/imgproc/src/imgwarp.cpp, line 3492
OpenCV Error: Assertion failed (ssize.width > 0 && ssize.height > 0) in resize, file /io/opencv/modules/imgproc/src/imgwarp.cpp, line 3492
OpenCV Error: Assertion failed (ssize.width > 0 && ssize.height > 0) in resize, file /io/opencv/modules/imgproc/src/imgwarp.cpp, line 3492
OpenCV Error: Assertion failed (ssize.width > 0 && ssize.height > 0) in resize, file /io/opencv/modules/imgproc/src/imgwarp.cpp, line 3492
Premature end of JPEG file
Premature end of JPEG file
OpenCV Error: Assertion failed (ssize.width > 0 && ssize.height > 0) in resize, file /io/opencv/modules/imgproc/src/imgwarp.cpp, line 3492
OpenCV Error: Assertion failed (ssize.width > 0 && ssize.height > 0) in resize, file /io/opencv/modules/imgproc/src/imgwarp.cpp, line 3492
OpenCV Error: Assertion failed (ssize.width > 0 && ssize.height > 0) in resize, file /io/opencv/modules/imgproc/src/imgwarp.cpp, line 3492
OpenCV Error: Assertion failed (ssize.width > 0 && ssize.height > 0) in resize, file /io/opencv/modules/imgproc/src/imgwarp.cpp, line 3492
OpenCV Error: Assertion failed (ssize.width > 0 && ssize.height > 0) in resize, file /io/opencv/modules/imgproc/src/imgwarp.cpp, line 3492
OpenCV Error: Assertion failed (ssize.width > 0 && ssize.height > 0) in resize, file /io/opencv/modules/imgproc/src/imgwarp.cpp, line 3492
OpenCV Error: Assertion failed (ssize.width > 0 && ssize.height > 0) in resize, file /io/opencv/modules/imgproc/src/imgwarp.cpp, line 3492
OpenCV Error: Assertion failed (ssize.width > 0 && ssize.height > 0) in resize, file /io/opencv/modules/imgproc/src/imgwarp.cpp, line 3492
OpenCV Error: Assertion failed (ssize.width > 0 && ssize.height > 0) in resize, file /io/opencv/modules/imgproc/src/imgwarp.cpp, line 3492
OpenCV Error: Assertion failed (ssize.width > 0 && ssize.height > 0) in resize, file /io/opencv/modules/imgproc/src/imgwarp.cpp, line 3492
OpenCV Error: Assertion failed (ssize.width > 0 && ssize.height > 0) in resize, file /io/opencv/modules/imgproc/src/imgwarp.cpp, line 3492
OpenCV Error: Assertion failed (ssize.width > 0 && ssize.height > 0) in resize, file /io/opencv/modules/imgproc/src/imgwarp.cpp, line 3492
Premature end of JPEG file
OpenCV Error: Assertion failed (ssize.width > 0 && ssize.height > 0) in resize, file /io/opencv/modules/imgproc/src/imgwarp.cpp, line 3492
OpenCV Error: Assertion failed (ssize.width > 0 && ssize.height > 0) in resize, file /io/opencv/modules/imgproc/src/imgwarp.cpp, line 3492
OpenCV Error: Assertion failed (ssize.width > 0 && ssize.height > 0) in resize, file /io/opencv/modules/imgproc/src/imgwarp.cpp, line 3492
OpenCV Error: Assertion failed (ssize.width > 0 && ssize.height > 0) in resize, file /io/opencv/modules/imgproc/src/imgwarp.cpp, line 3492
OpenCV Error: Assertion failed (ssize.width > 0 && ssize.height > 0) in resize, file /io/opencv/modules/imgproc/src/imgwarp.cpp, line 3492
OpenCV Error: Assertion failed (ssize.width > 0 && ssize.height > 0) in resize, file /io/opencv/modules/imgproc/src/imgwarp.cpp, line 3492
Premature end of JPEG file
OpenCV Error: Assertion failed (ssize.width > 0 && ssize.height > 0) in resize, file /io/opencv/modules/imgproc/src/imgwarp.cpp, line 3492
OpenCV Error: Assertion failed (ssize.width > 0 && ssize.height > 0) in resize, file /io/opencv/modules/imgproc/src/imgwarp.cpp, line 3492
Premature end of JPEG file
OpenCV Error: Assertion failed (ssize.width > 0 && ssize.height > 0) in resize, file /io/opencv/modules/imgproc/src/imgwarp.cpp, line 3492
OpenCV Error: Assertion failed (ssize.width > 0 && ssize.height > 0) in resize, file /io/opencv/modules/imgproc/src/imgwarp.cpp, line 3492
OpenCV Error: Assertion failed (ssize.width > 0 && ssize.height > 0) in resize, file /io/opencv/modules/imgproc/src/imgwarp.cpp, line 3492
OpenCV Error: Assertion failed (ssize.width > 0 && ssize.height > 0) in resize, file /io/opencv/modules/imgproc/src/imgwarp.cpp, line 3492
OpenCV Error: Assertion failed (ssize.width > 0 && ssize.height > 0) in resize, file /io/opencv/modules/imgproc/src/imgwarp.cpp, line 3492
OpenCV Error: Assertion failed (ssize.width > 0 && ssize.height > 0) in resize, file /io/opencv/modules/imgproc/src/imgwarp.cpp, line 3492
OpenCV Error: Assertion failed (ssize.width > 0 && ssize.height > 0) in resize, file /io/opencv/modules/imgproc/src/imgwarp.cpp, line 3492
OpenCV Error: Assertion failed (ssize.width > 0 && ssize.height > 0) in resize, file /io/opencv/modules/imgproc/src/imgwarp.cpp, line 3492
OpenCV Error: Assertion failed (ssize.width > 0 && ssize.height > 0) in resize, file /io/opencv/modules/imgproc/src/imgwarp.cpp, line 3492
OpenCV Error: Assertion failed (ssize.width > 0 && ssize.height > 0) in resize, file /io/opencv/modules/imgproc/src/imgwarp.cpp, line 3492
OpenCV Error: Assertion failed (ssize.width > 0 && ssize.height > 0) in resize, file /io/opencv/modules/imgproc/src/imgwarp.cpp, line 3492
OpenCV Error: Assertion failed (ssize.width > 0 && ssize.height > 0) in resize, file /io/opencv/modules/imgproc/src/imgwarp.cpp, line 3492
Premature end of JPEG file
OpenCV Error: Assertion failed (ssize.width > 0 && ssize.height > 0) in resize, file /io/opencv/modules/imgproc/src/imgwarp.cpp, line 3492
OpenCV Error: Assertion failed (ssize.width > 0 && ssize.height > 0) in resize, file /io/opencv/modules/imgproc/src/imgwarp.cpp, line 3492
Premature end of JPEG file
OpenCV Error: Assertion failed (ssize.width > 0 && ssize.height > 0) in resize, file /io/opencv/modules/imgproc/src/imgwarp.cpp, line 3492
OpenCV Error: Assertion failed (ssize.width > 0 && ssize.height > 0) in resize, file /io/opencv/modules/imgproc/src/imgwarp.cpp, line 3492
OpenCV Error: Assertion failed (ssize.width > 0 && ssize.height > 0) in resize, file /io/opencv/modules/imgproc/src/imgwarp.cpp, line 3492
OpenCV Error: Assertion failed (ssize.width > 0 && ssize.height > 0) in resize, file /io/opencv/modules/imgproc/src/imgwarp.cpp, line 3492
OpenCV Error: Assertion failed (ssize.width > 0 && ssize.height > 0) in resize, file /io/opencv/modules/imgproc/src/imgwarp.cpp, line 3492
OpenCV Error: Assertion failed (ssize.width > 0 && ssize.height > 0) in resize, file /io/opencv/modules/imgproc/src/imgwarp.cpp, line 3492
OpenCV Error: Assertion failed (ssize.width > 0 && ssize.height > 0) in resize, file /io/opencv/modules/imgproc/src/imgwarp.cpp, line 3492
OpenCV Error: Assertion failed (ssize.width > 0 && ssize.height > 0) in resize, file /io/opencv/modules/imgproc/src/imgwarp.cpp, line 3492
OpenCV Error: Assertion failed (ssize.width > 0 && ssize.height > 0) in resize, file /io/opencv/modules/imgproc/src/imgwarp.cpp, line 3492
Premature end of JPEG file
OpenCV Error: Assertion failed (ssize.width > 0 && ssize.height > 0) in resize, file /io/opencv/modules/imgproc/src/imgwarp.cpp, line 3492
OpenCV Error: Assertion failed (ssize.width > 0 && ssize.height > 0) in resize, file /io/opencv/modules/imgproc/src/imgwarp.cpp, line 3492
OpenCV Error: Assertion failed (ssize.width > 0 && ssize.height > 0) in resize, file /io/opencv/modules/imgproc/src/imgwarp.cpp, line 3492
OpenCV Error: Assertion failed (ssize.width > 0 && ssize.height > 0) in resize, file /io/opencv/modules/imgproc/src/imgwarp.cpp, line 3492
Premature end of JPEG file
OpenCV Error: Assertion failed (ssize.width > 0 && ssize.height > 0) in resize, file /io/opencv/modules/imgproc/src/imgwarp.cpp, line 3492
OpenCV Error: Assertion failed (ssize.width > 0 && ssize.height > 0) in resize, file /io/opencv/modules/imgproc/src/imgwarp.cpp, line 3492
OpenCV Error: Assertion failed (ssize.width > 0 && ssize.height > 0) in resize, file /io/opencv/modules/imgproc/src/imgwarp.cpp, line 3492
OpenCV Error: Assertion failed (ssize.width > 0 && ssize.height > 0) in resize, file /io/opencv/modules/imgproc/src/imgwarp.cpp, line 3492
OpenCV Error: Assertion failed (ssize.width > 0 && ssize.height > 0) in resize, file /io/opencv/modules/imgproc/src/imgwarp.cpp, line 3492
OpenCV Error: Assertion failed (ssize.width > 0 && ssize.height > 0) in resize, file /io/opencv/modules/imgproc/src/imgwarp.cpp, line 3492
OpenCV Error: Assertion failed (ssize.width > 0 && ssize.height > 0) in resize, file /io/opencv/modules/imgproc/src/imgwarp.cpp, line 3492
OpenCV Error: Assertion failed (ssize.width > 0 && ssize.height > 0) in resize, file /io/opencv/modules/imgproc/src/imgwarp.cpp, line 3492
OpenCV Error: Assertion failed (ssize.width > 0 && ssize.height > 0) in resize, file /io/opencv/modules/imgproc/src/imgwarp.cpp, line 3492
OpenCV Error: Assertion failed (ssize.width > 0 && ssize.height > 0) in resize, file /io/opencv/modules/imgproc/src/imgwarp.cpp, line 3492
OpenCV Error: Assertion failed (ssize.width > 0 && ssize.height > 0) in resize, file /io/opencv/modules/imgproc/src/imgwarp.cpp, line 3492
